

================================================================
== Vitis HLS Report for 'Compute_BConv_Pipeline_Systolic_Loop'
================================================================
* Date:           Mon Apr 13 22:58:13 2026

* Version:        2024.1 (Build 5069499 on May 21 2024)
* Project:        Solution
* Solution:       solution1 (Vivado IP Flow Target)
* Product family: virtexuplusHBM
* Target device:  xcu55c-fsvh2892-2L-e


================================================================
== Performance Estimates
================================================================
+ Timing: 
    * Summary: 
    +--------+---------+----------+------------+
    |  Clock |  Target | Estimated| Uncertainty|
    +--------+---------+----------+------------+
    |ap_clk  |  4.00 ns|  2.554 ns|     1.08 ns|
    +--------+---------+----------+------------+

+ Latency: 
    * Summary: 
    +---------+---------+-----------+-----------+------+------+-----------------------------------------------+
    |  Latency (cycles) |   Latency (absolute)  |   Interval  |                    Pipeline                   |
    |   min   |   max   |    min    |    max    |  min |  max |                      Type                     |
    +---------+---------+-----------+-----------+------+------+-----------------------------------------------+
    |     4444|     4444|  17.776 us|  17.776 us|  4104|  4104|  loop auto-rewind stp(delay=0 clock cycles(s))|
    +---------+---------+-----------+-----------+------+------+-----------------------------------------------+

    + Detail: 
        * Instance: 
        N/A

        * Loop: 
        +-----------------+---------+---------+----------+-----------+-----------+------+----------+
        |                 |  Latency (cycles) | Iteration|  Initiation Interval  | Trip |          |
        |    Loop Name    |   min   |   max   |  Latency |  achieved |   target  | Count| Pipelined|
        +-----------------+---------+---------+----------+-----------+-----------+------+----------+
        |- Systolic_Loop  |     4442|     4442|       341|          1|          1|  4103|       yes|
        +-----------------+---------+---------+----------+-----------+-----------+------+----------+



================================================================
== Utilization Estimates
================================================================
* Summary: 
+---------------------+---------+------+---------+---------+-----+
|         Name        | BRAM_18K|  DSP |    FF   |   LUT   | URAM|
+---------------------+---------+------+---------+---------+-----+
|DSP                  |        -|     -|        -|        -|    -|
|Expression           |        -|     -|        0|     1469|    -|
|FIFO                 |        -|     -|        -|        -|    -|
|Instance             |        -|     -|   259530|   198210|    -|
|Memory               |        -|     -|        -|        -|    -|
|Multiplexer          |        -|     -|        0|      306|    -|
|Register             |        -|     -|     7335|      256|    -|
+---------------------+---------+------+---------+---------+-----+
|Total                |        0|     0|   266865|   200241|    0|
+---------------------+---------+------+---------+---------+-----+
|Available SLR        |     1344|  3008|   869120|   434560|  320|
+---------------------+---------+------+---------+---------+-----+
|Utilization SLR (%)  |        0|     0|       30|       46|    0|
+---------------------+---------+------+---------+---------+-----+
|Available            |     4032|  9024|  2607360|  1303680|  960|
+---------------------+---------+------+---------+---------+-----+
|Utilization (%)      |        0|     0|       10|       15|    0|
+---------------------+---------+------+---------+---------+-----+

+ Detail: 
    * Instance: 
    +--------------------------------+--------------------------+---------+----+------+------+-----+
    |            Instance            |          Module          | BRAM_18K| DSP|  FF  |  LUT | URAM|
    +--------------------------------+--------------------------+---------+----+------+------+-----+
    |urem_128ns_64ns_64_132_1_U3856  |urem_128ns_64ns_64_132_1  |        0|   0|  8651|  6607|    0|
    |urem_128ns_64ns_64_132_1_U3857  |urem_128ns_64ns_64_132_1  |        0|   0|  8651|  6607|    0|
    |urem_128ns_64ns_64_132_1_U3858  |urem_128ns_64ns_64_132_1  |        0|   0|  8651|  6607|    0|
    |urem_128ns_64ns_64_132_1_U3859  |urem_128ns_64ns_64_132_1  |        0|   0|  8651|  6607|    0|
    |urem_128ns_64ns_64_132_1_U3860  |urem_128ns_64ns_64_132_1  |        0|   0|  8651|  6607|    0|
    |urem_128ns_64ns_65_132_1_U3861  |urem_128ns_64ns_65_132_1  |        0|   0|  8651|  6607|    0|
    |urem_128ns_64ns_65_132_1_U3862  |urem_128ns_64ns_65_132_1  |        0|   0|  8651|  6607|    0|
    |urem_128ns_64ns_65_132_1_U3863  |urem_128ns_64ns_65_132_1  |        0|   0|  8651|  6607|    0|
    |urem_128ns_64ns_65_132_1_U3864  |urem_128ns_64ns_65_132_1  |        0|   0|  8651|  6607|    0|
    |urem_128ns_64ns_65_132_1_U3865  |urem_128ns_64ns_65_132_1  |        0|   0|  8651|  6607|    0|
    |urem_128ns_64ns_65_132_1_U3871  |urem_128ns_64ns_65_132_1  |        0|   0|  8651|  6607|    0|
    |urem_128ns_64ns_65_132_1_U3872  |urem_128ns_64ns_65_132_1  |        0|   0|  8651|  6607|    0|
    |urem_128ns_64ns_65_132_1_U3873  |urem_128ns_64ns_65_132_1  |        0|   0|  8651|  6607|    0|
    |urem_128ns_64ns_65_132_1_U3874  |urem_128ns_64ns_65_132_1  |        0|   0|  8651|  6607|    0|
    |urem_128ns_64ns_65_132_1_U3875  |urem_128ns_64ns_65_132_1  |        0|   0|  8651|  6607|    0|
    |urem_64ns_64ns_64_68_1_U3866    |urem_64ns_64ns_64_68_1    |        0|   0|  8651|  6607|    0|
    |urem_64ns_64ns_64_68_1_U3867    |urem_64ns_64ns_64_68_1    |        0|   0|  8651|  6607|    0|
    |urem_64ns_64ns_64_68_1_U3868    |urem_64ns_64ns_64_68_1    |        0|   0|  8651|  6607|    0|
    |urem_64ns_64ns_64_68_1_U3869    |urem_64ns_64ns_64_68_1    |        0|   0|  8651|  6607|    0|
    |urem_64ns_64ns_64_68_1_U3870    |urem_64ns_64ns_64_68_1    |        0|   0|  8651|  6607|    0|
    |urem_65ns_64ns_64_69_1_U3876    |urem_65ns_64ns_64_69_1    |        0|   0|  8651|  6607|    0|
    |urem_65ns_64ns_64_69_1_U3877    |urem_65ns_64ns_64_69_1    |        0|   0|  8651|  6607|    0|
    |urem_65ns_64ns_64_69_1_U3878    |urem_65ns_64ns_64_69_1    |        0|   0|  8651|  6607|    0|
    |urem_65ns_64ns_64_69_1_U3879    |urem_65ns_64ns_64_69_1    |        0|   0|  8651|  6607|    0|
    |urem_65ns_64ns_64_69_1_U3880    |urem_65ns_64ns_64_69_1    |        0|   0|  8651|  6607|    0|
    |urem_65ns_64ns_64_69_1_U3881    |urem_65ns_64ns_64_69_1    |        0|   0|  8651|  6607|    0|
    |urem_65ns_64ns_64_69_1_U3882    |urem_65ns_64ns_64_69_1    |        0|   0|  8651|  6607|    0|
    |urem_65ns_64ns_64_69_1_U3883    |urem_65ns_64ns_64_69_1    |        0|   0|  8651|  6607|    0|
    |urem_65ns_64ns_64_69_1_U3884    |urem_65ns_64ns_64_69_1    |        0|   0|  8651|  6607|    0|
    |urem_65ns_64ns_64_69_1_U3885    |urem_65ns_64ns_64_69_1    |        0|   0|  8651|  6607|    0|
    +--------------------------------+--------------------------+---------+----+------+------+-----+
    |Total                           |                          |        0|   0|259530|198210|    0|
    +--------------------------------+--------------------------+---------+----+------+------+-----+

    * DSP: 
    N/A

    * Memory: 
    N/A

    * FIFO: 
    N/A

    * Expression: 
    +--------------------------+----------+----+---+----+------------+------------+
    |       Variable Name      | Operation| DSP| FF| LUT| Bitwidth P0| Bitwidth P1|
    +--------------------------+----------+----+---+----+------------+------------+
    |add_ln129_1_fu_1750_p2    |         +|   0|  0|  39|          32|           1|
    |add_ln129_2_fu_1787_p2    |         +|   0|  0|  39|          32|           1|
    |add_ln129_3_fu_1824_p2    |         +|   0|  0|  39|          32|           1|
    |add_ln129_4_fu_1861_p2    |         +|   0|  0|  39|          32|           1|
    |add_ln129_fu_1713_p2      |         +|   0|  0|  39|          32|           1|
    |add_ln64_fu_938_p2        |         +|   0|  0|  20|          13|           1|
    |add_ln92_1_fu_1223_p2     |         +|   0|  0|  21|          14|           3|
    |add_ln92_fu_1063_p2       |         +|   0|  0|  21|          14|           2|
    |grp_fu_1420_p0            |         +|   0|  0|  72|          65|          65|
    |grp_fu_1438_p0            |         +|   0|  0|  72|          65|          65|
    |grp_fu_1456_p0            |         +|   0|  0|  72|          65|          65|
    |grp_fu_1474_p0            |         +|   0|  0|  72|          65|          65|
    |grp_fu_1492_p0            |         +|   0|  0|  72|          65|          65|
    |grp_fu_1570_p0            |         +|   0|  0|  72|          65|          65|
    |grp_fu_1588_p0            |         +|   0|  0|  72|          65|          65|
    |grp_fu_1606_p0            |         +|   0|  0|  72|          65|          65|
    |grp_fu_1624_p0            |         +|   0|  0|  72|          65|          65|
    |grp_fu_1642_p0            |         +|   0|  0|  72|          65|          65|
    |and_ln126_1_fu_1708_p2    |       and|   0|  0|   2|           1|           1|
    |and_ln126_2_fu_1740_p2    |       and|   0|  0|   2|           1|           1|
    |and_ln126_3_fu_1745_p2    |       and|   0|  0|   2|           1|           1|
    |and_ln126_4_fu_1777_p2    |       and|   0|  0|   2|           1|           1|
    |and_ln126_5_fu_1782_p2    |       and|   0|  0|   2|           1|           1|
    |and_ln126_6_fu_1814_p2    |       and|   0|  0|   2|           1|           1|
    |and_ln126_7_fu_1819_p2    |       and|   0|  0|   2|           1|           1|
    |and_ln126_8_fu_1851_p2    |       and|   0|  0|   2|           1|           1|
    |and_ln126_9_fu_1856_p2    |       and|   0|  0|   2|           1|           1|
    |and_ln126_fu_1703_p2      |       and|   0|  0|   2|           1|           1|
    |ap_condition_19924        |       and|   0|  0|   2|           1|           1|
    |ap_condition_19927        |       and|   0|  0|   2|           1|           1|
    |ap_condition_19930        |       and|   0|  0|   2|           1|           1|
    |ap_condition_19933        |       and|   0|  0|   2|           1|           1|
    |ap_condition_19936        |       and|   0|  0|   2|           1|           1|
    |icmp_ln126_10_fu_1845_p2  |      icmp|   0|  0|  27|          20|           1|
    |icmp_ln126_1_fu_1090_p2   |      icmp|   0|  0|  20|          13|           2|
    |icmp_ln126_2_fu_1697_p2   |      icmp|   0|  0|  27|          20|           1|
    |icmp_ln126_3_fu_1104_p2   |      icmp|   0|  0|  18|          11|           1|
    |icmp_ln126_4_fu_1734_p2   |      icmp|   0|  0|  27|          20|           1|
    |icmp_ln126_5_fu_1110_p2   |      icmp|   0|  0|  20|          13|           3|
    |icmp_ln126_6_fu_1771_p2   |      icmp|   0|  0|  27|          20|           1|
    |icmp_ln126_7_fu_1115_p2   |      icmp|   0|  0|  20|          13|           3|
    |icmp_ln126_8_fu_1808_p2   |      icmp|   0|  0|  27|          20|           1|
    |icmp_ln126_9_fu_1120_p2   |      icmp|   0|  0|  20|          13|           3|
    |icmp_ln64_fu_932_p2       |      icmp|   0|  0|  20|          13|          13|
    |icmp_ln93_1_fu_1243_p2    |      icmp|   0|  0|   9|           2|           1|
    |icmp_ln93_fu_1084_p2      |      icmp|   0|  0|   9|           2|           1|
    |empty_2347_fu_1140_p3     |    select|   0|  0|  63|           1|          64|
    |empty_2348_fu_1264_p3     |    select|   0|  0|  63|           1|          64|
    |empty_fu_976_p3           |    select|   0|  0|  63|           1|           1|
    |ap_enable_pp0             |       xor|   0|  0|   2|           1|           2|
    +--------------------------+----------+----+---+----+------------+------------+
    |Total                     |          |   0|  0|1469|        1050|         839|
    +--------------------------+----------+----+---+----+------------+------------+

    * Multiplexer: 
    +---------------------------+----+-----------+-----+-----------+
    |            Name           | LUT| Input Size| Bits| Total Bits|
    +---------------------------+----+-----------+-----+-----------+
    |ap_done_int                |   9|          2|    1|          2|
    |ap_enable_reg_pp0_iter340  |   9|          2|    1|          2|
    |ap_sig_allocacmp_t         |   9|          2|   13|         26|
    |data_idx_fu_232            |   9|          2|   13|         26|
    |inc197_i249_fu_260         |   9|          2|   32|         64|
    |inc197_i_1251_fu_264       |   9|          2|   32|         64|
    |inc197_i_2253_fu_268       |   9|          2|   32|         64|
    |inc197_i_3255_fu_272       |   9|          2|   32|         64|
    |inc197_i_4257_fu_276       |   9|          2|   32|         64|
    |sum_in_1_fu_200            |   9|          2|   64|        128|
    |sum_in_2_fu_208            |   9|          2|   64|        128|
    |sum_in_3_fu_216            |   9|          2|   64|        128|
    |sum_in_4_fu_224            |   9|          2|   64|        128|
    |sum_in_5_fu_196            |   9|          2|   64|        128|
    |sum_in_6_fu_204            |   9|          2|   64|        128|
    |sum_in_7_fu_212            |   9|          2|   64|        128|
    |sum_in_8_fu_220            |   9|          2|   64|        128|
    |sum_in_9_fu_228            |   9|          2|   64|        128|
    |sum_in_fu_192              |   9|          2|   64|        128|
    |x_in_10_fu_180             |   9|          2|   64|        128|
    |x_in_11_fu_252             |   9|          2|   64|        128|
    |x_in_12_fu_184             |   9|          2|   64|        128|
    |x_in_13_fu_256             |   9|          2|   64|        128|
    |x_in_14_fu_188             |   9|          2|   64|        128|
    |x_in_1_fu_236              |   9|          2|   64|        128|
    |x_in_2_fu_160              |   9|          2|   64|        128|
    |x_in_3_fu_240              |   9|          2|   64|        128|
    |x_in_4_fu_164              |   9|          2|   64|        128|
    |x_in_5_fu_168              |   9|          2|   64|        128|
    |x_in_6_fu_244              |   9|          2|   64|        128|
    |x_in_7_fu_172              |   9|          2|   64|        128|
    |x_in_8_fu_248              |   9|          2|   64|        128|
    |x_in_9_fu_176              |   9|          2|   64|        128|
    |x_in_fu_156                |   9|          2|   64|        128|
    +---------------------------+----+-----------+-----+-----------+
    |Total                      | 306|         68| 1788|       3576|
    +---------------------------+----+-----------+-----+-----------+

    * Register: 
    +------------------------------------+-----+----+-----+-----------+
    |                Name                |  FF | LUT| Bits| Const Bits|
    +------------------------------------+-----+----+-----+-----------+
    |and_ln126_1_reg_2700                |    1|   0|    1|          0|
    |and_ln126_3_reg_2704                |    1|   0|    1|          0|
    |and_ln126_5_reg_2708                |    1|   0|    1|          0|
    |and_ln126_7_reg_2712                |    1|   0|    1|          0|
    |and_ln126_9_reg_2716                |    1|   0|    1|          0|
    |ap_CS_fsm                           |    1|   0|    1|          0|
    |ap_done_reg                         |    1|   0|    1|          0|
    |ap_enable_reg_pp0_iter1             |    1|   0|    1|          0|
    |ap_enable_reg_pp0_iter10            |    1|   0|    1|          0|
    |ap_enable_reg_pp0_iter100           |    1|   0|    1|          0|
    |ap_enable_reg_pp0_iter101           |    1|   0|    1|          0|
    |ap_enable_reg_pp0_iter102           |    1|   0|    1|          0|
    |ap_enable_reg_pp0_iter103           |    1|   0|    1|          0|
    |ap_enable_reg_pp0_iter104           |    1|   0|    1|          0|
    |ap_enable_reg_pp0_iter105           |    1|   0|    1|          0|
    |ap_enable_reg_pp0_iter106           |    1|   0|    1|          0|
    |ap_enable_reg_pp0_iter107           |    1|   0|    1|          0|
    |ap_enable_reg_pp0_iter108           |    1|   0|    1|          0|
    |ap_enable_reg_pp0_iter109           |    1|   0|    1|          0|
    |ap_enable_reg_pp0_iter11            |    1|   0|    1|          0|
    |ap_enable_reg_pp0_iter110           |    1|   0|    1|          0|
    |ap_enable_reg_pp0_iter111           |    1|   0|    1|          0|
    |ap_enable_reg_pp0_iter112           |    1|   0|    1|          0|
    |ap_enable_reg_pp0_iter113           |    1|   0|    1|          0|
    |ap_enable_reg_pp0_iter114           |    1|   0|    1|          0|
    |ap_enable_reg_pp0_iter115           |    1|   0|    1|          0|
    |ap_enable_reg_pp0_iter116           |    1|   0|    1|          0|
    |ap_enable_reg_pp0_iter117           |    1|   0|    1|          0|
    |ap_enable_reg_pp0_iter118           |    1|   0|    1|          0|
    |ap_enable_reg_pp0_iter119           |    1|   0|    1|          0|
    |ap_enable_reg_pp0_iter12            |    1|   0|    1|          0|
    |ap_enable_reg_pp0_iter120           |    1|   0|    1|          0|
    |ap_enable_reg_pp0_iter121           |    1|   0|    1|          0|
    |ap_enable_reg_pp0_iter122           |    1|   0|    1|          0|
    |ap_enable_reg_pp0_iter123           |    1|   0|    1|          0|
    |ap_enable_reg_pp0_iter124           |    1|   0|    1|          0|
    |ap_enable_reg_pp0_iter125           |    1|   0|    1|          0|
    |ap_enable_reg_pp0_iter126           |    1|   0|    1|          0|
    |ap_enable_reg_pp0_iter127           |    1|   0|    1|          0|
    |ap_enable_reg_pp0_iter128           |    1|   0|    1|          0|
    |ap_enable_reg_pp0_iter129           |    1|   0|    1|          0|
    |ap_enable_reg_pp0_iter13            |    1|   0|    1|          0|
    |ap_enable_reg_pp0_iter130           |    1|   0|    1|          0|
    |ap_enable_reg_pp0_iter131           |    1|   0|    1|          0|
    |ap_enable_reg_pp0_iter132           |    1|   0|    1|          0|
    |ap_enable_reg_pp0_iter133           |    1|   0|    1|          0|
    |ap_enable_reg_pp0_iter134           |    1|   0|    1|          0|
    |ap_enable_reg_pp0_iter135           |    1|   0|    1|          0|
    |ap_enable_reg_pp0_iter136           |    1|   0|    1|          0|
    |ap_enable_reg_pp0_iter137           |    1|   0|    1|          0|
    |ap_enable_reg_pp0_iter138           |    1|   0|    1|          0|
    |ap_enable_reg_pp0_iter139           |    1|   0|    1|          0|
    |ap_enable_reg_pp0_iter14            |    1|   0|    1|          0|
    |ap_enable_reg_pp0_iter140           |    1|   0|    1|          0|
    |ap_enable_reg_pp0_iter141           |    1|   0|    1|          0|
    |ap_enable_reg_pp0_iter142           |    1|   0|    1|          0|
    |ap_enable_reg_pp0_iter143           |    1|   0|    1|          0|
    |ap_enable_reg_pp0_iter144           |    1|   0|    1|          0|
    |ap_enable_reg_pp0_iter145           |    1|   0|    1|          0|
    |ap_enable_reg_pp0_iter146           |    1|   0|    1|          0|
    |ap_enable_reg_pp0_iter147           |    1|   0|    1|          0|
    |ap_enable_reg_pp0_iter148           |    1|   0|    1|          0|
    |ap_enable_reg_pp0_iter149           |    1|   0|    1|          0|
    |ap_enable_reg_pp0_iter15            |    1|   0|    1|          0|
    |ap_enable_reg_pp0_iter150           |    1|   0|    1|          0|
    |ap_enable_reg_pp0_iter151           |    1|   0|    1|          0|
    |ap_enable_reg_pp0_iter152           |    1|   0|    1|          0|
    |ap_enable_reg_pp0_iter153           |    1|   0|    1|          0|
    |ap_enable_reg_pp0_iter154           |    1|   0|    1|          0|
    |ap_enable_reg_pp0_iter155           |    1|   0|    1|          0|
    |ap_enable_reg_pp0_iter156           |    1|   0|    1|          0|
    |ap_enable_reg_pp0_iter157           |    1|   0|    1|          0|
    |ap_enable_reg_pp0_iter158           |    1|   0|    1|          0|
    |ap_enable_reg_pp0_iter159           |    1|   0|    1|          0|
    |ap_enable_reg_pp0_iter16            |    1|   0|    1|          0|
    |ap_enable_reg_pp0_iter160           |    1|   0|    1|          0|
    |ap_enable_reg_pp0_iter161           |    1|   0|    1|          0|
    |ap_enable_reg_pp0_iter162           |    1|   0|    1|          0|
    |ap_enable_reg_pp0_iter163           |    1|   0|    1|          0|
    |ap_enable_reg_pp0_iter164           |    1|   0|    1|          0|
    |ap_enable_reg_pp0_iter165           |    1|   0|    1|          0|
    |ap_enable_reg_pp0_iter166           |    1|   0|    1|          0|
    |ap_enable_reg_pp0_iter167           |    1|   0|    1|          0|
    |ap_enable_reg_pp0_iter168           |    1|   0|    1|          0|
    |ap_enable_reg_pp0_iter169           |    1|   0|    1|          0|
    |ap_enable_reg_pp0_iter17            |    1|   0|    1|          0|
    |ap_enable_reg_pp0_iter170           |    1|   0|    1|          0|
    |ap_enable_reg_pp0_iter171           |    1|   0|    1|          0|
    |ap_enable_reg_pp0_iter172           |    1|   0|    1|          0|
    |ap_enable_reg_pp0_iter173           |    1|   0|    1|          0|
    |ap_enable_reg_pp0_iter174           |    1|   0|    1|          0|
    |ap_enable_reg_pp0_iter175           |    1|   0|    1|          0|
    |ap_enable_reg_pp0_iter176           |    1|   0|    1|          0|
    |ap_enable_reg_pp0_iter177           |    1|   0|    1|          0|
    |ap_enable_reg_pp0_iter178           |    1|   0|    1|          0|
    |ap_enable_reg_pp0_iter179           |    1|   0|    1|          0|
    |ap_enable_reg_pp0_iter18            |    1|   0|    1|          0|
    |ap_enable_reg_pp0_iter180           |    1|   0|    1|          0|
    |ap_enable_reg_pp0_iter181           |    1|   0|    1|          0|
    |ap_enable_reg_pp0_iter182           |    1|   0|    1|          0|
    |ap_enable_reg_pp0_iter183           |    1|   0|    1|          0|
    |ap_enable_reg_pp0_iter184           |    1|   0|    1|          0|
    |ap_enable_reg_pp0_iter185           |    1|   0|    1|          0|
    |ap_enable_reg_pp0_iter186           |    1|   0|    1|          0|
    |ap_enable_reg_pp0_iter187           |    1|   0|    1|          0|
    |ap_enable_reg_pp0_iter188           |    1|   0|    1|          0|
    |ap_enable_reg_pp0_iter189           |    1|   0|    1|          0|
    |ap_enable_reg_pp0_iter19            |    1|   0|    1|          0|
    |ap_enable_reg_pp0_iter190           |    1|   0|    1|          0|
    |ap_enable_reg_pp0_iter191           |    1|   0|    1|          0|
    |ap_enable_reg_pp0_iter192           |    1|   0|    1|          0|
    |ap_enable_reg_pp0_iter193           |    1|   0|    1|          0|
    |ap_enable_reg_pp0_iter194           |    1|   0|    1|          0|
    |ap_enable_reg_pp0_iter195           |    1|   0|    1|          0|
    |ap_enable_reg_pp0_iter196           |    1|   0|    1|          0|
    |ap_enable_reg_pp0_iter197           |    1|   0|    1|          0|
    |ap_enable_reg_pp0_iter198           |    1|   0|    1|          0|
    |ap_enable_reg_pp0_iter199           |    1|   0|    1|          0|
    |ap_enable_reg_pp0_iter2             |    1|   0|    1|          0|
    |ap_enable_reg_pp0_iter20            |    1|   0|    1|          0|
    |ap_enable_reg_pp0_iter200           |    1|   0|    1|          0|
    |ap_enable_reg_pp0_iter201           |    1|   0|    1|          0|
    |ap_enable_reg_pp0_iter202           |    1|   0|    1|          0|
    |ap_enable_reg_pp0_iter203           |    1|   0|    1|          0|
    |ap_enable_reg_pp0_iter204           |    1|   0|    1|          0|
    |ap_enable_reg_pp0_iter205           |    1|   0|    1|          0|
    |ap_enable_reg_pp0_iter206           |    1|   0|    1|          0|
    |ap_enable_reg_pp0_iter207           |    1|   0|    1|          0|
    |ap_enable_reg_pp0_iter208           |    1|   0|    1|          0|
    |ap_enable_reg_pp0_iter209           |    1|   0|    1|          0|
    |ap_enable_reg_pp0_iter21            |    1|   0|    1|          0|
    |ap_enable_reg_pp0_iter210           |    1|   0|    1|          0|
    |ap_enable_reg_pp0_iter211           |    1|   0|    1|          0|
    |ap_enable_reg_pp0_iter212           |    1|   0|    1|          0|
    |ap_enable_reg_pp0_iter213           |    1|   0|    1|          0|
    |ap_enable_reg_pp0_iter214           |    1|   0|    1|          0|
    |ap_enable_reg_pp0_iter215           |    1|   0|    1|          0|
    |ap_enable_reg_pp0_iter216           |    1|   0|    1|          0|
    |ap_enable_reg_pp0_iter217           |    1|   0|    1|          0|
    |ap_enable_reg_pp0_iter218           |    1|   0|    1|          0|
    |ap_enable_reg_pp0_iter219           |    1|   0|    1|          0|
    |ap_enable_reg_pp0_iter22            |    1|   0|    1|          0|
    |ap_enable_reg_pp0_iter220           |    1|   0|    1|          0|
    |ap_enable_reg_pp0_iter221           |    1|   0|    1|          0|
    |ap_enable_reg_pp0_iter222           |    1|   0|    1|          0|
    |ap_enable_reg_pp0_iter223           |    1|   0|    1|          0|
    |ap_enable_reg_pp0_iter224           |    1|   0|    1|          0|
    |ap_enable_reg_pp0_iter225           |    1|   0|    1|          0|
    |ap_enable_reg_pp0_iter226           |    1|   0|    1|          0|
    |ap_enable_reg_pp0_iter227           |    1|   0|    1|          0|
    |ap_enable_reg_pp0_iter228           |    1|   0|    1|          0|
    |ap_enable_reg_pp0_iter229           |    1|   0|    1|          0|
    |ap_enable_reg_pp0_iter23            |    1|   0|    1|          0|
    |ap_enable_reg_pp0_iter230           |    1|   0|    1|          0|
    |ap_enable_reg_pp0_iter231           |    1|   0|    1|          0|
    |ap_enable_reg_pp0_iter232           |    1|   0|    1|          0|
    |ap_enable_reg_pp0_iter233           |    1|   0|    1|          0|
    |ap_enable_reg_pp0_iter234           |    1|   0|    1|          0|
    |ap_enable_reg_pp0_iter235           |    1|   0|    1|          0|
    |ap_enable_reg_pp0_iter236           |    1|   0|    1|          0|
    |ap_enable_reg_pp0_iter237           |    1|   0|    1|          0|
    |ap_enable_reg_pp0_iter238           |    1|   0|    1|          0|
    |ap_enable_reg_pp0_iter239           |    1|   0|    1|          0|
    |ap_enable_reg_pp0_iter24            |    1|   0|    1|          0|
    |ap_enable_reg_pp0_iter240           |    1|   0|    1|          0|
    |ap_enable_reg_pp0_iter241           |    1|   0|    1|          0|
    |ap_enable_reg_pp0_iter242           |    1|   0|    1|          0|
    |ap_enable_reg_pp0_iter243           |    1|   0|    1|          0|
    |ap_enable_reg_pp0_iter244           |    1|   0|    1|          0|
    |ap_enable_reg_pp0_iter245           |    1|   0|    1|          0|
    |ap_enable_reg_pp0_iter246           |    1|   0|    1|          0|
    |ap_enable_reg_pp0_iter247           |    1|   0|    1|          0|
    |ap_enable_reg_pp0_iter248           |    1|   0|    1|          0|
    |ap_enable_reg_pp0_iter249           |    1|   0|    1|          0|
    |ap_enable_reg_pp0_iter25            |    1|   0|    1|          0|
    |ap_enable_reg_pp0_iter250           |    1|   0|    1|          0|
    |ap_enable_reg_pp0_iter251           |    1|   0|    1|          0|
    |ap_enable_reg_pp0_iter252           |    1|   0|    1|          0|
    |ap_enable_reg_pp0_iter253           |    1|   0|    1|          0|
    |ap_enable_reg_pp0_iter254           |    1|   0|    1|          0|
    |ap_enable_reg_pp0_iter255           |    1|   0|    1|          0|
    |ap_enable_reg_pp0_iter256           |    1|   0|    1|          0|
    |ap_enable_reg_pp0_iter257           |    1|   0|    1|          0|
    |ap_enable_reg_pp0_iter258           |    1|   0|    1|          0|
    |ap_enable_reg_pp0_iter259           |    1|   0|    1|          0|
    |ap_enable_reg_pp0_iter26            |    1|   0|    1|          0|
    |ap_enable_reg_pp0_iter260           |    1|   0|    1|          0|
    |ap_enable_reg_pp0_iter261           |    1|   0|    1|          0|
    |ap_enable_reg_pp0_iter262           |    1|   0|    1|          0|
    |ap_enable_reg_pp0_iter263           |    1|   0|    1|          0|
    |ap_enable_reg_pp0_iter264           |    1|   0|    1|          0|
    |ap_enable_reg_pp0_iter265           |    1|   0|    1|          0|
    |ap_enable_reg_pp0_iter266           |    1|   0|    1|          0|
    |ap_enable_reg_pp0_iter267           |    1|   0|    1|          0|
    |ap_enable_reg_pp0_iter268           |    1|   0|    1|          0|
    |ap_enable_reg_pp0_iter269           |    1|   0|    1|          0|
    |ap_enable_reg_pp0_iter27            |    1|   0|    1|          0|
    |ap_enable_reg_pp0_iter270           |    1|   0|    1|          0|
    |ap_enable_reg_pp0_iter271           |    1|   0|    1|          0|
    |ap_enable_reg_pp0_iter272           |    1|   0|    1|          0|
    |ap_enable_reg_pp0_iter273           |    1|   0|    1|          0|
    |ap_enable_reg_pp0_iter274           |    1|   0|    1|          0|
    |ap_enable_reg_pp0_iter275           |    1|   0|    1|          0|
    |ap_enable_reg_pp0_iter276           |    1|   0|    1|          0|
    |ap_enable_reg_pp0_iter277           |    1|   0|    1|          0|
    |ap_enable_reg_pp0_iter278           |    1|   0|    1|          0|
    |ap_enable_reg_pp0_iter279           |    1|   0|    1|          0|
    |ap_enable_reg_pp0_iter28            |    1|   0|    1|          0|
    |ap_enable_reg_pp0_iter280           |    1|   0|    1|          0|
    |ap_enable_reg_pp0_iter281           |    1|   0|    1|          0|
    |ap_enable_reg_pp0_iter282           |    1|   0|    1|          0|
    |ap_enable_reg_pp0_iter283           |    1|   0|    1|          0|
    |ap_enable_reg_pp0_iter284           |    1|   0|    1|          0|
    |ap_enable_reg_pp0_iter285           |    1|   0|    1|          0|
    |ap_enable_reg_pp0_iter286           |    1|   0|    1|          0|
    |ap_enable_reg_pp0_iter287           |    1|   0|    1|          0|
    |ap_enable_reg_pp0_iter288           |    1|   0|    1|          0|
    |ap_enable_reg_pp0_iter289           |    1|   0|    1|          0|
    |ap_enable_reg_pp0_iter29            |    1|   0|    1|          0|
    |ap_enable_reg_pp0_iter290           |    1|   0|    1|          0|
    |ap_enable_reg_pp0_iter291           |    1|   0|    1|          0|
    |ap_enable_reg_pp0_iter292           |    1|   0|    1|          0|
    |ap_enable_reg_pp0_iter293           |    1|   0|    1|          0|
    |ap_enable_reg_pp0_iter294           |    1|   0|    1|          0|
    |ap_enable_reg_pp0_iter295           |    1|   0|    1|          0|
    |ap_enable_reg_pp0_iter296           |    1|   0|    1|          0|
    |ap_enable_reg_pp0_iter297           |    1|   0|    1|          0|
    |ap_enable_reg_pp0_iter298           |    1|   0|    1|          0|
    |ap_enable_reg_pp0_iter299           |    1|   0|    1|          0|
    |ap_enable_reg_pp0_iter3             |    1|   0|    1|          0|
    |ap_enable_reg_pp0_iter30            |    1|   0|    1|          0|
    |ap_enable_reg_pp0_iter300           |    1|   0|    1|          0|
    |ap_enable_reg_pp0_iter301           |    1|   0|    1|          0|
    |ap_enable_reg_pp0_iter302           |    1|   0|    1|          0|
    |ap_enable_reg_pp0_iter303           |    1|   0|    1|          0|
    |ap_enable_reg_pp0_iter304           |    1|   0|    1|          0|
    |ap_enable_reg_pp0_iter305           |    1|   0|    1|          0|
    |ap_enable_reg_pp0_iter306           |    1|   0|    1|          0|
    |ap_enable_reg_pp0_iter307           |    1|   0|    1|          0|
    |ap_enable_reg_pp0_iter308           |    1|   0|    1|          0|
    |ap_enable_reg_pp0_iter309           |    1|   0|    1|          0|
    |ap_enable_reg_pp0_iter31            |    1|   0|    1|          0|
    |ap_enable_reg_pp0_iter310           |    1|   0|    1|          0|
    |ap_enable_reg_pp0_iter311           |    1|   0|    1|          0|
    |ap_enable_reg_pp0_iter312           |    1|   0|    1|          0|
    |ap_enable_reg_pp0_iter313           |    1|   0|    1|          0|
    |ap_enable_reg_pp0_iter314           |    1|   0|    1|          0|
    |ap_enable_reg_pp0_iter315           |    1|   0|    1|          0|
    |ap_enable_reg_pp0_iter316           |    1|   0|    1|          0|
    |ap_enable_reg_pp0_iter317           |    1|   0|    1|          0|
    |ap_enable_reg_pp0_iter318           |    1|   0|    1|          0|
    |ap_enable_reg_pp0_iter319           |    1|   0|    1|          0|
    |ap_enable_reg_pp0_iter32            |    1|   0|    1|          0|
    |ap_enable_reg_pp0_iter320           |    1|   0|    1|          0|
    |ap_enable_reg_pp0_iter321           |    1|   0|    1|          0|
    |ap_enable_reg_pp0_iter322           |    1|   0|    1|          0|
    |ap_enable_reg_pp0_iter323           |    1|   0|    1|          0|
    |ap_enable_reg_pp0_iter324           |    1|   0|    1|          0|
    |ap_enable_reg_pp0_iter325           |    1|   0|    1|          0|
    |ap_enable_reg_pp0_iter326           |    1|   0|    1|          0|
    |ap_enable_reg_pp0_iter327           |    1|   0|    1|          0|
    |ap_enable_reg_pp0_iter328           |    1|   0|    1|          0|
    |ap_enable_reg_pp0_iter329           |    1|   0|    1|          0|
    |ap_enable_reg_pp0_iter33            |    1|   0|    1|          0|
    |ap_enable_reg_pp0_iter330           |    1|   0|    1|          0|
    |ap_enable_reg_pp0_iter331           |    1|   0|    1|          0|
    |ap_enable_reg_pp0_iter332           |    1|   0|    1|          0|
    |ap_enable_reg_pp0_iter333           |    1|   0|    1|          0|
    |ap_enable_reg_pp0_iter334           |    1|   0|    1|          0|
    |ap_enable_reg_pp0_iter335           |    1|   0|    1|          0|
    |ap_enable_reg_pp0_iter336           |    1|   0|    1|          0|
    |ap_enable_reg_pp0_iter337           |    1|   0|    1|          0|
    |ap_enable_reg_pp0_iter338           |    1|   0|    1|          0|
    |ap_enable_reg_pp0_iter339           |    1|   0|    1|          0|
    |ap_enable_reg_pp0_iter34            |    1|   0|    1|          0|
    |ap_enable_reg_pp0_iter340           |    1|   0|    1|          0|
    |ap_enable_reg_pp0_iter35            |    1|   0|    1|          0|
    |ap_enable_reg_pp0_iter36            |    1|   0|    1|          0|
    |ap_enable_reg_pp0_iter37            |    1|   0|    1|          0|
    |ap_enable_reg_pp0_iter38            |    1|   0|    1|          0|
    |ap_enable_reg_pp0_iter39            |    1|   0|    1|          0|
    |ap_enable_reg_pp0_iter4             |    1|   0|    1|          0|
    |ap_enable_reg_pp0_iter40            |    1|   0|    1|          0|
    |ap_enable_reg_pp0_iter41            |    1|   0|    1|          0|
    |ap_enable_reg_pp0_iter42            |    1|   0|    1|          0|
    |ap_enable_reg_pp0_iter43            |    1|   0|    1|          0|
    |ap_enable_reg_pp0_iter44            |    1|   0|    1|          0|
    |ap_enable_reg_pp0_iter45            |    1|   0|    1|          0|
    |ap_enable_reg_pp0_iter46            |    1|   0|    1|          0|
    |ap_enable_reg_pp0_iter47            |    1|   0|    1|          0|
    |ap_enable_reg_pp0_iter48            |    1|   0|    1|          0|
    |ap_enable_reg_pp0_iter49            |    1|   0|    1|          0|
    |ap_enable_reg_pp0_iter5             |    1|   0|    1|          0|
    |ap_enable_reg_pp0_iter50            |    1|   0|    1|          0|
    |ap_enable_reg_pp0_iter51            |    1|   0|    1|          0|
    |ap_enable_reg_pp0_iter52            |    1|   0|    1|          0|
    |ap_enable_reg_pp0_iter53            |    1|   0|    1|          0|
    |ap_enable_reg_pp0_iter54            |    1|   0|    1|          0|
    |ap_enable_reg_pp0_iter55            |    1|   0|    1|          0|
    |ap_enable_reg_pp0_iter56            |    1|   0|    1|          0|
    |ap_enable_reg_pp0_iter57            |    1|   0|    1|          0|
    |ap_enable_reg_pp0_iter58            |    1|   0|    1|          0|
    |ap_enable_reg_pp0_iter59            |    1|   0|    1|          0|
    |ap_enable_reg_pp0_iter6             |    1|   0|    1|          0|
    |ap_enable_reg_pp0_iter60            |    1|   0|    1|          0|
    |ap_enable_reg_pp0_iter61            |    1|   0|    1|          0|
    |ap_enable_reg_pp0_iter62            |    1|   0|    1|          0|
    |ap_enable_reg_pp0_iter63            |    1|   0|    1|          0|
    |ap_enable_reg_pp0_iter64            |    1|   0|    1|          0|
    |ap_enable_reg_pp0_iter65            |    1|   0|    1|          0|
    |ap_enable_reg_pp0_iter66            |    1|   0|    1|          0|
    |ap_enable_reg_pp0_iter67            |    1|   0|    1|          0|
    |ap_enable_reg_pp0_iter68            |    1|   0|    1|          0|
    |ap_enable_reg_pp0_iter69            |    1|   0|    1|          0|
    |ap_enable_reg_pp0_iter7             |    1|   0|    1|          0|
    |ap_enable_reg_pp0_iter70            |    1|   0|    1|          0|
    |ap_enable_reg_pp0_iter71            |    1|   0|    1|          0|
    |ap_enable_reg_pp0_iter72            |    1|   0|    1|          0|
    |ap_enable_reg_pp0_iter73            |    1|   0|    1|          0|
    |ap_enable_reg_pp0_iter74            |    1|   0|    1|          0|
    |ap_enable_reg_pp0_iter75            |    1|   0|    1|          0|
    |ap_enable_reg_pp0_iter76            |    1|   0|    1|          0|
    |ap_enable_reg_pp0_iter77            |    1|   0|    1|          0|
    |ap_enable_reg_pp0_iter78            |    1|   0|    1|          0|
    |ap_enable_reg_pp0_iter79            |    1|   0|    1|          0|
    |ap_enable_reg_pp0_iter8             |    1|   0|    1|          0|
    |ap_enable_reg_pp0_iter80            |    1|   0|    1|          0|
    |ap_enable_reg_pp0_iter81            |    1|   0|    1|          0|
    |ap_enable_reg_pp0_iter82            |    1|   0|    1|          0|
    |ap_enable_reg_pp0_iter83            |    1|   0|    1|          0|
    |ap_enable_reg_pp0_iter84            |    1|   0|    1|          0|
    |ap_enable_reg_pp0_iter85            |    1|   0|    1|          0|
    |ap_enable_reg_pp0_iter86            |    1|   0|    1|          0|
    |ap_enable_reg_pp0_iter87            |    1|   0|    1|          0|
    |ap_enable_reg_pp0_iter88            |    1|   0|    1|          0|
    |ap_enable_reg_pp0_iter89            |    1|   0|    1|          0|
    |ap_enable_reg_pp0_iter9             |    1|   0|    1|          0|
    |ap_enable_reg_pp0_iter90            |    1|   0|    1|          0|
    |ap_enable_reg_pp0_iter91            |    1|   0|    1|          0|
    |ap_enable_reg_pp0_iter92            |    1|   0|    1|          0|
    |ap_enable_reg_pp0_iter93            |    1|   0|    1|          0|
    |ap_enable_reg_pp0_iter94            |    1|   0|    1|          0|
    |ap_enable_reg_pp0_iter95            |    1|   0|    1|          0|
    |ap_enable_reg_pp0_iter96            |    1|   0|    1|          0|
    |ap_enable_reg_pp0_iter97            |    1|   0|    1|          0|
    |ap_enable_reg_pp0_iter98            |    1|   0|    1|          0|
    |ap_enable_reg_pp0_iter99            |    1|   0|    1|          0|
    |ap_loop_exit_ready_pp0_iter100_reg  |    1|   0|    1|          0|
    |ap_loop_exit_ready_pp0_iter101_reg  |    1|   0|    1|          0|
    |ap_loop_exit_ready_pp0_iter102_reg  |    1|   0|    1|          0|
    |ap_loop_exit_ready_pp0_iter103_reg  |    1|   0|    1|          0|
    |ap_loop_exit_ready_pp0_iter104_reg  |    1|   0|    1|          0|
    |ap_loop_exit_ready_pp0_iter105_reg  |    1|   0|    1|          0|
    |ap_loop_exit_ready_pp0_iter106_reg  |    1|   0|    1|          0|
    |ap_loop_exit_ready_pp0_iter107_reg  |    1|   0|    1|          0|
    |ap_loop_exit_ready_pp0_iter108_reg  |    1|   0|    1|          0|
    |ap_loop_exit_ready_pp0_iter109_reg  |    1|   0|    1|          0|
    |ap_loop_exit_ready_pp0_iter10_reg   |    1|   0|    1|          0|
    |ap_loop_exit_ready_pp0_iter110_reg  |    1|   0|    1|          0|
    |ap_loop_exit_ready_pp0_iter111_reg  |    1|   0|    1|          0|
    |ap_loop_exit_ready_pp0_iter112_reg  |    1|   0|    1|          0|
    |ap_loop_exit_ready_pp0_iter113_reg  |    1|   0|    1|          0|
    |ap_loop_exit_ready_pp0_iter114_reg  |    1|   0|    1|          0|
    |ap_loop_exit_ready_pp0_iter115_reg  |    1|   0|    1|          0|
    |ap_loop_exit_ready_pp0_iter116_reg  |    1|   0|    1|          0|
    |ap_loop_exit_ready_pp0_iter117_reg  |    1|   0|    1|          0|
    |ap_loop_exit_ready_pp0_iter118_reg  |    1|   0|    1|          0|
    |ap_loop_exit_ready_pp0_iter119_reg  |    1|   0|    1|          0|
    |ap_loop_exit_ready_pp0_iter11_reg   |    1|   0|    1|          0|
    |ap_loop_exit_ready_pp0_iter120_reg  |    1|   0|    1|          0|
    |ap_loop_exit_ready_pp0_iter121_reg  |    1|   0|    1|          0|
    |ap_loop_exit_ready_pp0_iter122_reg  |    1|   0|    1|          0|
    |ap_loop_exit_ready_pp0_iter123_reg  |    1|   0|    1|          0|
    |ap_loop_exit_ready_pp0_iter124_reg  |    1|   0|    1|          0|
    |ap_loop_exit_ready_pp0_iter125_reg  |    1|   0|    1|          0|
    |ap_loop_exit_ready_pp0_iter126_reg  |    1|   0|    1|          0|
    |ap_loop_exit_ready_pp0_iter127_reg  |    1|   0|    1|          0|
    |ap_loop_exit_ready_pp0_iter128_reg  |    1|   0|    1|          0|
    |ap_loop_exit_ready_pp0_iter129_reg  |    1|   0|    1|          0|
    |ap_loop_exit_ready_pp0_iter12_reg   |    1|   0|    1|          0|
    |ap_loop_exit_ready_pp0_iter130_reg  |    1|   0|    1|          0|
    |ap_loop_exit_ready_pp0_iter131_reg  |    1|   0|    1|          0|
    |ap_loop_exit_ready_pp0_iter132_reg  |    1|   0|    1|          0|
    |ap_loop_exit_ready_pp0_iter133_reg  |    1|   0|    1|          0|
    |ap_loop_exit_ready_pp0_iter134_reg  |    1|   0|    1|          0|
    |ap_loop_exit_ready_pp0_iter135_reg  |    1|   0|    1|          0|
    |ap_loop_exit_ready_pp0_iter136_reg  |    1|   0|    1|          0|
    |ap_loop_exit_ready_pp0_iter137_reg  |    1|   0|    1|          0|
    |ap_loop_exit_ready_pp0_iter138_reg  |    1|   0|    1|          0|
    |ap_loop_exit_ready_pp0_iter139_reg  |    1|   0|    1|          0|
    |ap_loop_exit_ready_pp0_iter13_reg   |    1|   0|    1|          0|
    |ap_loop_exit_ready_pp0_iter140_reg  |    1|   0|    1|          0|
    |ap_loop_exit_ready_pp0_iter141_reg  |    1|   0|    1|          0|
    |ap_loop_exit_ready_pp0_iter142_reg  |    1|   0|    1|          0|
    |ap_loop_exit_ready_pp0_iter143_reg  |    1|   0|    1|          0|
    |ap_loop_exit_ready_pp0_iter144_reg  |    1|   0|    1|          0|
    |ap_loop_exit_ready_pp0_iter145_reg  |    1|   0|    1|          0|
    |ap_loop_exit_ready_pp0_iter146_reg  |    1|   0|    1|          0|
    |ap_loop_exit_ready_pp0_iter147_reg  |    1|   0|    1|          0|
    |ap_loop_exit_ready_pp0_iter148_reg  |    1|   0|    1|          0|
    |ap_loop_exit_ready_pp0_iter149_reg  |    1|   0|    1|          0|
    |ap_loop_exit_ready_pp0_iter14_reg   |    1|   0|    1|          0|
    |ap_loop_exit_ready_pp0_iter150_reg  |    1|   0|    1|          0|
    |ap_loop_exit_ready_pp0_iter151_reg  |    1|   0|    1|          0|
    |ap_loop_exit_ready_pp0_iter152_reg  |    1|   0|    1|          0|
    |ap_loop_exit_ready_pp0_iter153_reg  |    1|   0|    1|          0|
    |ap_loop_exit_ready_pp0_iter154_reg  |    1|   0|    1|          0|
    |ap_loop_exit_ready_pp0_iter155_reg  |    1|   0|    1|          0|
    |ap_loop_exit_ready_pp0_iter156_reg  |    1|   0|    1|          0|
    |ap_loop_exit_ready_pp0_iter157_reg  |    1|   0|    1|          0|
    |ap_loop_exit_ready_pp0_iter158_reg  |    1|   0|    1|          0|
    |ap_loop_exit_ready_pp0_iter159_reg  |    1|   0|    1|          0|
    |ap_loop_exit_ready_pp0_iter15_reg   |    1|   0|    1|          0|
    |ap_loop_exit_ready_pp0_iter160_reg  |    1|   0|    1|          0|
    |ap_loop_exit_ready_pp0_iter161_reg  |    1|   0|    1|          0|
    |ap_loop_exit_ready_pp0_iter162_reg  |    1|   0|    1|          0|
    |ap_loop_exit_ready_pp0_iter163_reg  |    1|   0|    1|          0|
    |ap_loop_exit_ready_pp0_iter164_reg  |    1|   0|    1|          0|
    |ap_loop_exit_ready_pp0_iter165_reg  |    1|   0|    1|          0|
    |ap_loop_exit_ready_pp0_iter166_reg  |    1|   0|    1|          0|
    |ap_loop_exit_ready_pp0_iter167_reg  |    1|   0|    1|          0|
    |ap_loop_exit_ready_pp0_iter168_reg  |    1|   0|    1|          0|
    |ap_loop_exit_ready_pp0_iter169_reg  |    1|   0|    1|          0|
    |ap_loop_exit_ready_pp0_iter16_reg   |    1|   0|    1|          0|
    |ap_loop_exit_ready_pp0_iter170_reg  |    1|   0|    1|          0|
    |ap_loop_exit_ready_pp0_iter171_reg  |    1|   0|    1|          0|
    |ap_loop_exit_ready_pp0_iter172_reg  |    1|   0|    1|          0|
    |ap_loop_exit_ready_pp0_iter173_reg  |    1|   0|    1|          0|
    |ap_loop_exit_ready_pp0_iter174_reg  |    1|   0|    1|          0|
    |ap_loop_exit_ready_pp0_iter175_reg  |    1|   0|    1|          0|
    |ap_loop_exit_ready_pp0_iter176_reg  |    1|   0|    1|          0|
    |ap_loop_exit_ready_pp0_iter177_reg  |    1|   0|    1|          0|
    |ap_loop_exit_ready_pp0_iter178_reg  |    1|   0|    1|          0|
    |ap_loop_exit_ready_pp0_iter179_reg  |    1|   0|    1|          0|
    |ap_loop_exit_ready_pp0_iter17_reg   |    1|   0|    1|          0|
    |ap_loop_exit_ready_pp0_iter180_reg  |    1|   0|    1|          0|
    |ap_loop_exit_ready_pp0_iter181_reg  |    1|   0|    1|          0|
    |ap_loop_exit_ready_pp0_iter182_reg  |    1|   0|    1|          0|
    |ap_loop_exit_ready_pp0_iter183_reg  |    1|   0|    1|          0|
    |ap_loop_exit_ready_pp0_iter184_reg  |    1|   0|    1|          0|
    |ap_loop_exit_ready_pp0_iter185_reg  |    1|   0|    1|          0|
    |ap_loop_exit_ready_pp0_iter186_reg  |    1|   0|    1|          0|
    |ap_loop_exit_ready_pp0_iter187_reg  |    1|   0|    1|          0|
    |ap_loop_exit_ready_pp0_iter188_reg  |    1|   0|    1|          0|
    |ap_loop_exit_ready_pp0_iter189_reg  |    1|   0|    1|          0|
    |ap_loop_exit_ready_pp0_iter18_reg   |    1|   0|    1|          0|
    |ap_loop_exit_ready_pp0_iter190_reg  |    1|   0|    1|          0|
    |ap_loop_exit_ready_pp0_iter191_reg  |    1|   0|    1|          0|
    |ap_loop_exit_ready_pp0_iter192_reg  |    1|   0|    1|          0|
    |ap_loop_exit_ready_pp0_iter193_reg  |    1|   0|    1|          0|
    |ap_loop_exit_ready_pp0_iter194_reg  |    1|   0|    1|          0|
    |ap_loop_exit_ready_pp0_iter195_reg  |    1|   0|    1|          0|
    |ap_loop_exit_ready_pp0_iter196_reg  |    1|   0|    1|          0|
    |ap_loop_exit_ready_pp0_iter197_reg  |    1|   0|    1|          0|
    |ap_loop_exit_ready_pp0_iter198_reg  |    1|   0|    1|          0|
    |ap_loop_exit_ready_pp0_iter199_reg  |    1|   0|    1|          0|
    |ap_loop_exit_ready_pp0_iter19_reg   |    1|   0|    1|          0|
    |ap_loop_exit_ready_pp0_iter1_reg    |    1|   0|    1|          0|
    |ap_loop_exit_ready_pp0_iter200_reg  |    1|   0|    1|          0|
    |ap_loop_exit_ready_pp0_iter201_reg  |    1|   0|    1|          0|
    |ap_loop_exit_ready_pp0_iter202_reg  |    1|   0|    1|          0|
    |ap_loop_exit_ready_pp0_iter203_reg  |    1|   0|    1|          0|
    |ap_loop_exit_ready_pp0_iter204_reg  |    1|   0|    1|          0|
    |ap_loop_exit_ready_pp0_iter205_reg  |    1|   0|    1|          0|
    |ap_loop_exit_ready_pp0_iter206_reg  |    1|   0|    1|          0|
    |ap_loop_exit_ready_pp0_iter207_reg  |    1|   0|    1|          0|
    |ap_loop_exit_ready_pp0_iter208_reg  |    1|   0|    1|          0|
    |ap_loop_exit_ready_pp0_iter209_reg  |    1|   0|    1|          0|
    |ap_loop_exit_ready_pp0_iter20_reg   |    1|   0|    1|          0|
    |ap_loop_exit_ready_pp0_iter210_reg  |    1|   0|    1|          0|
    |ap_loop_exit_ready_pp0_iter211_reg  |    1|   0|    1|          0|
    |ap_loop_exit_ready_pp0_iter212_reg  |    1|   0|    1|          0|
    |ap_loop_exit_ready_pp0_iter213_reg  |    1|   0|    1|          0|
    |ap_loop_exit_ready_pp0_iter214_reg  |    1|   0|    1|          0|
    |ap_loop_exit_ready_pp0_iter215_reg  |    1|   0|    1|          0|
    |ap_loop_exit_ready_pp0_iter216_reg  |    1|   0|    1|          0|
    |ap_loop_exit_ready_pp0_iter217_reg  |    1|   0|    1|          0|
    |ap_loop_exit_ready_pp0_iter218_reg  |    1|   0|    1|          0|
    |ap_loop_exit_ready_pp0_iter219_reg  |    1|   0|    1|          0|
    |ap_loop_exit_ready_pp0_iter21_reg   |    1|   0|    1|          0|
    |ap_loop_exit_ready_pp0_iter220_reg  |    1|   0|    1|          0|
    |ap_loop_exit_ready_pp0_iter221_reg  |    1|   0|    1|          0|
    |ap_loop_exit_ready_pp0_iter222_reg  |    1|   0|    1|          0|
    |ap_loop_exit_ready_pp0_iter223_reg  |    1|   0|    1|          0|
    |ap_loop_exit_ready_pp0_iter224_reg  |    1|   0|    1|          0|
    |ap_loop_exit_ready_pp0_iter225_reg  |    1|   0|    1|          0|
    |ap_loop_exit_ready_pp0_iter226_reg  |    1|   0|    1|          0|
    |ap_loop_exit_ready_pp0_iter227_reg  |    1|   0|    1|          0|
    |ap_loop_exit_ready_pp0_iter228_reg  |    1|   0|    1|          0|
    |ap_loop_exit_ready_pp0_iter229_reg  |    1|   0|    1|          0|
    |ap_loop_exit_ready_pp0_iter22_reg   |    1|   0|    1|          0|
    |ap_loop_exit_ready_pp0_iter230_reg  |    1|   0|    1|          0|
    |ap_loop_exit_ready_pp0_iter231_reg  |    1|   0|    1|          0|
    |ap_loop_exit_ready_pp0_iter232_reg  |    1|   0|    1|          0|
    |ap_loop_exit_ready_pp0_iter233_reg  |    1|   0|    1|          0|
    |ap_loop_exit_ready_pp0_iter234_reg  |    1|   0|    1|          0|
    |ap_loop_exit_ready_pp0_iter235_reg  |    1|   0|    1|          0|
    |ap_loop_exit_ready_pp0_iter236_reg  |    1|   0|    1|          0|
    |ap_loop_exit_ready_pp0_iter237_reg  |    1|   0|    1|          0|
    |ap_loop_exit_ready_pp0_iter238_reg  |    1|   0|    1|          0|
    |ap_loop_exit_ready_pp0_iter239_reg  |    1|   0|    1|          0|
    |ap_loop_exit_ready_pp0_iter23_reg   |    1|   0|    1|          0|
    |ap_loop_exit_ready_pp0_iter240_reg  |    1|   0|    1|          0|
    |ap_loop_exit_ready_pp0_iter241_reg  |    1|   0|    1|          0|
    |ap_loop_exit_ready_pp0_iter242_reg  |    1|   0|    1|          0|
    |ap_loop_exit_ready_pp0_iter243_reg  |    1|   0|    1|          0|
    |ap_loop_exit_ready_pp0_iter244_reg  |    1|   0|    1|          0|
    |ap_loop_exit_ready_pp0_iter245_reg  |    1|   0|    1|          0|
    |ap_loop_exit_ready_pp0_iter246_reg  |    1|   0|    1|          0|
    |ap_loop_exit_ready_pp0_iter247_reg  |    1|   0|    1|          0|
    |ap_loop_exit_ready_pp0_iter248_reg  |    1|   0|    1|          0|
    |ap_loop_exit_ready_pp0_iter249_reg  |    1|   0|    1|          0|
    |ap_loop_exit_ready_pp0_iter24_reg   |    1|   0|    1|          0|
    |ap_loop_exit_ready_pp0_iter250_reg  |    1|   0|    1|          0|
    |ap_loop_exit_ready_pp0_iter251_reg  |    1|   0|    1|          0|
    |ap_loop_exit_ready_pp0_iter252_reg  |    1|   0|    1|          0|
    |ap_loop_exit_ready_pp0_iter253_reg  |    1|   0|    1|          0|
    |ap_loop_exit_ready_pp0_iter254_reg  |    1|   0|    1|          0|
    |ap_loop_exit_ready_pp0_iter255_reg  |    1|   0|    1|          0|
    |ap_loop_exit_ready_pp0_iter256_reg  |    1|   0|    1|          0|
    |ap_loop_exit_ready_pp0_iter257_reg  |    1|   0|    1|          0|
    |ap_loop_exit_ready_pp0_iter258_reg  |    1|   0|    1|          0|
    |ap_loop_exit_ready_pp0_iter259_reg  |    1|   0|    1|          0|
    |ap_loop_exit_ready_pp0_iter25_reg   |    1|   0|    1|          0|
    |ap_loop_exit_ready_pp0_iter260_reg  |    1|   0|    1|          0|
    |ap_loop_exit_ready_pp0_iter261_reg  |    1|   0|    1|          0|
    |ap_loop_exit_ready_pp0_iter262_reg  |    1|   0|    1|          0|
    |ap_loop_exit_ready_pp0_iter263_reg  |    1|   0|    1|          0|
    |ap_loop_exit_ready_pp0_iter264_reg  |    1|   0|    1|          0|
    |ap_loop_exit_ready_pp0_iter265_reg  |    1|   0|    1|          0|
    |ap_loop_exit_ready_pp0_iter266_reg  |    1|   0|    1|          0|
    |ap_loop_exit_ready_pp0_iter267_reg  |    1|   0|    1|          0|
    |ap_loop_exit_ready_pp0_iter268_reg  |    1|   0|    1|          0|
    |ap_loop_exit_ready_pp0_iter269_reg  |    1|   0|    1|          0|
    |ap_loop_exit_ready_pp0_iter26_reg   |    1|   0|    1|          0|
    |ap_loop_exit_ready_pp0_iter270_reg  |    1|   0|    1|          0|
    |ap_loop_exit_ready_pp0_iter271_reg  |    1|   0|    1|          0|
    |ap_loop_exit_ready_pp0_iter272_reg  |    1|   0|    1|          0|
    |ap_loop_exit_ready_pp0_iter273_reg  |    1|   0|    1|          0|
    |ap_loop_exit_ready_pp0_iter274_reg  |    1|   0|    1|          0|
    |ap_loop_exit_ready_pp0_iter275_reg  |    1|   0|    1|          0|
    |ap_loop_exit_ready_pp0_iter276_reg  |    1|   0|    1|          0|
    |ap_loop_exit_ready_pp0_iter277_reg  |    1|   0|    1|          0|
    |ap_loop_exit_ready_pp0_iter278_reg  |    1|   0|    1|          0|
    |ap_loop_exit_ready_pp0_iter279_reg  |    1|   0|    1|          0|
    |ap_loop_exit_ready_pp0_iter27_reg   |    1|   0|    1|          0|
    |ap_loop_exit_ready_pp0_iter280_reg  |    1|   0|    1|          0|
    |ap_loop_exit_ready_pp0_iter281_reg  |    1|   0|    1|          0|
    |ap_loop_exit_ready_pp0_iter282_reg  |    1|   0|    1|          0|
    |ap_loop_exit_ready_pp0_iter283_reg  |    1|   0|    1|          0|
    |ap_loop_exit_ready_pp0_iter284_reg  |    1|   0|    1|          0|
    |ap_loop_exit_ready_pp0_iter285_reg  |    1|   0|    1|          0|
    |ap_loop_exit_ready_pp0_iter286_reg  |    1|   0|    1|          0|
    |ap_loop_exit_ready_pp0_iter287_reg  |    1|   0|    1|          0|
    |ap_loop_exit_ready_pp0_iter288_reg  |    1|   0|    1|          0|
    |ap_loop_exit_ready_pp0_iter289_reg  |    1|   0|    1|          0|
    |ap_loop_exit_ready_pp0_iter28_reg   |    1|   0|    1|          0|
    |ap_loop_exit_ready_pp0_iter290_reg  |    1|   0|    1|          0|
    |ap_loop_exit_ready_pp0_iter291_reg  |    1|   0|    1|          0|
    |ap_loop_exit_ready_pp0_iter292_reg  |    1|   0|    1|          0|
    |ap_loop_exit_ready_pp0_iter293_reg  |    1|   0|    1|          0|
    |ap_loop_exit_ready_pp0_iter294_reg  |    1|   0|    1|          0|
    |ap_loop_exit_ready_pp0_iter295_reg  |    1|   0|    1|          0|
    |ap_loop_exit_ready_pp0_iter296_reg  |    1|   0|    1|          0|
    |ap_loop_exit_ready_pp0_iter297_reg  |    1|   0|    1|          0|
    |ap_loop_exit_ready_pp0_iter298_reg  |    1|   0|    1|          0|
    |ap_loop_exit_ready_pp0_iter299_reg  |    1|   0|    1|          0|
    |ap_loop_exit_ready_pp0_iter29_reg   |    1|   0|    1|          0|
    |ap_loop_exit_ready_pp0_iter2_reg    |    1|   0|    1|          0|
    |ap_loop_exit_ready_pp0_iter300_reg  |    1|   0|    1|          0|
    |ap_loop_exit_ready_pp0_iter301_reg  |    1|   0|    1|          0|
    |ap_loop_exit_ready_pp0_iter302_reg  |    1|   0|    1|          0|
    |ap_loop_exit_ready_pp0_iter303_reg  |    1|   0|    1|          0|
    |ap_loop_exit_ready_pp0_iter304_reg  |    1|   0|    1|          0|
    |ap_loop_exit_ready_pp0_iter305_reg  |    1|   0|    1|          0|
    |ap_loop_exit_ready_pp0_iter306_reg  |    1|   0|    1|          0|
    |ap_loop_exit_ready_pp0_iter307_reg  |    1|   0|    1|          0|
    |ap_loop_exit_ready_pp0_iter308_reg  |    1|   0|    1|          0|
    |ap_loop_exit_ready_pp0_iter309_reg  |    1|   0|    1|          0|
    |ap_loop_exit_ready_pp0_iter30_reg   |    1|   0|    1|          0|
    |ap_loop_exit_ready_pp0_iter310_reg  |    1|   0|    1|          0|
    |ap_loop_exit_ready_pp0_iter311_reg  |    1|   0|    1|          0|
    |ap_loop_exit_ready_pp0_iter312_reg  |    1|   0|    1|          0|
    |ap_loop_exit_ready_pp0_iter313_reg  |    1|   0|    1|          0|
    |ap_loop_exit_ready_pp0_iter314_reg  |    1|   0|    1|          0|
    |ap_loop_exit_ready_pp0_iter315_reg  |    1|   0|    1|          0|
    |ap_loop_exit_ready_pp0_iter316_reg  |    1|   0|    1|          0|
    |ap_loop_exit_ready_pp0_iter317_reg  |    1|   0|    1|          0|
    |ap_loop_exit_ready_pp0_iter318_reg  |    1|   0|    1|          0|
    |ap_loop_exit_ready_pp0_iter319_reg  |    1|   0|    1|          0|
    |ap_loop_exit_ready_pp0_iter31_reg   |    1|   0|    1|          0|
    |ap_loop_exit_ready_pp0_iter320_reg  |    1|   0|    1|          0|
    |ap_loop_exit_ready_pp0_iter321_reg  |    1|   0|    1|          0|
    |ap_loop_exit_ready_pp0_iter322_reg  |    1|   0|    1|          0|
    |ap_loop_exit_ready_pp0_iter323_reg  |    1|   0|    1|          0|
    |ap_loop_exit_ready_pp0_iter324_reg  |    1|   0|    1|          0|
    |ap_loop_exit_ready_pp0_iter325_reg  |    1|   0|    1|          0|
    |ap_loop_exit_ready_pp0_iter326_reg  |    1|   0|    1|          0|
    |ap_loop_exit_ready_pp0_iter327_reg  |    1|   0|    1|          0|
    |ap_loop_exit_ready_pp0_iter328_reg  |    1|   0|    1|          0|
    |ap_loop_exit_ready_pp0_iter329_reg  |    1|   0|    1|          0|
    |ap_loop_exit_ready_pp0_iter32_reg   |    1|   0|    1|          0|
    |ap_loop_exit_ready_pp0_iter330_reg  |    1|   0|    1|          0|
    |ap_loop_exit_ready_pp0_iter331_reg  |    1|   0|    1|          0|
    |ap_loop_exit_ready_pp0_iter332_reg  |    1|   0|    1|          0|
    |ap_loop_exit_ready_pp0_iter333_reg  |    1|   0|    1|          0|
    |ap_loop_exit_ready_pp0_iter334_reg  |    1|   0|    1|          0|
    |ap_loop_exit_ready_pp0_iter335_reg  |    1|   0|    1|          0|
    |ap_loop_exit_ready_pp0_iter336_reg  |    1|   0|    1|          0|
    |ap_loop_exit_ready_pp0_iter337_reg  |    1|   0|    1|          0|
    |ap_loop_exit_ready_pp0_iter338_reg  |    1|   0|    1|          0|
    |ap_loop_exit_ready_pp0_iter339_reg  |    1|   0|    1|          0|
    |ap_loop_exit_ready_pp0_iter33_reg   |    1|   0|    1|          0|
    |ap_loop_exit_ready_pp0_iter34_reg   |    1|   0|    1|          0|
    |ap_loop_exit_ready_pp0_iter35_reg   |    1|   0|    1|          0|
    |ap_loop_exit_ready_pp0_iter36_reg   |    1|   0|    1|          0|
    |ap_loop_exit_ready_pp0_iter37_reg   |    1|   0|    1|          0|
    |ap_loop_exit_ready_pp0_iter38_reg   |    1|   0|    1|          0|
    |ap_loop_exit_ready_pp0_iter39_reg   |    1|   0|    1|          0|
    |ap_loop_exit_ready_pp0_iter3_reg    |    1|   0|    1|          0|
    |ap_loop_exit_ready_pp0_iter40_reg   |    1|   0|    1|          0|
    |ap_loop_exit_ready_pp0_iter41_reg   |    1|   0|    1|          0|
    |ap_loop_exit_ready_pp0_iter42_reg   |    1|   0|    1|          0|
    |ap_loop_exit_ready_pp0_iter43_reg   |    1|   0|    1|          0|
    |ap_loop_exit_ready_pp0_iter44_reg   |    1|   0|    1|          0|
    |ap_loop_exit_ready_pp0_iter45_reg   |    1|   0|    1|          0|
    |ap_loop_exit_ready_pp0_iter46_reg   |    1|   0|    1|          0|
    |ap_loop_exit_ready_pp0_iter47_reg   |    1|   0|    1|          0|
    |ap_loop_exit_ready_pp0_iter48_reg   |    1|   0|    1|          0|
    |ap_loop_exit_ready_pp0_iter49_reg   |    1|   0|    1|          0|
    |ap_loop_exit_ready_pp0_iter4_reg    |    1|   0|    1|          0|
    |ap_loop_exit_ready_pp0_iter50_reg   |    1|   0|    1|          0|
    |ap_loop_exit_ready_pp0_iter51_reg   |    1|   0|    1|          0|
    |ap_loop_exit_ready_pp0_iter52_reg   |    1|   0|    1|          0|
    |ap_loop_exit_ready_pp0_iter53_reg   |    1|   0|    1|          0|
    |ap_loop_exit_ready_pp0_iter54_reg   |    1|   0|    1|          0|
    |ap_loop_exit_ready_pp0_iter55_reg   |    1|   0|    1|          0|
    |ap_loop_exit_ready_pp0_iter56_reg   |    1|   0|    1|          0|
    |ap_loop_exit_ready_pp0_iter57_reg   |    1|   0|    1|          0|
    |ap_loop_exit_ready_pp0_iter58_reg   |    1|   0|    1|          0|
    |ap_loop_exit_ready_pp0_iter59_reg   |    1|   0|    1|          0|
    |ap_loop_exit_ready_pp0_iter5_reg    |    1|   0|    1|          0|
    |ap_loop_exit_ready_pp0_iter60_reg   |    1|   0|    1|          0|
    |ap_loop_exit_ready_pp0_iter61_reg   |    1|   0|    1|          0|
    |ap_loop_exit_ready_pp0_iter62_reg   |    1|   0|    1|          0|
    |ap_loop_exit_ready_pp0_iter63_reg   |    1|   0|    1|          0|
    |ap_loop_exit_ready_pp0_iter64_reg   |    1|   0|    1|          0|
    |ap_loop_exit_ready_pp0_iter65_reg   |    1|   0|    1|          0|
    |ap_loop_exit_ready_pp0_iter66_reg   |    1|   0|    1|          0|
    |ap_loop_exit_ready_pp0_iter67_reg   |    1|   0|    1|          0|
    |ap_loop_exit_ready_pp0_iter68_reg   |    1|   0|    1|          0|
    |ap_loop_exit_ready_pp0_iter69_reg   |    1|   0|    1|          0|
    |ap_loop_exit_ready_pp0_iter6_reg    |    1|   0|    1|          0|
    |ap_loop_exit_ready_pp0_iter70_reg   |    1|   0|    1|          0|
    |ap_loop_exit_ready_pp0_iter71_reg   |    1|   0|    1|          0|
    |ap_loop_exit_ready_pp0_iter72_reg   |    1|   0|    1|          0|
    |ap_loop_exit_ready_pp0_iter73_reg   |    1|   0|    1|          0|
    |ap_loop_exit_ready_pp0_iter74_reg   |    1|   0|    1|          0|
    |ap_loop_exit_ready_pp0_iter75_reg   |    1|   0|    1|          0|
    |ap_loop_exit_ready_pp0_iter76_reg   |    1|   0|    1|          0|
    |ap_loop_exit_ready_pp0_iter77_reg   |    1|   0|    1|          0|
    |ap_loop_exit_ready_pp0_iter78_reg   |    1|   0|    1|          0|
    |ap_loop_exit_ready_pp0_iter79_reg   |    1|   0|    1|          0|
    |ap_loop_exit_ready_pp0_iter7_reg    |    1|   0|    1|          0|
    |ap_loop_exit_ready_pp0_iter80_reg   |    1|   0|    1|          0|
    |ap_loop_exit_ready_pp0_iter81_reg   |    1|   0|    1|          0|
    |ap_loop_exit_ready_pp0_iter82_reg   |    1|   0|    1|          0|
    |ap_loop_exit_ready_pp0_iter83_reg   |    1|   0|    1|          0|
    |ap_loop_exit_ready_pp0_iter84_reg   |    1|   0|    1|          0|
    |ap_loop_exit_ready_pp0_iter85_reg   |    1|   0|    1|          0|
    |ap_loop_exit_ready_pp0_iter86_reg   |    1|   0|    1|          0|
    |ap_loop_exit_ready_pp0_iter87_reg   |    1|   0|    1|          0|
    |ap_loop_exit_ready_pp0_iter88_reg   |    1|   0|    1|          0|
    |ap_loop_exit_ready_pp0_iter89_reg   |    1|   0|    1|          0|
    |ap_loop_exit_ready_pp0_iter8_reg    |    1|   0|    1|          0|
    |ap_loop_exit_ready_pp0_iter90_reg   |    1|   0|    1|          0|
    |ap_loop_exit_ready_pp0_iter91_reg   |    1|   0|    1|          0|
    |ap_loop_exit_ready_pp0_iter92_reg   |    1|   0|    1|          0|
    |ap_loop_exit_ready_pp0_iter93_reg   |    1|   0|    1|          0|
    |ap_loop_exit_ready_pp0_iter94_reg   |    1|   0|    1|          0|
    |ap_loop_exit_ready_pp0_iter95_reg   |    1|   0|    1|          0|
    |ap_loop_exit_ready_pp0_iter96_reg   |    1|   0|    1|          0|
    |ap_loop_exit_ready_pp0_iter97_reg   |    1|   0|    1|          0|
    |ap_loop_exit_ready_pp0_iter98_reg   |    1|   0|    1|          0|
    |ap_loop_exit_ready_pp0_iter99_reg   |    1|   0|    1|          0|
    |ap_loop_exit_ready_pp0_iter9_reg    |    1|   0|    1|          0|
    |data_idx_fu_232                     |   13|   0|   13|          0|
    |icmp_ln126_1_reg_2415               |    1|   0|    1|          0|
    |icmp_ln126_3_reg_2420               |    1|   0|    1|          0|
    |icmp_ln126_5_reg_2425               |    1|   0|    1|          0|
    |icmp_ln126_7_reg_2430               |    1|   0|    1|          0|
    |icmp_ln126_9_reg_2435               |    1|   0|    1|          0|
    |icmp_ln64_reg_2341                  |    1|   0|    1|          0|
    |icmp_ln93_1_reg_2490                |    1|   0|    1|          0|
    |icmp_ln93_reg_2405                  |    1|   0|    1|          0|
    |inc197_i249_fu_260                  |   32|   0|   32|          0|
    |inc197_i249_load_reg_2675           |   32|   0|   32|          0|
    |inc197_i_1251_fu_264                |   32|   0|   32|          0|
    |inc197_i_1251_load_reg_2680         |   32|   0|   32|          0|
    |inc197_i_2253_fu_268                |   32|   0|   32|          0|
    |inc197_i_2253_load_reg_2685         |   32|   0|   32|          0|
    |inc197_i_3255_fu_272                |   32|   0|   32|          0|
    |inc197_i_3255_load_reg_2690         |   32|   0|   32|          0|
    |inc197_i_4257_fu_276                |   32|   0|   32|          0|
    |inc197_i_4257_load_reg_2695         |   32|   0|   32|          0|
    |local_mod_1_cast7_cast_reg_2248     |   64|   0|   65|          1|
    |local_mod_1_cast_cast_reg_2306      |   64|   0|  128|         64|
    |local_mod_2_cast8_cast_reg_2237     |   64|   0|   65|          1|
    |local_mod_2_cast_cast_reg_2294      |   64|   0|  128|         64|
    |local_mod_3_cast9_cast_reg_2226     |   64|   0|   65|          1|
    |local_mod_3_cast_cast_reg_2282      |   64|   0|  128|         64|
    |local_mod_4_cast10_cast_reg_2215    |   64|   0|   65|          1|
    |local_mod_4_cast_cast_reg_2270      |   64|   0|  128|         64|
    |local_mod_cast6_cast_reg_2259       |   64|   0|   65|          1|
    |local_mod_cast_cast_reg_2318        |   64|   0|  128|         64|
    |local_w_10_cast_cast_reg_2210       |   64|   0|  128|         64|
    |local_w_11_cast_cast_reg_2205       |   64|   0|  128|         64|
    |local_w_12_cast_cast_reg_2200       |   64|   0|  128|         64|
    |local_w_13_cast_cast_reg_2195       |   64|   0|  128|         64|
    |local_w_14_cast_cast_reg_2190       |   64|   0|  128|         64|
    |local_w_1_cast_cast_reg_2313        |   64|   0|  128|         64|
    |local_w_2_cast_cast_reg_2301        |   64|   0|  128|         64|
    |local_w_3_cast_cast_reg_2289        |   64|   0|  128|         64|
    |local_w_4_cast_cast_reg_2277        |   64|   0|  128|         64|
    |local_w_5_cast_cast_reg_2265        |   64|   0|  128|         64|
    |local_w_6_cast_cast_reg_2254        |   64|   0|  128|         64|
    |local_w_7_cast_cast_reg_2243        |   64|   0|  128|         64|
    |local_w_8_cast_cast_reg_2232        |   64|   0|  128|         64|
    |local_w_9_cast_cast_reg_2221        |   64|   0|  128|         64|
    |local_w_cast_cast_reg_2325          |   64|   0|  128|         64|
    |mul_ln114_10_reg_2550               |  128|   0|  128|          0|
    |mul_ln114_11_reg_2555               |  128|   0|  128|          0|
    |mul_ln114_12_reg_2560               |  128|   0|  128|          0|
    |mul_ln114_13_reg_2565               |  128|   0|  128|          0|
    |mul_ln114_14_reg_2570               |  128|   0|  128|          0|
    |mul_ln114_1_reg_2380                |  128|   0|  128|          0|
    |mul_ln114_2_reg_2385                |  128|   0|  128|          0|
    |mul_ln114_3_reg_2390                |  128|   0|  128|          0|
    |mul_ln114_4_reg_2395                |  128|   0|  128|          0|
    |mul_ln114_5_reg_2465                |  128|   0|  128|          0|
    |mul_ln114_6_reg_2470                |  128|   0|  128|          0|
    |mul_ln114_7_reg_2475                |  128|   0|  128|          0|
    |mul_ln114_8_reg_2480                |  128|   0|  128|          0|
    |mul_ln114_9_reg_2485                |  128|   0|  128|          0|
    |mul_ln114_reg_2375                  |  128|   0|  128|          0|
    |sum_in_1_fu_200                     |   64|   0|   64|          0|
    |sum_in_2_fu_208                     |   64|   0|   64|          0|
    |sum_in_3_fu_216                     |   64|   0|   64|          0|
    |sum_in_4_fu_224                     |   64|   0|   64|          0|
    |sum_in_5_fu_196                     |   64|   0|   64|          0|
    |sum_in_6_fu_204                     |   64|   0|   64|          0|
    |sum_in_7_fu_212                     |   64|   0|   64|          0|
    |sum_in_8_fu_220                     |   64|   0|   64|          0|
    |sum_in_9_fu_228                     |   64|   0|   64|          0|
    |sum_in_fu_192                       |   64|   0|   64|          0|
    |t_reg_2330                          |   13|   0|   13|          0|
    |urem_ln114_10_reg_2625              |   65|   0|   65|          0|
    |urem_ln114_11_reg_2630              |   65|   0|   65|          0|
    |urem_ln114_12_reg_2635              |   65|   0|   65|          0|
    |urem_ln114_13_reg_2640              |   65|   0|   65|          0|
    |urem_ln114_14_reg_2645              |   65|   0|   65|          0|
    |urem_ln114_5_reg_2575               |   65|   0|   65|          0|
    |urem_ln114_6_reg_2580               |   65|   0|   65|          0|
    |urem_ln114_7_reg_2585               |   65|   0|   65|          0|
    |urem_ln114_8_reg_2590               |   65|   0|   65|          0|
    |urem_ln114_9_reg_2595               |   65|   0|   65|          0|
    |x_in_10_fu_180                      |   64|   0|   64|          0|
    |x_in_11_fu_252                      |   64|   0|   64|          0|
    |x_in_12_fu_184                      |   64|   0|   64|          0|
    |x_in_13_fu_256                      |   64|   0|   64|          0|
    |x_in_14_fu_188                      |   64|   0|   64|          0|
    |x_in_1_fu_236                       |   64|   0|   64|          0|
    |x_in_2_fu_160                       |   64|   0|   64|          0|
    |x_in_3_fu_240                       |   64|   0|   64|          0|
    |x_in_4_fu_164                       |   64|   0|   64|          0|
    |x_in_5_fu_168                       |   64|   0|   64|          0|
    |x_in_6_fu_244                       |   64|   0|   64|          0|
    |x_in_7_fu_172                       |   64|   0|   64|          0|
    |x_in_8_fu_248                       |   64|   0|   64|          0|
    |x_in_9_fu_176                       |   64|   0|   64|          0|
    |x_in_fu_156                         |   64|   0|   64|          0|
    |zext_ln64_1_reg_2400                |   13|   0|   14|          1|
    |icmp_ln126_1_reg_2415               |   64|  32|    1|          0|
    |icmp_ln126_3_reg_2420               |   64|  32|    1|          0|
    |icmp_ln126_5_reg_2425               |   64|  32|    1|          0|
    |icmp_ln126_7_reg_2430               |   64|  32|    1|          0|
    |icmp_ln126_9_reg_2435               |   64|  32|    1|          0|
    |icmp_ln64_reg_2341                  |   64|  32|    1|          0|
    |t_reg_2330                          |   64|  32|   13|          0|
    |zext_ln64_1_reg_2400                |   64|  32|   14|          1|
    +------------------------------------+-----+----+-----+-----------+
    |Total                               | 7335| 256| 8142|       1287|
    +------------------------------------+-----+----+-----+-----------+



================================================================
== Interface
================================================================
* Summary: 
+------------------------+-----+-----+------------+--------------------------------------+--------------+
|        RTL Ports       | Dir | Bits|  Protocol  |             Source Object            |    C Type    |
+------------------------+-----+-----+------------+--------------------------------------+--------------+
|ap_clk                  |   in|    1|  ap_ctrl_hs|  Compute_BConv_Pipeline_Systolic_Loop|  return value|
|ap_rst                  |   in|    1|  ap_ctrl_hs|  Compute_BConv_Pipeline_Systolic_Loop|  return value|
|ap_start                |   in|    1|  ap_ctrl_hs|  Compute_BConv_Pipeline_Systolic_Loop|  return value|
|ap_done                 |  out|    1|  ap_ctrl_hs|  Compute_BConv_Pipeline_Systolic_Loop|  return value|
|ap_idle                 |  out|    1|  ap_ctrl_hs|  Compute_BConv_Pipeline_Systolic_Loop|  return value|
|ap_ready                |  out|    1|  ap_ctrl_hs|  Compute_BConv_Pipeline_Systolic_Loop|  return value|
|grp_fu_3707_p_din0      |  out|   64|  ap_ctrl_hs|  Compute_BConv_Pipeline_Systolic_Loop|  return value|
|grp_fu_3707_p_din1      |  out|   64|  ap_ctrl_hs|  Compute_BConv_Pipeline_Systolic_Loop|  return value|
|grp_fu_3707_p_dout0     |   in|  128|  ap_ctrl_hs|  Compute_BConv_Pipeline_Systolic_Loop|  return value|
|grp_fu_3707_p_ce        |  out|    1|  ap_ctrl_hs|  Compute_BConv_Pipeline_Systolic_Loop|  return value|
|grp_fu_3711_p_din0      |  out|   64|  ap_ctrl_hs|  Compute_BConv_Pipeline_Systolic_Loop|  return value|
|grp_fu_3711_p_din1      |  out|   64|  ap_ctrl_hs|  Compute_BConv_Pipeline_Systolic_Loop|  return value|
|grp_fu_3711_p_dout0     |   in|  128|  ap_ctrl_hs|  Compute_BConv_Pipeline_Systolic_Loop|  return value|
|grp_fu_3711_p_ce        |  out|    1|  ap_ctrl_hs|  Compute_BConv_Pipeline_Systolic_Loop|  return value|
|grp_fu_3715_p_din0      |  out|   64|  ap_ctrl_hs|  Compute_BConv_Pipeline_Systolic_Loop|  return value|
|grp_fu_3715_p_din1      |  out|   64|  ap_ctrl_hs|  Compute_BConv_Pipeline_Systolic_Loop|  return value|
|grp_fu_3715_p_dout0     |   in|  128|  ap_ctrl_hs|  Compute_BConv_Pipeline_Systolic_Loop|  return value|
|grp_fu_3715_p_ce        |  out|    1|  ap_ctrl_hs|  Compute_BConv_Pipeline_Systolic_Loop|  return value|
|grp_fu_3719_p_din0      |  out|   64|  ap_ctrl_hs|  Compute_BConv_Pipeline_Systolic_Loop|  return value|
|grp_fu_3719_p_din1      |  out|   64|  ap_ctrl_hs|  Compute_BConv_Pipeline_Systolic_Loop|  return value|
|grp_fu_3719_p_dout0     |   in|  128|  ap_ctrl_hs|  Compute_BConv_Pipeline_Systolic_Loop|  return value|
|grp_fu_3719_p_ce        |  out|    1|  ap_ctrl_hs|  Compute_BConv_Pipeline_Systolic_Loop|  return value|
|grp_fu_3723_p_din0      |  out|   64|  ap_ctrl_hs|  Compute_BConv_Pipeline_Systolic_Loop|  return value|
|grp_fu_3723_p_din1      |  out|   64|  ap_ctrl_hs|  Compute_BConv_Pipeline_Systolic_Loop|  return value|
|grp_fu_3723_p_dout0     |   in|  128|  ap_ctrl_hs|  Compute_BConv_Pipeline_Systolic_Loop|  return value|
|grp_fu_3723_p_ce        |  out|    1|  ap_ctrl_hs|  Compute_BConv_Pipeline_Systolic_Loop|  return value|
|grp_fu_3727_p_din0      |  out|   64|  ap_ctrl_hs|  Compute_BConv_Pipeline_Systolic_Loop|  return value|
|grp_fu_3727_p_din1      |  out|   64|  ap_ctrl_hs|  Compute_BConv_Pipeline_Systolic_Loop|  return value|
|grp_fu_3727_p_dout0     |   in|  128|  ap_ctrl_hs|  Compute_BConv_Pipeline_Systolic_Loop|  return value|
|grp_fu_3727_p_ce        |  out|    1|  ap_ctrl_hs|  Compute_BConv_Pipeline_Systolic_Loop|  return value|
|grp_fu_3731_p_din0      |  out|   64|  ap_ctrl_hs|  Compute_BConv_Pipeline_Systolic_Loop|  return value|
|grp_fu_3731_p_din1      |  out|   64|  ap_ctrl_hs|  Compute_BConv_Pipeline_Systolic_Loop|  return value|
|grp_fu_3731_p_dout0     |   in|  128|  ap_ctrl_hs|  Compute_BConv_Pipeline_Systolic_Loop|  return value|
|grp_fu_3731_p_ce        |  out|    1|  ap_ctrl_hs|  Compute_BConv_Pipeline_Systolic_Loop|  return value|
|grp_fu_3735_p_din0      |  out|   64|  ap_ctrl_hs|  Compute_BConv_Pipeline_Systolic_Loop|  return value|
|grp_fu_3735_p_din1      |  out|   64|  ap_ctrl_hs|  Compute_BConv_Pipeline_Systolic_Loop|  return value|
|grp_fu_3735_p_dout0     |   in|  128|  ap_ctrl_hs|  Compute_BConv_Pipeline_Systolic_Loop|  return value|
|grp_fu_3735_p_ce        |  out|    1|  ap_ctrl_hs|  Compute_BConv_Pipeline_Systolic_Loop|  return value|
|grp_fu_3739_p_din0      |  out|   64|  ap_ctrl_hs|  Compute_BConv_Pipeline_Systolic_Loop|  return value|
|grp_fu_3739_p_din1      |  out|   64|  ap_ctrl_hs|  Compute_BConv_Pipeline_Systolic_Loop|  return value|
|grp_fu_3739_p_dout0     |   in|  128|  ap_ctrl_hs|  Compute_BConv_Pipeline_Systolic_Loop|  return value|
|grp_fu_3739_p_ce        |  out|    1|  ap_ctrl_hs|  Compute_BConv_Pipeline_Systolic_Loop|  return value|
|grp_fu_3743_p_din0      |  out|   64|  ap_ctrl_hs|  Compute_BConv_Pipeline_Systolic_Loop|  return value|
|grp_fu_3743_p_din1      |  out|   64|  ap_ctrl_hs|  Compute_BConv_Pipeline_Systolic_Loop|  return value|
|grp_fu_3743_p_dout0     |   in|  128|  ap_ctrl_hs|  Compute_BConv_Pipeline_Systolic_Loop|  return value|
|grp_fu_3743_p_ce        |  out|    1|  ap_ctrl_hs|  Compute_BConv_Pipeline_Systolic_Loop|  return value|
|grp_fu_3747_p_din0      |  out|   64|  ap_ctrl_hs|  Compute_BConv_Pipeline_Systolic_Loop|  return value|
|grp_fu_3747_p_din1      |  out|   64|  ap_ctrl_hs|  Compute_BConv_Pipeline_Systolic_Loop|  return value|
|grp_fu_3747_p_dout0     |   in|  128|  ap_ctrl_hs|  Compute_BConv_Pipeline_Systolic_Loop|  return value|
|grp_fu_3747_p_ce        |  out|    1|  ap_ctrl_hs|  Compute_BConv_Pipeline_Systolic_Loop|  return value|
|grp_fu_3751_p_din0      |  out|   64|  ap_ctrl_hs|  Compute_BConv_Pipeline_Systolic_Loop|  return value|
|grp_fu_3751_p_din1      |  out|   64|  ap_ctrl_hs|  Compute_BConv_Pipeline_Systolic_Loop|  return value|
|grp_fu_3751_p_dout0     |   in|  128|  ap_ctrl_hs|  Compute_BConv_Pipeline_Systolic_Loop|  return value|
|grp_fu_3751_p_ce        |  out|    1|  ap_ctrl_hs|  Compute_BConv_Pipeline_Systolic_Loop|  return value|
|grp_fu_3755_p_din0      |  out|   64|  ap_ctrl_hs|  Compute_BConv_Pipeline_Systolic_Loop|  return value|
|grp_fu_3755_p_din1      |  out|   64|  ap_ctrl_hs|  Compute_BConv_Pipeline_Systolic_Loop|  return value|
|grp_fu_3755_p_dout0     |   in|  128|  ap_ctrl_hs|  Compute_BConv_Pipeline_Systolic_Loop|  return value|
|grp_fu_3755_p_ce        |  out|    1|  ap_ctrl_hs|  Compute_BConv_Pipeline_Systolic_Loop|  return value|
|grp_fu_3759_p_din0      |  out|   64|  ap_ctrl_hs|  Compute_BConv_Pipeline_Systolic_Loop|  return value|
|grp_fu_3759_p_din1      |  out|   64|  ap_ctrl_hs|  Compute_BConv_Pipeline_Systolic_Loop|  return value|
|grp_fu_3759_p_dout0     |   in|  128|  ap_ctrl_hs|  Compute_BConv_Pipeline_Systolic_Loop|  return value|
|grp_fu_3759_p_ce        |  out|    1|  ap_ctrl_hs|  Compute_BConv_Pipeline_Systolic_Loop|  return value|
|grp_fu_3763_p_din0      |  out|   64|  ap_ctrl_hs|  Compute_BConv_Pipeline_Systolic_Loop|  return value|
|grp_fu_3763_p_din1      |  out|   64|  ap_ctrl_hs|  Compute_BConv_Pipeline_Systolic_Loop|  return value|
|grp_fu_3763_p_dout0     |   in|  128|  ap_ctrl_hs|  Compute_BConv_Pipeline_Systolic_Loop|  return value|
|grp_fu_3763_p_ce        |  out|    1|  ap_ctrl_hs|  Compute_BConv_Pipeline_Systolic_Loop|  return value|
|cmp178_i_4              |   in|    1|     ap_none|                            cmp178_i_4|        scalar|
|icmp58                  |   in|    1|     ap_none|                                icmp58|        scalar|
|cmp178_i_2              |   in|    1|     ap_none|                            cmp178_i_2|        scalar|
|icmp                    |   in|    1|     ap_none|                                  icmp|        scalar|
|local_out_x_8_address1  |  out|   12|   ap_memory|                         local_out_x_8|         array|
|local_out_x_8_ce1       |  out|    1|   ap_memory|                         local_out_x_8|         array|
|local_out_x_8_we1       |  out|    1|   ap_memory|                         local_out_x_8|         array|
|local_out_x_8_d1        |  out|   64|   ap_memory|                         local_out_x_8|         array|
|local_out_x_7_address1  |  out|   12|   ap_memory|                         local_out_x_7|         array|
|local_out_x_7_ce1       |  out|    1|   ap_memory|                         local_out_x_7|         array|
|local_out_x_7_we1       |  out|    1|   ap_memory|                         local_out_x_7|         array|
|local_out_x_7_d1        |  out|   64|   ap_memory|                         local_out_x_7|         array|
|local_out_x_6_address1  |  out|   12|   ap_memory|                         local_out_x_6|         array|
|local_out_x_6_ce1       |  out|    1|   ap_memory|                         local_out_x_6|         array|
|local_out_x_6_we1       |  out|    1|   ap_memory|                         local_out_x_6|         array|
|local_out_x_6_d1        |  out|   64|   ap_memory|                         local_out_x_6|         array|
|local_out_x_5_address1  |  out|   12|   ap_memory|                         local_out_x_5|         array|
|local_out_x_5_ce1       |  out|    1|   ap_memory|                         local_out_x_5|         array|
|local_out_x_5_we1       |  out|    1|   ap_memory|                         local_out_x_5|         array|
|local_out_x_5_d1        |  out|   64|   ap_memory|                         local_out_x_5|         array|
|local_out_x_address1    |  out|   12|   ap_memory|                           local_out_x|         array|
|local_out_x_ce1         |  out|    1|   ap_memory|                           local_out_x|         array|
|local_out_x_we1         |  out|    1|   ap_memory|                           local_out_x|         array|
|local_out_x_d1          |  out|   64|   ap_memory|                           local_out_x|         array|
|local_in_x_address0     |  out|   12|   ap_memory|                            local_in_x|         array|
|local_in_x_ce0          |  out|    1|   ap_memory|                            local_in_x|         array|
|local_in_x_q0           |   in|   64|   ap_memory|                            local_in_x|         array|
|local_in_x_3_address0   |  out|   12|   ap_memory|                          local_in_x_3|         array|
|local_in_x_3_ce0        |  out|    1|   ap_memory|                          local_in_x_3|         array|
|local_in_x_3_q0         |   in|   64|   ap_memory|                          local_in_x_3|         array|
|local_in_x_4_address0   |  out|   12|   ap_memory|                          local_in_x_4|         array|
|local_in_x_4_ce0        |  out|    1|   ap_memory|                          local_in_x_4|         array|
|local_in_x_4_q0         |   in|   64|   ap_memory|                          local_in_x_4|         array|
|local_w_cast            |   in|   64|     ap_none|                          local_w_cast|        scalar|
|local_mod_cast          |   in|   64|     ap_none|                        local_mod_cast|        scalar|
|local_mod_reload        |   in|   64|     ap_none|                      local_mod_reload|        scalar|
|local_w_1_cast          |   in|   64|     ap_none|                        local_w_1_cast|        scalar|
|local_mod_1_cast        |   in|   64|     ap_none|                      local_mod_1_cast|        scalar|
|local_mod_1_reload      |   in|   64|     ap_none|                    local_mod_1_reload|        scalar|
|local_w_2_cast          |   in|   64|     ap_none|                        local_w_2_cast|        scalar|
|local_mod_2_cast        |   in|   64|     ap_none|                      local_mod_2_cast|        scalar|
|local_mod_2_reload      |   in|   64|     ap_none|                    local_mod_2_reload|        scalar|
|local_w_3_cast          |   in|   64|     ap_none|                        local_w_3_cast|        scalar|
|local_mod_3_cast        |   in|   64|     ap_none|                      local_mod_3_cast|        scalar|
|local_mod_3_reload      |   in|   64|     ap_none|                    local_mod_3_reload|        scalar|
|local_w_4_cast          |   in|   64|     ap_none|                        local_w_4_cast|        scalar|
|local_mod_4_cast        |   in|   64|     ap_none|                      local_mod_4_cast|        scalar|
|local_mod_4_reload      |   in|   64|     ap_none|                    local_mod_4_reload|        scalar|
|local_w_5_cast          |   in|   64|     ap_none|                        local_w_5_cast|        scalar|
|local_mod_cast6         |   in|   64|     ap_none|                       local_mod_cast6|        scalar|
|local_w_6_cast          |   in|   64|     ap_none|                        local_w_6_cast|        scalar|
|local_mod_1_cast7       |   in|   64|     ap_none|                     local_mod_1_cast7|        scalar|
|local_w_7_cast          |   in|   64|     ap_none|                        local_w_7_cast|        scalar|
|local_mod_2_cast8       |   in|   64|     ap_none|                     local_mod_2_cast8|        scalar|
|local_w_8_cast          |   in|   64|     ap_none|                        local_w_8_cast|        scalar|
|local_mod_3_cast9       |   in|   64|     ap_none|                     local_mod_3_cast9|        scalar|
|local_w_9_cast          |   in|   64|     ap_none|                        local_w_9_cast|        scalar|
|local_mod_4_cast10      |   in|   64|     ap_none|                    local_mod_4_cast10|        scalar|
|local_w_10_cast         |   in|   64|     ap_none|                       local_w_10_cast|        scalar|
|local_w_11_cast         |   in|   64|     ap_none|                       local_w_11_cast|        scalar|
|local_w_12_cast         |   in|   64|     ap_none|                       local_w_12_cast|        scalar|
|local_w_13_cast         |   in|   64|     ap_none|                       local_w_13_cast|        scalar|
|local_w_14_cast         |   in|   64|     ap_none|                       local_w_14_cast|        scalar|
|icmp_ln126              |   in|    1|     ap_none|                            icmp_ln126|        scalar|
+------------------------+-----+-----+------------+--------------------------------------+--------------+

