

================================================================
== Vitis HLS Report for 'Compute_BConv_Pipeline_Load_W_VITIS_LOOP_173_1'
================================================================
* Date:           Mon Apr 13 22:58:11 2026

* Version:        2024.1 (Build 5069499 on May 21 2024)
* Project:        Solution
* Solution:       solution1 (Vivado IP Flow Target)
* Product family: virtexuplusHBM
* Target device:  xcu55c-fsvh2892-2L-e


================================================================
== Performance Estimates
================================================================
+ Timing: 
    * Summary: 
    +--------+---------+----------+------------+
    |  Clock |  Target | Estimated| Uncertainty|
    +--------+---------+----------+------------+
    |ap_clk  |  4.00 ns|  2.659 ns|     1.08 ns|
    +--------+---------+----------+------------+

+ Latency: 
    * Summary: 
    +---------+---------+-----------+-----------+-----+-----+-----------------------------------------------+
    |  Latency (cycles) |   Latency (absolute)  |  Interval |                    Pipeline                   |
    |   min   |   max   |    min    |    max    | min | max |                      Type                     |
    +---------+---------+-----------+-----------+-----+-----+-----------------------------------------------+
    |       17|       17|  68.000 ns|  68.000 ns|   16|   16|  loop auto-rewind stp(delay=0 clock cycles(s))|
    +---------+---------+-----------+-----------+-----+-----+-----------------------------------------------+

    + Detail: 
        * Instance: 
        N/A

        * Loop: 
        +---------------------------+---------+---------+----------+-----------+-----------+------+----------+
        |                           |  Latency (cycles) | Iteration|  Initiation Interval  | Trip |          |
        |         Loop Name         |   min   |   max   |  Latency |  achieved |   target  | Count| Pipelined|
        +---------------------------+---------+---------+----------+-----------+-----------+------+----------+
        |- Load_W_VITIS_LOOP_173_1  |       15|       15|         2|          1|          1|    15|       yes|
        +---------------------------+---------+---------+----------+-----------+-----------+------+----------+



================================================================
== Utilization Estimates
================================================================
* Summary: 
+---------------------+---------+------+---------+---------+-----+
|         Name        | BRAM_18K|  DSP |    FF   |   LUT   | URAM|
+---------------------+---------+------+---------+---------+-----+
|DSP                  |        -|     -|        -|        -|    -|
|Expression           |        -|     -|        0|       72|    -|
|FIFO                 |        -|     -|        -|        -|    -|
|Instance             |        -|     -|        -|        -|    -|
|Memory               |        -|     -|        -|        -|    -|
|Multiplexer          |        -|     -|        0|       72|    -|
|Register             |        -|     -|      977|        -|    -|
+---------------------+---------+------+---------+---------+-----+
|Total                |        0|     0|      977|      144|    0|
+---------------------+---------+------+---------+---------+-----+
|Available SLR        |     1344|  3008|   869120|   434560|  320|
+---------------------+---------+------+---------+---------+-----+
|Utilization SLR (%)  |        0|     0|       ~0|       ~0|    0|
+---------------------+---------+------+---------+---------+-----+
|Available            |     4032|  9024|  2607360|  1303680|  960|
+---------------------+---------+------+---------+---------+-----+
|Utilization (%)      |        0|     0|       ~0|       ~0|    0|
+---------------------+---------+------+---------+---------+-----+

+ Detail: 
    * Instance: 
    N/A

    * DSP: 
    N/A

    * Memory: 
    N/A

    * FIFO: 
    N/A

    * Expression: 
    +------------------------+----------+----+---+----+------------+------------+
    |      Variable Name     | Operation| DSP| FF| LUT| Bitwidth P0| Bitwidth P1|
    +------------------------+----------+----+---+----+------------+------------+
    |add_ln172_1_fu_288_p2   |         +|   0|  0|  12|           4|           1|
    |add_ln172_fu_300_p2     |         +|   0|  0|   9|           2|           1|
    |add_ln173_fu_351_p2     |         +|   0|  0|  10|           3|           1|
    |add_ln175_fu_340_p2     |         +|   0|  0|  12|           4|           4|
    |icmp_ln172_fu_282_p2    |      icmp|   0|  0|  12|           4|           2|
    |icmp_ln173_fu_306_p2    |      icmp|   0|  0|  10|           3|           3|
    |select_ln164_fu_312_p3  |    select|   0|  0|   3|           1|           1|
    |select_ln172_fu_320_p3  |    select|   0|  0|   2|           1|           2|
    |ap_enable_pp0           |       xor|   0|  0|   2|           1|           2|
    +------------------------+----------+----+---+----+------------+------------+
    |Total                   |          |   0|  0|  72|          23|          17|
    +------------------------+----------+----+---+----+------------+------------+

    * Multiplexer: 
    +--------------------------------------+----+-----------+-----+-----------+
    |                 Name                 | LUT| Input Size| Bits| Total Bits|
    +--------------------------------------+----+-----------+-----+-----------+
    |ap_done_int                           |   9|          2|    1|          2|
    |ap_enable_reg_pp0_iter1               |   9|          2|    1|          2|
    |ap_sig_allocacmp_indvar_flatten_load  |   9|          2|    4|          8|
    |ap_sig_allocacmp_p_load               |   9|          2|    3|          6|
    |ap_sig_allocacmp_q_load               |   9|          2|    2|          4|
    |indvar_flatten_fu_82                  |   9|          2|    4|          8|
    |p_fu_74                               |   9|          2|    3|          6|
    |q_fu_78                               |   9|          2|    2|          4|
    +--------------------------------------+----+-----------+-----+-----------+
    |Total                                 |  72|         16|   20|         40|
    +--------------------------------------+----+-----------+-----+-----------+

    * Register: 
    +-------------------------+----+----+-----+-----------+
    |           Name          | FF | LUT| Bits| Const Bits|
    +-------------------------+----+----+-----+-----------+
    |ap_CS_fsm                |   1|   0|    1|          0|
    |ap_done_reg              |   1|   0|    1|          0|
    |ap_enable_reg_pp0_iter1  |   1|   0|    1|          0|
    |indvar_flatten_fu_82     |   4|   0|    4|          0|
    |local_w_10_fu_126        |  64|   0|   64|          0|
    |local_w_11_fu_130        |  64|   0|   64|          0|
    |local_w_12_fu_134        |  64|   0|   64|          0|
    |local_w_13_fu_138        |  64|   0|   64|          0|
    |local_w_14_fu_142        |  64|   0|   64|          0|
    |local_w_1_fu_90          |  64|   0|   64|          0|
    |local_w_2_fu_94          |  64|   0|   64|          0|
    |local_w_3_fu_98          |  64|   0|   64|          0|
    |local_w_4_fu_102         |  64|   0|   64|          0|
    |local_w_5_fu_106         |  64|   0|   64|          0|
    |local_w_6_fu_110         |  64|   0|   64|          0|
    |local_w_7_fu_114         |  64|   0|   64|          0|
    |local_w_8_fu_118         |  64|   0|   64|          0|
    |local_w_9_fu_122         |  64|   0|   64|          0|
    |local_w_fu_86            |  64|   0|   64|          0|
    |p_fu_74                  |   3|   0|    3|          0|
    |q_fu_78                  |   2|   0|    2|          0|
    |select_ln164_reg_621     |   3|   0|    3|          0|
    |select_ln172_reg_625     |   2|   0|    2|          0|
    +-------------------------+----+----+-----+-----------+
    |Total                    | 977|   0|  977|          0|
    +-------------------------+----+----+-----+-----------+



================================================================
== Interface
================================================================
* Summary: 
+-----------------------+-----+-----+------------+------------------------------------------------+--------------+
|       RTL Ports       | Dir | Bits|  Protocol  |                  Source Object                 |    C Type    |
+-----------------------+-----+-----+------------+------------------------------------------------+--------------+
|ap_clk                 |   in|    1|  ap_ctrl_hs|  Compute_BConv_Pipeline_Load_W_VITIS_LOOP_173_1|  return value|
|ap_rst                 |   in|    1|  ap_ctrl_hs|  Compute_BConv_Pipeline_Load_W_VITIS_LOOP_173_1|  return value|
|ap_start               |   in|    1|  ap_ctrl_hs|  Compute_BConv_Pipeline_Load_W_VITIS_LOOP_173_1|  return value|
|ap_done                |  out|    1|  ap_ctrl_hs|  Compute_BConv_Pipeline_Load_W_VITIS_LOOP_173_1|  return value|
|ap_idle                |  out|    1|  ap_ctrl_hs|  Compute_BConv_Pipeline_Load_W_VITIS_LOOP_173_1|  return value|
|ap_ready               |  out|    1|  ap_ctrl_hs|  Compute_BConv_Pipeline_Load_W_VITIS_LOOP_173_1|  return value|
|local_w_14_out         |  out|   64|      ap_vld|                                  local_w_14_out|       pointer|
|local_w_14_out_ap_vld  |  out|    1|      ap_vld|                                  local_w_14_out|       pointer|
|local_w_13_out         |  out|   64|      ap_vld|                                  local_w_13_out|       pointer|
|local_w_13_out_ap_vld  |  out|    1|      ap_vld|                                  local_w_13_out|       pointer|
|local_w_12_out         |  out|   64|      ap_vld|                                  local_w_12_out|       pointer|
|local_w_12_out_ap_vld  |  out|    1|      ap_vld|                                  local_w_12_out|       pointer|
|local_w_11_out         |  out|   64|      ap_vld|                                  local_w_11_out|       pointer|
|local_w_11_out_ap_vld  |  out|    1|      ap_vld|                                  local_w_11_out|       pointer|
|local_w_10_out         |  out|   64|      ap_vld|                                  local_w_10_out|       pointer|
|local_w_10_out_ap_vld  |  out|    1|      ap_vld|                                  local_w_10_out|       pointer|
|local_w_9_out          |  out|   64|      ap_vld|                                   local_w_9_out|       pointer|
|local_w_9_out_ap_vld   |  out|    1|      ap_vld|                                   local_w_9_out|       pointer|
|local_w_8_out          |  out|   64|      ap_vld|                                   local_w_8_out|       pointer|
|local_w_8_out_ap_vld   |  out|    1|      ap_vld|                                   local_w_8_out|       pointer|
|local_w_7_out          |  out|   64|      ap_vld|                                   local_w_7_out|       pointer|
|local_w_7_out_ap_vld   |  out|    1|      ap_vld|                                   local_w_7_out|       pointer|
|local_w_6_out          |  out|   64|      ap_vld|                                   local_w_6_out|       pointer|
|local_w_6_out_ap_vld   |  out|    1|      ap_vld|                                   local_w_6_out|       pointer|
|local_w_5_out          |  out|   64|      ap_vld|                                   local_w_5_out|       pointer|
|local_w_5_out_ap_vld   |  out|    1|      ap_vld|                                   local_w_5_out|       pointer|
|local_w_4_out          |  out|   64|      ap_vld|                                   local_w_4_out|       pointer|
|local_w_4_out_ap_vld   |  out|    1|      ap_vld|                                   local_w_4_out|       pointer|
|local_w_3_out          |  out|   64|      ap_vld|                                   local_w_3_out|       pointer|
|local_w_3_out_ap_vld   |  out|    1|      ap_vld|                                   local_w_3_out|       pointer|
|local_w_2_out          |  out|   64|      ap_vld|                                   local_w_2_out|       pointer|
|local_w_2_out_ap_vld   |  out|    1|      ap_vld|                                   local_w_2_out|       pointer|
|local_w_1_out          |  out|   64|      ap_vld|                                   local_w_1_out|       pointer|
|local_w_1_out_ap_vld   |  out|    1|      ap_vld|                                   local_w_1_out|       pointer|
|local_w_out            |  out|   64|      ap_vld|                                     local_w_out|       pointer|
|local_w_out_ap_vld     |  out|    1|      ap_vld|                                     local_w_out|       pointer|
|in_w_address0          |  out|    4|   ap_memory|                                            in_w|         array|
|in_w_ce0               |  out|    1|   ap_memory|                                            in_w|         array|
|in_w_q0                |   in|   64|   ap_memory|                                            in_w|         array|
+-----------------------+-----+-----+------------+------------------------------------------------+--------------+

