

================================================================
== Vitis HLS Report for 'NTT_Kernel_Pipeline_VITIS_LOOP_134_1'
================================================================
* Date:           Mon Apr 13 22:58:21 2026

* Version:        2024.1 (Build 5069499 on May 21 2024)
* Project:        Solution
* Solution:       solution1 (Vivado IP Flow Target)
* Product family: virtexuplusHBM
* Target device:  xcu55c-fsvh2892-2L-e


================================================================
== Performance Estimates
================================================================
+ Timing: 
    * Summary: 
    +--------+---------+----------+------------+
    |  Clock |  Target | Estimated| Uncertainty|
    +--------+---------+----------+------------+
    |ap_clk  |  4.00 ns|  2.871 ns|     1.08 ns|
    +--------+---------+----------+------------+

+ Latency: 
    * Summary: 
    +---------+---------+----------+----------+-----+-----+-----------------------------------------------+
    |  Latency (cycles) |  Latency (absolute) |  Interval |                    Pipeline                   |
    |   min   |   max   |    min   |    max   | min | max |                      Type                     |
    +---------+---------+----------+----------+-----+-----+-----------------------------------------------+
    |       27|       27|  0.108 us|  0.108 us|    5|    5|  loop auto-rewind stp(delay=0 clock cycles(s))|
    +---------+---------+----------+----------+-----+-----+-----------------------------------------------+

    + Detail: 
        * Instance: 
        N/A

        * Loop: 
        +--------------------+---------+---------+----------+-----------+-----------+------+----------+
        |                    |  Latency (cycles) | Iteration|  Initiation Interval  | Trip |          |
        |      Loop Name     |   min   |   max   |  Latency |  achieved |   target  | Count| Pipelined|
        +--------------------+---------+---------+----------+-----------+-----------+------+----------+
        |- VITIS_LOOP_134_1  |       25|       25|        23|          1|          1|     4|       yes|
        +--------------------+---------+---------+----------+-----------+-----------+------+----------+



================================================================
== Utilization Estimates
================================================================
* Summary: 
+---------------------+---------+------+---------+---------+-----+
|         Name        | BRAM_18K|  DSP |    FF   |   LUT   | URAM|
+---------------------+---------+------+---------+---------+-----+
|DSP                  |        -|     -|        -|        -|    -|
|Expression           |        -|     -|        0|    32807|    -|
|FIFO                 |        -|     -|        -|        -|    -|
|Instance             |        -|   672|    21168|    11952|    -|
|Memory               |        -|     -|        -|        -|    -|
|Multiplexer          |        -|     -|        0|       36|    -|
|Register             |        -|     -|    19400|     1600|    -|
+---------------------+---------+------+---------+---------+-----+
|Total                |        0|   672|    40568|    46395|    0|
+---------------------+---------+------+---------+---------+-----+
|Available SLR        |     1344|  3008|   869120|   434560|  320|
+---------------------+---------+------+---------+---------+-----+
|Utilization SLR (%)  |        0|    22|        4|       10|    0|
+---------------------+---------+------+---------+---------+-----+
|Available            |     4032|  9024|  2607360|  1303680|  960|
+---------------------+---------+------+---------+---------+-----+
|Utilization (%)      |        0|     7|        1|        3|    0|
+---------------------+---------+------+---------+---------+-----+

+ Detail: 
    * Instance: 
    +-----------------------------+-----------------------+---------+----+-----+-----+-----+
    |           Instance          |         Module        | BRAM_18K| DSP|  FF | LUT | URAM|
    +-----------------------------+-----------------------+---------+----+-----+-----+-----+
    |mul_64ns_64ns_128_5_1_U7786  |mul_64ns_64ns_128_5_1  |        0|  16|  441|  249|    0|
    |mul_64ns_64ns_128_5_1_U7787  |mul_64ns_64ns_128_5_1  |        0|  16|  441|  249|    0|
    |mul_64ns_64ns_128_5_1_U7788  |mul_64ns_64ns_128_5_1  |        0|  16|  441|  249|    0|
    |mul_64ns_64ns_128_5_1_U7789  |mul_64ns_64ns_128_5_1  |        0|  16|  441|  249|    0|
    |mul_64ns_64ns_128_5_1_U7790  |mul_64ns_64ns_128_5_1  |        0|  16|  441|  249|    0|
    |mul_64ns_64ns_128_5_1_U7791  |mul_64ns_64ns_128_5_1  |        0|  16|  441|  249|    0|
    |mul_64ns_64ns_128_5_1_U7792  |mul_64ns_64ns_128_5_1  |        0|  16|  441|  249|    0|
    |mul_64ns_64ns_128_5_1_U7793  |mul_64ns_64ns_128_5_1  |        0|  16|  441|  249|    0|
    |mul_64ns_64ns_128_5_1_U7794  |mul_64ns_64ns_128_5_1  |        0|  16|  441|  249|    0|
    |mul_64ns_64ns_128_5_1_U7795  |mul_64ns_64ns_128_5_1  |        0|  16|  441|  249|    0|
    |mul_64ns_64ns_128_5_1_U7796  |mul_64ns_64ns_128_5_1  |        0|  16|  441|  249|    0|
    |mul_64ns_64ns_128_5_1_U7797  |mul_64ns_64ns_128_5_1  |        0|  16|  441|  249|    0|
    |mul_64ns_64ns_128_5_1_U7798  |mul_64ns_64ns_128_5_1  |        0|  16|  441|  249|    0|
    |mul_64ns_64ns_128_5_1_U7799  |mul_64ns_64ns_128_5_1  |        0|  16|  441|  249|    0|
    |mul_64ns_64ns_128_5_1_U7800  |mul_64ns_64ns_128_5_1  |        0|  16|  441|  249|    0|
    |mul_64ns_64ns_128_5_1_U7801  |mul_64ns_64ns_128_5_1  |        0|  16|  441|  249|    0|
    |mul_64ns_64ns_128_5_1_U7802  |mul_64ns_64ns_128_5_1  |        0|  16|  441|  249|    0|
    |mul_64ns_64ns_128_5_1_U7803  |mul_64ns_64ns_128_5_1  |        0|  16|  441|  249|    0|
    |mul_64ns_64ns_128_5_1_U7804  |mul_64ns_64ns_128_5_1  |        0|  16|  441|  249|    0|
    |mul_64ns_64ns_128_5_1_U7805  |mul_64ns_64ns_128_5_1  |        0|  16|  441|  249|    0|
    |mul_64ns_64ns_128_5_1_U7806  |mul_64ns_64ns_128_5_1  |        0|  16|  441|  249|    0|
    |mul_64ns_64ns_128_5_1_U7807  |mul_64ns_64ns_128_5_1  |        0|  16|  441|  249|    0|
    |mul_64ns_64ns_128_5_1_U7808  |mul_64ns_64ns_128_5_1  |        0|  16|  441|  249|    0|
    |mul_64ns_64ns_128_5_1_U7809  |mul_64ns_64ns_128_5_1  |        0|  16|  441|  249|    0|
    |mul_64ns_64ns_128_5_1_U7810  |mul_64ns_64ns_128_5_1  |        0|  16|  441|  249|    0|
    |mul_64ns_64ns_128_5_1_U7811  |mul_64ns_64ns_128_5_1  |        0|  16|  441|  249|    0|
    |mul_64ns_64ns_128_5_1_U7812  |mul_64ns_64ns_128_5_1  |        0|  16|  441|  249|    0|
    |mul_64ns_64ns_128_5_1_U7813  |mul_64ns_64ns_128_5_1  |        0|  16|  441|  249|    0|
    |mul_64ns_64ns_128_5_1_U7814  |mul_64ns_64ns_128_5_1  |        0|  16|  441|  249|    0|
    |mul_64ns_64ns_128_5_1_U7815  |mul_64ns_64ns_128_5_1  |        0|  16|  441|  249|    0|
    |mul_64ns_64ns_128_5_1_U7816  |mul_64ns_64ns_128_5_1  |        0|  16|  441|  249|    0|
    |mul_64ns_64ns_128_5_1_U7817  |mul_64ns_64ns_128_5_1  |        0|  16|  441|  249|    0|
    |mul_64s_64s_64_5_1_U7818     |mul_64s_64s_64_5_1     |        0|  10|  441|  249|    0|
    |mul_64s_64s_64_5_1_U7819     |mul_64s_64s_64_5_1     |        0|  10|  441|  249|    0|
    |mul_64s_64s_64_5_1_U7820     |mul_64s_64s_64_5_1     |        0|  10|  441|  249|    0|
    |mul_64s_64s_64_5_1_U7821     |mul_64s_64s_64_5_1     |        0|  10|  441|  249|    0|
    |mul_64s_64s_64_5_1_U7822     |mul_64s_64s_64_5_1     |        0|  10|  441|  249|    0|
    |mul_64s_64s_64_5_1_U7823     |mul_64s_64s_64_5_1     |        0|  10|  441|  249|    0|
    |mul_64s_64s_64_5_1_U7824     |mul_64s_64s_64_5_1     |        0|  10|  441|  249|    0|
    |mul_64s_64s_64_5_1_U7825     |mul_64s_64s_64_5_1     |        0|  10|  441|  249|    0|
    |mul_64s_64s_64_5_1_U7826     |mul_64s_64s_64_5_1     |        0|  10|  441|  249|    0|
    |mul_64s_64s_64_5_1_U7827     |mul_64s_64s_64_5_1     |        0|  10|  441|  249|    0|
    |mul_64s_64s_64_5_1_U7828     |mul_64s_64s_64_5_1     |        0|  10|  441|  249|    0|
    |mul_64s_64s_64_5_1_U7829     |mul_64s_64s_64_5_1     |        0|  10|  441|  249|    0|
    |mul_64s_64s_64_5_1_U7830     |mul_64s_64s_64_5_1     |        0|  10|  441|  249|    0|
    |mul_64s_64s_64_5_1_U7831     |mul_64s_64s_64_5_1     |        0|  10|  441|  249|    0|
    |mul_64s_64s_64_5_1_U7832     |mul_64s_64s_64_5_1     |        0|  10|  441|  249|    0|
    |mul_64s_64s_64_5_1_U7833     |mul_64s_64s_64_5_1     |        0|  10|  441|  249|    0|
    +-----------------------------+-----------------------+---------+----+-----+-----+-----+
    |Total                        |                       |        0| 672|21168|11952|    0|
    +-----------------------------+-----------------------+---------+----+-----+-----+-----+

    * DSP: 
    N/A

    * Memory: 
    N/A

    * FIFO: 
    N/A

    * Expression: 
    +---------------------------+----------+----+---+-----+------------+------------+
    |       Variable Name       | Operation| DSP| FF| LUT | Bitwidth P0| Bitwidth P1|
    +---------------------------+----------+----+---+-----+------------+------------+
    |add_ln134_fu_954_p2        |         +|   0|  0|   13|           6|           4|
    |add_ln22_1_fu_1049_p2      |         +|   0|  0|   71|          64|          64|
    |add_ln22_2_fu_1053_p2      |         +|   0|  0|   71|          64|          64|
    |add_ln22_3_fu_1057_p2      |         +|   0|  0|   71|          64|          64|
    |add_ln22_4_fu_1061_p2      |         +|   0|  0|   71|          64|          64|
    |add_ln22_5_fu_1065_p2      |         +|   0|  0|   71|          64|          64|
    |add_ln22_6_fu_1069_p2      |         +|   0|  0|   71|          64|          64|
    |add_ln22_7_fu_1073_p2      |         +|   0|  0|   71|          64|          64|
    |add_ln22_fu_1045_p2        |         +|   0|  0|   71|          64|          64|
    |add_ln234_1_fu_2831_p2     |         +|   0|  0|   71|          64|          64|
    |add_ln234_2_fu_2905_p2     |         +|   0|  0|   71|          64|          64|
    |add_ln234_3_fu_2979_p2     |         +|   0|  0|   71|          64|          64|
    |add_ln234_4_fu_3053_p2     |         +|   0|  0|   71|          64|          64|
    |add_ln234_5_fu_3127_p2     |         +|   0|  0|   71|          64|          64|
    |add_ln234_6_fu_3201_p2     |         +|   0|  0|   71|          64|          64|
    |add_ln234_7_fu_3275_p2     |         +|   0|  0|   71|          64|          64|
    |add_ln234_fu_2757_p2       |         +|   0|  0|   71|          64|          64|
    |add_ln239_1_fu_3479_p2     |         +|   0|  0|   71|          64|          64|
    |add_ln239_2_fu_3535_p2     |         +|   0|  0|   71|          64|          64|
    |add_ln239_3_fu_3591_p2     |         +|   0|  0|   71|          64|          64|
    |add_ln239_4_fu_3647_p2     |         +|   0|  0|   71|          64|          64|
    |add_ln239_5_fu_3703_p2     |         +|   0|  0|   71|          64|          64|
    |add_ln239_6_fu_3759_p2     |         +|   0|  0|   71|          64|          64|
    |add_ln239_7_fu_3815_p2     |         +|   0|  0|   71|          64|          64|
    |add_ln239_fu_3423_p2       |         +|   0|  0|   71|          64|          64|
    |temp_res_10_fu_2261_p2     |         +|   0|  0|   72|          65|          65|
    |temp_res_11_fu_2281_p2     |         +|   0|  0|   72|          65|          65|
    |temp_res_12_fu_2301_p2     |         +|   0|  0|   72|          65|          65|
    |temp_res_13_fu_2321_p2     |         +|   0|  0|   72|          65|          65|
    |temp_res_14_fu_2341_p2     |         +|   0|  0|   72|          65|          65|
    |temp_res_15_fu_2361_p2     |         +|   0|  0|   72|          65|          65|
    |temp_res_1_fu_2001_p2      |         +|   0|  0|   72|          65|          65|
    |temp_res_2_fu_2036_p2      |         +|   0|  0|   72|          65|          65|
    |temp_res_3_fu_2071_p2      |         +|   0|  0|   72|          65|          65|
    |temp_res_4_fu_2106_p2      |         +|   0|  0|   72|          65|          65|
    |temp_res_5_fu_2141_p2      |         +|   0|  0|   72|          65|          65|
    |temp_res_6_fu_2176_p2      |         +|   0|  0|   72|          65|          65|
    |temp_res_7_fu_2211_p2      |         +|   0|  0|   72|          65|          65|
    |temp_res_8_fu_2221_p2      |         +|   0|  0|   72|          65|          65|
    |temp_res_9_fu_2241_p2      |         +|   0|  0|   72|          65|          65|
    |temp_res_fu_1966_p2        |         +|   0|  0|   72|          65|          65|
    |input1_temp_41_fu_2418_p2  |         -|   0|  0|   71|          64|          64|
    |input1_temp_43_fu_2460_p2  |         -|   0|  0|   71|          64|          64|
    |input1_temp_45_fu_2502_p2  |         -|   0|  0|   71|          64|          64|
    |input1_temp_47_fu_2544_p2  |         -|   0|  0|   71|          64|          64|
    |input1_temp_49_fu_2586_p2  |         -|   0|  0|   71|          64|          64|
    |input1_temp_51_fu_2628_p2  |         -|   0|  0|   71|          64|          64|
    |input1_temp_53_fu_2670_p2  |         -|   0|  0|   71|          64|          64|
    |input1_temp_55_fu_2712_p2  |         -|   0|  0|   71|          64|          64|
    |input1_temp_57_fu_1094_p2  |         -|   0|  0|   71|          64|          64|
    |input1_temp_59_fu_1116_p2  |         -|   0|  0|   71|          64|          64|
    |input1_temp_61_fu_1138_p2  |         -|   0|  0|   71|          64|          64|
    |input1_temp_63_fu_1160_p2  |         -|   0|  0|   71|          64|          64|
    |input1_temp_65_fu_1182_p2  |         -|   0|  0|   71|          64|          64|
    |input1_temp_67_fu_1204_p2  |         -|   0|  0|   71|          64|          64|
    |input1_temp_69_fu_1226_p2  |         -|   0|  0|   71|          64|          64|
    |input1_temp_71_fu_1248_p2  |         -|   0|  0|   71|          64|          64|
    |r_10_fu_2021_p2            |         -|   0|  0|   71|          64|          64|
    |r_12_fu_1753_p2            |         -|   0|  0|   71|          64|          64|
    |r_14_fu_2056_p2            |         -|   0|  0|   71|          64|          64|
    |r_16_fu_1781_p2            |         -|   0|  0|   71|          64|          64|
    |r_18_fu_2091_p2            |         -|   0|  0|   71|          64|          64|
    |r_20_fu_1809_p2            |         -|   0|  0|   71|          64|          64|
    |r_22_fu_2126_p2            |         -|   0|  0|   71|          64|          64|
    |r_24_fu_1837_p2            |         -|   0|  0|   71|          64|          64|
    |r_26_fu_2161_p2            |         -|   0|  0|   71|          64|          64|
    |r_28_fu_1865_p2            |         -|   0|  0|   71|          64|          64|
    |r_2_fu_1951_p2             |         -|   0|  0|   71|          64|          64|
    |r_30_fu_2196_p2            |         -|   0|  0|   71|          64|          64|
    |r_32_fu_2763_p2            |         -|   0|  0|   71|          64|          64|
    |r_34_fu_3383_p2            |         -|   0|  0|   71|          64|          64|
    |r_36_fu_2837_p2            |         -|   0|  0|   71|          64|          64|
    |r_38_fu_3439_p2            |         -|   0|  0|   71|          64|          64|
    |r_40_fu_2911_p2            |         -|   0|  0|   71|          64|          64|
    |r_42_fu_3495_p2            |         -|   0|  0|   71|          64|          64|
    |r_44_fu_2985_p2            |         -|   0|  0|   71|          64|          64|
    |r_46_fu_3551_p2            |         -|   0|  0|   71|          64|          64|
    |r_48_fu_3059_p2            |         -|   0|  0|   71|          64|          64|
    |r_4_fu_1697_p2             |         -|   0|  0|   71|          64|          64|
    |r_50_fu_3607_p2            |         -|   0|  0|   71|          64|          64|
    |r_52_fu_3133_p2            |         -|   0|  0|   71|          64|          64|
    |r_54_fu_3663_p2            |         -|   0|  0|   71|          64|          64|
    |r_56_fu_3207_p2            |         -|   0|  0|   71|          64|          64|
    |r_58_fu_3719_p2            |         -|   0|  0|   71|          64|          64|
    |r_60_fu_3281_p2            |         -|   0|  0|   71|          64|          64|
    |r_62_fu_3775_p2            |         -|   0|  0|   71|          64|          64|
    |r_6_fu_1986_p2             |         -|   0|  0|   71|          64|          64|
    |r_8_fu_1725_p2             |         -|   0|  0|   71|          64|          64|
    |r_fu_1669_p2               |         -|   0|  0|   71|          64|          64|
    |sub_ln13_10_fu_2276_p2     |         -|   0|  0|   71|          64|          64|
    |sub_ln13_11_fu_2296_p2     |         -|   0|  0|   71|          64|          64|
    |sub_ln13_12_fu_2316_p2     |         -|   0|  0|   71|          64|          64|
    |sub_ln13_13_fu_2336_p2     |         -|   0|  0|   71|          64|          64|
    |sub_ln13_14_fu_2356_p2     |         -|   0|  0|   71|          64|          64|
    |sub_ln13_15_fu_2376_p2     |         -|   0|  0|   71|          64|          64|
    |sub_ln13_1_fu_2433_p2      |         -|   0|  0|   71|          64|          64|
    |sub_ln13_2_fu_2475_p2      |         -|   0|  0|   71|          64|          64|
    |sub_ln13_3_fu_2517_p2      |         -|   0|  0|   71|          64|          64|
    |sub_ln13_4_fu_2559_p2      |         -|   0|  0|   71|          64|          64|
    |sub_ln13_5_fu_2601_p2      |         -|   0|  0|   71|          64|          64|
    |sub_ln13_6_fu_2643_p2      |         -|   0|  0|   71|          64|          64|
    |sub_ln13_7_fu_2685_p2      |         -|   0|  0|   71|          64|          64|
    |sub_ln13_8_fu_2236_p2      |         -|   0|  0|   71|          64|          64|
    |sub_ln13_9_fu_2256_p2      |         -|   0|  0|   71|          64|          64|
    |sub_ln13_fu_2391_p2        |         -|   0|  0|   71|          64|          64|
    |sub_ln95_10_fu_2926_p2     |         -|   0|  0|   71|          64|          64|
    |sub_ln95_11_fu_3000_p2     |         -|   0|  0|   71|          64|          64|
    |sub_ln95_12_fu_3074_p2     |         -|   0|  0|   71|          64|          64|
    |sub_ln95_13_fu_3148_p2     |         -|   0|  0|   71|          64|          64|
    |sub_ln95_14_fu_3222_p2     |         -|   0|  0|   71|          64|          64|
    |sub_ln95_15_fu_3296_p2     |         -|   0|  0|   71|          64|          64|
    |sub_ln95_1_fu_1712_p2      |         -|   0|  0|   71|          64|          64|
    |sub_ln95_2_fu_1740_p2      |         -|   0|  0|   71|          64|          64|
    |sub_ln95_3_fu_1768_p2      |         -|   0|  0|   71|          64|          64|
    |sub_ln95_4_fu_1796_p2      |         -|   0|  0|   71|          64|          64|
    |sub_ln95_5_fu_1824_p2      |         -|   0|  0|   71|          64|          64|
    |sub_ln95_6_fu_1852_p2      |         -|   0|  0|   71|          64|          64|
    |sub_ln95_7_fu_1880_p2      |         -|   0|  0|   71|          64|          64|
    |sub_ln95_8_fu_2778_p2      |         -|   0|  0|   71|          64|          64|
    |sub_ln95_9_fu_2852_p2      |         -|   0|  0|   71|          64|          64|
    |sub_ln95_fu_1684_p2        |         -|   0|  0|   71|          64|          64|
    |icmp_ln13_10_fu_2267_p2    |      icmp|   0|  0|   72|          65|          65|
    |icmp_ln13_11_fu_2287_p2    |      icmp|   0|  0|   72|          65|          65|
    |icmp_ln13_12_fu_2307_p2    |      icmp|   0|  0|   72|          65|          65|
    |icmp_ln13_13_fu_2327_p2    |      icmp|   0|  0|   72|          65|          65|
    |icmp_ln13_14_fu_2347_p2    |      icmp|   0|  0|   72|          65|          65|
    |icmp_ln13_15_fu_2367_p2    |      icmp|   0|  0|   72|          65|          65|
    |icmp_ln13_1_fu_2423_p2     |      icmp|   0|  0|   72|          65|          65|
    |icmp_ln13_2_fu_2465_p2     |      icmp|   0|  0|   72|          65|          65|
    |icmp_ln13_3_fu_2507_p2     |      icmp|   0|  0|   72|          65|          65|
    |icmp_ln13_4_fu_2549_p2     |      icmp|   0|  0|   72|          65|          65|
    |icmp_ln13_5_fu_2591_p2     |      icmp|   0|  0|   72|          65|          65|
    |icmp_ln13_6_fu_2633_p2     |      icmp|   0|  0|   72|          65|          65|
    |icmp_ln13_7_fu_2675_p2     |      icmp|   0|  0|   72|          65|          65|
    |icmp_ln13_8_fu_2227_p2     |      icmp|   0|  0|   72|          65|          65|
    |icmp_ln13_9_fu_2247_p2     |      icmp|   0|  0|   72|          65|          65|
    |icmp_ln13_fu_2381_p2       |      icmp|   0|  0|   72|          65|          65|
    |icmp_ln19_10_fu_1121_p2    |      icmp|   0|  0|   71|          64|          64|
    |icmp_ln19_11_fu_1143_p2    |      icmp|   0|  0|   71|          64|          64|
    |icmp_ln19_12_fu_1165_p2    |      icmp|   0|  0|   71|          64|          64|
    |icmp_ln19_13_fu_1187_p2    |      icmp|   0|  0|   71|          64|          64|
    |icmp_ln19_14_fu_1209_p2    |      icmp|   0|  0|   71|          64|          64|
    |icmp_ln19_15_fu_1231_p2    |      icmp|   0|  0|   71|          64|          64|
    |icmp_ln19_1_fu_2444_p2     |      icmp|   0|  0|   71|          64|          64|
    |icmp_ln19_2_fu_2486_p2     |      icmp|   0|  0|   71|          64|          64|
    |icmp_ln19_3_fu_2528_p2     |      icmp|   0|  0|   71|          64|          64|
    |icmp_ln19_4_fu_2570_p2     |      icmp|   0|  0|   71|          64|          64|
    |icmp_ln19_5_fu_2612_p2     |      icmp|   0|  0|   71|          64|          64|
    |icmp_ln19_6_fu_2654_p2     |      icmp|   0|  0|   71|          64|          64|
    |icmp_ln19_7_fu_2696_p2     |      icmp|   0|  0|   71|          64|          64|
    |icmp_ln19_8_fu_1077_p2     |      icmp|   0|  0|   71|          64|          64|
    |icmp_ln19_9_fu_1099_p2     |      icmp|   0|  0|   71|          64|          64|
    |icmp_ln19_fu_2402_p2       |      icmp|   0|  0|   71|          64|          64|
    |icmp_ln94_10_fu_2915_p2    |      icmp|   0|  0|   71|          64|          64|
    |icmp_ln94_11_fu_2989_p2    |      icmp|   0|  0|   71|          64|          64|
    |icmp_ln94_12_fu_3063_p2    |      icmp|   0|  0|   71|          64|          64|
    |icmp_ln94_13_fu_3137_p2    |      icmp|   0|  0|   71|          64|          64|
    |icmp_ln94_14_fu_3211_p2    |      icmp|   0|  0|   71|          64|          64|
    |icmp_ln94_15_fu_3285_p2    |      icmp|   0|  0|   71|          64|          64|
    |icmp_ln94_1_fu_1701_p2     |      icmp|   0|  0|   71|          64|          64|
    |icmp_ln94_2_fu_1729_p2     |      icmp|   0|  0|   71|          64|          64|
    |icmp_ln94_3_fu_1757_p2     |      icmp|   0|  0|   71|          64|          64|
    |icmp_ln94_4_fu_1785_p2     |      icmp|   0|  0|   71|          64|          64|
    |icmp_ln94_5_fu_1813_p2     |      icmp|   0|  0|   71|          64|          64|
    |icmp_ln94_6_fu_1841_p2     |      icmp|   0|  0|   71|          64|          64|
    |icmp_ln94_7_fu_1869_p2     |      icmp|   0|  0|   71|          64|          64|
    |icmp_ln94_8_fu_2767_p2     |      icmp|   0|  0|   71|          64|          64|
    |icmp_ln94_9_fu_2841_p2     |      icmp|   0|  0|   71|          64|          64|
    |icmp_ln94_fu_1673_p2       |      icmp|   0|  0|   71|          64|          64|
    |icmp_ln97_10_fu_3485_p2    |      icmp|   0|  0|   71|          64|          64|
    |icmp_ln97_11_fu_3541_p2    |      icmp|   0|  0|   71|          64|          64|
    |icmp_ln97_12_fu_3597_p2    |      icmp|   0|  0|   71|          64|          64|
    |icmp_ln97_13_fu_3653_p2    |      icmp|   0|  0|   71|          64|          64|
    |icmp_ln97_14_fu_3709_p2    |      icmp|   0|  0|   71|          64|          64|
    |icmp_ln97_15_fu_3765_p2    |      icmp|   0|  0|   71|          64|          64|
    |icmp_ln97_1_fu_1976_p2     |      icmp|   0|  0|   71|          64|          64|
    |icmp_ln97_2_fu_2011_p2     |      icmp|   0|  0|   71|          64|          64|
    |icmp_ln97_3_fu_2046_p2     |      icmp|   0|  0|   71|          64|          64|
    |icmp_ln97_4_fu_2081_p2     |      icmp|   0|  0|   71|          64|          64|
    |icmp_ln97_5_fu_2116_p2     |      icmp|   0|  0|   71|          64|          64|
    |icmp_ln97_6_fu_2151_p2     |      icmp|   0|  0|   71|          64|          64|
    |icmp_ln97_7_fu_2186_p2     |      icmp|   0|  0|   71|          64|          64|
    |icmp_ln97_8_fu_3373_p2     |      icmp|   0|  0|   71|          64|          64|
    |icmp_ln97_9_fu_3429_p2     |      icmp|   0|  0|   71|          64|          64|
    |icmp_ln97_fu_1941_p2       |      icmp|   0|  0|   71|          64|          64|
    |lshr_ln76_10_fu_1461_p2    |      lshr|   0|  0|  423|         128|         128|
    |lshr_ln76_11_fu_1469_p2    |      lshr|   0|  0|  423|         128|         128|
    |lshr_ln76_12_fu_1477_p2    |      lshr|   0|  0|  423|         128|         128|
    |lshr_ln76_13_fu_1485_p2    |      lshr|   0|  0|  423|         128|         128|
    |lshr_ln76_14_fu_1493_p2    |      lshr|   0|  0|  423|         128|         128|
    |lshr_ln76_15_fu_1501_p2    |      lshr|   0|  0|  423|         128|         128|
    |lshr_ln76_1_fu_1325_p2     |      lshr|   0|  0|  423|         128|         128|
    |lshr_ln76_2_fu_1333_p2     |      lshr|   0|  0|  423|         128|         128|
    |lshr_ln76_3_fu_1341_p2     |      lshr|   0|  0|  423|         128|         128|
    |lshr_ln76_4_fu_1349_p2     |      lshr|   0|  0|  423|         128|         128|
    |lshr_ln76_5_fu_1357_p2     |      lshr|   0|  0|  423|         128|         128|
    |lshr_ln76_6_fu_1365_p2     |      lshr|   0|  0|  423|         128|         128|
    |lshr_ln76_7_fu_1373_p2     |      lshr|   0|  0|  423|         128|         128|
    |lshr_ln76_8_fu_1445_p2     |      lshr|   0|  0|  423|         128|         128|
    |lshr_ln76_9_fu_1453_p2     |      lshr|   0|  0|  423|         128|         128|
    |lshr_ln76_fu_1317_p2       |      lshr|   0|  0|  423|         128|         128|
    |lshr_ln83_10_fu_1621_p2    |      lshr|   0|  0|  423|         128|         128|
    |lshr_ln83_11_fu_1629_p2    |      lshr|   0|  0|  423|         128|         128|
    |lshr_ln83_12_fu_1637_p2    |      lshr|   0|  0|  423|         128|         128|
    |lshr_ln83_13_fu_1645_p2    |      lshr|   0|  0|  423|         128|         128|
    |lshr_ln83_14_fu_1653_p2    |      lshr|   0|  0|  423|         128|         128|
    |lshr_ln83_15_fu_1661_p2    |      lshr|   0|  0|  423|         128|         128|
    |lshr_ln83_1_fu_1549_p2     |      lshr|   0|  0|  423|         128|         128|
    |lshr_ln83_2_fu_1557_p2     |      lshr|   0|  0|  423|         128|         128|
    |lshr_ln83_3_fu_1565_p2     |      lshr|   0|  0|  423|         128|         128|
    |lshr_ln83_4_fu_1573_p2     |      lshr|   0|  0|  423|         128|         128|
    |lshr_ln83_5_fu_1581_p2     |      lshr|   0|  0|  423|         128|         128|
    |lshr_ln83_6_fu_1589_p2     |      lshr|   0|  0|  423|         128|         128|
    |lshr_ln83_7_fu_1597_p2     |      lshr|   0|  0|  423|         128|         128|
    |lshr_ln83_8_fu_1605_p2     |      lshr|   0|  0|  423|         128|         128|
    |lshr_ln83_9_fu_1613_p2     |      lshr|   0|  0|  423|         128|         128|
    |lshr_ln83_fu_1541_p2       |      lshr|   0|  0|  423|         128|         128|
    |input1_temp_40_fu_2395_p3  |    select|   0|  0|   63|           1|          64|
    |input1_temp_42_fu_2437_p3  |    select|   0|  0|   63|           1|          64|
    |input1_temp_44_fu_2479_p3  |    select|   0|  0|   63|           1|          64|
    |input1_temp_46_fu_2521_p3  |    select|   0|  0|   63|           1|          64|
    |input1_temp_48_fu_2563_p3  |    select|   0|  0|   63|           1|          64|
    |input1_temp_50_fu_2605_p3  |    select|   0|  0|   63|           1|          64|
    |input1_temp_52_fu_2647_p3  |    select|   0|  0|   63|           1|          64|
    |input1_temp_54_fu_2689_p3  |    select|   0|  0|   63|           1|          64|
    |input1_temp_56_fu_2722_p3  |    select|   0|  0|   63|           1|          64|
    |input1_temp_58_fu_2796_p3  |    select|   0|  0|   63|           1|          64|
    |input1_temp_60_fu_2870_p3  |    select|   0|  0|   63|           1|          64|
    |input1_temp_62_fu_2944_p3  |    select|   0|  0|   63|           1|          64|
    |input1_temp_64_fu_3018_p3  |    select|   0|  0|   63|           1|          64|
    |input1_temp_66_fu_3092_p3  |    select|   0|  0|   63|           1|          64|
    |input1_temp_68_fu_3166_p3  |    select|   0|  0|   63|           1|          64|
    |input1_temp_70_fu_3240_p3  |    select|   0|  0|   63|           1|          64|
    |r_13_fu_1773_p3            |    select|   0|  0|   63|           1|          64|
    |r_17_fu_1801_p3            |    select|   0|  0|   63|           1|          64|
    |r_1_fu_1689_p3             |    select|   0|  0|   63|           1|          64|
    |r_21_fu_1829_p3            |    select|   0|  0|   63|           1|          64|
    |r_25_fu_1857_p3            |    select|   0|  0|   63|           1|          64|
    |r_29_fu_1885_p3            |    select|   0|  0|   63|           1|          64|
    |r_33_fu_2783_p3            |    select|   0|  0|   63|           1|          64|
    |r_37_fu_2857_p3            |    select|   0|  0|   63|           1|          64|
    |r_41_fu_2931_p3            |    select|   0|  0|   63|           1|          64|
    |r_45_fu_3005_p3            |    select|   0|  0|   63|           1|          64|
    |r_49_fu_3079_p3            |    select|   0|  0|   63|           1|          64|
    |r_53_fu_3153_p3            |    select|   0|  0|   63|           1|          64|
    |r_57_fu_3227_p3            |    select|   0|  0|   63|           1|          64|
    |r_5_fu_1717_p3             |    select|   0|  0|   63|           1|          64|
    |r_61_fu_3301_p3            |    select|   0|  0|   63|           1|          64|
    |r_64_fu_1955_p3            |    select|   0|  0|   63|           1|          64|
    |r_65_fu_1990_p3            |    select|   0|  0|   63|           1|          64|
    |r_66_fu_2025_p3            |    select|   0|  0|   63|           1|          64|
    |r_67_fu_2060_p3            |    select|   0|  0|   63|           1|          64|
    |r_68_fu_2095_p3            |    select|   0|  0|   63|           1|          64|
    |r_69_fu_2130_p3            |    select|   0|  0|   63|           1|          64|
    |r_70_fu_2165_p3            |    select|   0|  0|   63|           1|          64|
    |r_71_fu_2200_p3            |    select|   0|  0|   63|           1|          64|
    |r_72_fu_3387_p3            |    select|   0|  0|   63|           1|          64|
    |r_73_fu_3443_p3            |    select|   0|  0|   63|           1|          64|
    |r_74_fu_3499_p3            |    select|   0|  0|   63|           1|          64|
    |r_75_fu_3555_p3            |    select|   0|  0|   63|           1|          64|
    |r_76_fu_3611_p3            |    select|   0|  0|   63|           1|          64|
    |r_77_fu_3667_p3            |    select|   0|  0|   63|           1|          64|
    |r_78_fu_3723_p3            |    select|   0|  0|   63|           1|          64|
    |r_79_fu_3779_p3            |    select|   0|  0|   63|           1|          64|
    |r_9_fu_1745_p3             |    select|   0|  0|   63|           1|          64|
    |select_ln19_10_fu_1131_p3  |    select|   0|  0|   63|           1|          64|
    |select_ln19_11_fu_1153_p3  |    select|   0|  0|   63|           1|          64|
    |select_ln19_12_fu_1175_p3  |    select|   0|  0|   63|           1|          64|
    |select_ln19_13_fu_1197_p3  |    select|   0|  0|   63|           1|          64|
    |select_ln19_14_fu_1219_p3  |    select|   0|  0|   63|           1|          64|
    |select_ln19_15_fu_1241_p3  |    select|   0|  0|   63|           1|          64|
    |select_ln19_1_fu_2454_p3   |    select|   0|  0|   63|           1|          64|
    |select_ln19_2_fu_2496_p3   |    select|   0|  0|   63|           1|          64|
    |select_ln19_3_fu_2538_p3   |    select|   0|  0|   63|           1|          64|
    |select_ln19_4_fu_2580_p3   |    select|   0|  0|   63|           1|          64|
    |select_ln19_5_fu_2622_p3   |    select|   0|  0|   63|           1|          64|
    |select_ln19_6_fu_2664_p3   |    select|   0|  0|   63|           1|          64|
    |select_ln19_7_fu_2706_p3   |    select|   0|  0|   63|           1|          64|
    |select_ln19_8_fu_1087_p3   |    select|   0|  0|   63|           1|          64|
    |select_ln19_9_fu_1109_p3   |    select|   0|  0|   63|           1|          64|
    |select_ln19_fu_2412_p3     |    select|   0|  0|   63|           1|          64|
    |select_ln234_1_fu_2820_p3  |    select|   0|  0|   62|           1|          63|
    |select_ln234_2_fu_2894_p3  |    select|   0|  0|   62|           1|          63|
    |select_ln234_3_fu_2968_p3  |    select|   0|  0|   62|           1|          63|
    |select_ln234_4_fu_3042_p3  |    select|   0|  0|   62|           1|          63|
    |select_ln234_5_fu_3116_p3  |    select|   0|  0|   62|           1|          63|
    |select_ln234_6_fu_3190_p3  |    select|   0|  0|   62|           1|          63|
    |select_ln234_7_fu_3264_p3  |    select|   0|  0|   62|           1|          63|
    |select_ln234_fu_2746_p3    |    select|   0|  0|   62|           1|          63|
    |select_ln239_1_fu_3468_p3  |    select|   0|  0|   62|           1|          63|
    |select_ln239_2_fu_3524_p3  |    select|   0|  0|   62|           1|          63|
    |select_ln239_3_fu_3580_p3  |    select|   0|  0|   62|           1|          63|
    |select_ln239_4_fu_3636_p3  |    select|   0|  0|   62|           1|          63|
    |select_ln239_5_fu_3692_p3  |    select|   0|  0|   62|           1|          63|
    |select_ln239_6_fu_3748_p3  |    select|   0|  0|   62|           1|          63|
    |select_ln239_7_fu_3804_p3  |    select|   0|  0|   62|           1|          63|
    |select_ln239_fu_3412_p3    |    select|   0|  0|   62|           1|          63|
    |storemerge10_fu_3851_p3    |    select|   0|  0|   63|           1|          64|
    |storemerge11_fu_3845_p3    |    select|   0|  0|   63|           1|          64|
    |storemerge16_fu_3349_p3    |    select|   0|  0|   63|           1|          64|
    |storemerge17_fu_3341_p3    |    select|   0|  0|   63|           1|          64|
    |storemerge1_fu_3857_p3     |    select|   0|  0|   63|           1|          64|
    |storemerge22_fu_3839_p3    |    select|   0|  0|   63|           1|          64|
    |storemerge23_fu_3833_p3    |    select|   0|  0|   63|           1|          64|
    |storemerge24_fu_3333_p3    |    select|   0|  0|   63|           1|          64|
    |storemerge25_fu_3325_p3    |    select|   0|  0|   63|           1|          64|
    |storemerge26_fu_3827_p3    |    select|   0|  0|   63|           1|          64|
    |storemerge27_fu_3821_p3    |    select|   0|  0|   63|           1|          64|
    |storemerge28_fu_3317_p3    |    select|   0|  0|   63|           1|          64|
    |storemerge29_fu_3309_p3    |    select|   0|  0|   63|           1|          64|
    |storemerge4_fu_3365_p3     |    select|   0|  0|   63|           1|          64|
    |storemerge5_fu_3357_p3     |    select|   0|  0|   63|           1|          64|
    |storemerge_fu_3863_p3      |    select|   0|  0|   63|           1|          64|
    |ap_enable_pp0              |       xor|   0|  0|    2|           1|           2|
    |xor_ln13_10_fu_2865_p2     |       xor|   0|  0|    2|           1|           2|
    |xor_ln13_11_fu_2939_p2     |       xor|   0|  0|    2|           1|           2|
    |xor_ln13_12_fu_3013_p2     |       xor|   0|  0|    2|           1|           2|
    |xor_ln13_13_fu_3087_p2     |       xor|   0|  0|    2|           1|           2|
    |xor_ln13_14_fu_3161_p2     |       xor|   0|  0|    2|           1|           2|
    |xor_ln13_15_fu_3235_p2     |       xor|   0|  0|    2|           1|           2|
    |xor_ln13_1_fu_2427_p2      |       xor|   0|  0|    2|           1|           2|
    |xor_ln13_2_fu_2469_p2      |       xor|   0|  0|    2|           1|           2|
    |xor_ln13_3_fu_2511_p2      |       xor|   0|  0|    2|           1|           2|
    |xor_ln13_4_fu_2553_p2      |       xor|   0|  0|    2|           1|           2|
    |xor_ln13_5_fu_2595_p2      |       xor|   0|  0|    2|           1|           2|
    |xor_ln13_6_fu_2637_p2      |       xor|   0|  0|    2|           1|           2|
    |xor_ln13_7_fu_2679_p2      |       xor|   0|  0|    2|           1|           2|
    |xor_ln13_8_fu_2717_p2      |       xor|   0|  0|    2|           1|           2|
    |xor_ln13_9_fu_2791_p2      |       xor|   0|  0|    2|           1|           2|
    |xor_ln13_fu_2385_p2        |       xor|   0|  0|    2|           1|           2|
    |xor_ln19_10_fu_1125_p2     |       xor|   0|  0|    2|           1|           2|
    |xor_ln19_11_fu_1147_p2     |       xor|   0|  0|    2|           1|           2|
    |xor_ln19_12_fu_1169_p2     |       xor|   0|  0|    2|           1|           2|
    |xor_ln19_13_fu_1191_p2     |       xor|   0|  0|    2|           1|           2|
    |xor_ln19_14_fu_1213_p2     |       xor|   0|  0|    2|           1|           2|
    |xor_ln19_15_fu_1235_p2     |       xor|   0|  0|    2|           1|           2|
    |xor_ln19_1_fu_2448_p2      |       xor|   0|  0|    2|           1|           2|
    |xor_ln19_2_fu_2490_p2      |       xor|   0|  0|    2|           1|           2|
    |xor_ln19_3_fu_2532_p2      |       xor|   0|  0|    2|           1|           2|
    |xor_ln19_4_fu_2574_p2      |       xor|   0|  0|    2|           1|           2|
    |xor_ln19_5_fu_2616_p2      |       xor|   0|  0|    2|           1|           2|
    |xor_ln19_6_fu_2658_p2      |       xor|   0|  0|    2|           1|           2|
    |xor_ln19_7_fu_2700_p2      |       xor|   0|  0|    2|           1|           2|
    |xor_ln19_8_fu_1081_p2      |       xor|   0|  0|    2|           1|           2|
    |xor_ln19_9_fu_1103_p2      |       xor|   0|  0|    2|           1|           2|
    |xor_ln19_fu_2406_p2        |       xor|   0|  0|    2|           1|           2|
    |xor_ln94_10_fu_2920_p2     |       xor|   0|  0|    2|           1|           2|
    |xor_ln94_11_fu_2994_p2     |       xor|   0|  0|    2|           1|           2|
    |xor_ln94_12_fu_3068_p2     |       xor|   0|  0|    2|           1|           2|
    |xor_ln94_13_fu_3142_p2     |       xor|   0|  0|    2|           1|           2|
    |xor_ln94_14_fu_3216_p2     |       xor|   0|  0|    2|           1|           2|
    |xor_ln94_15_fu_3290_p2     |       xor|   0|  0|    2|           1|           2|
    |xor_ln94_1_fu_1706_p2      |       xor|   0|  0|    2|           1|           2|
    |xor_ln94_2_fu_1734_p2      |       xor|   0|  0|    2|           1|           2|
    |xor_ln94_3_fu_1762_p2      |       xor|   0|  0|    2|           1|           2|
    |xor_ln94_4_fu_1790_p2      |       xor|   0|  0|    2|           1|           2|
    |xor_ln94_5_fu_1818_p2      |       xor|   0|  0|    2|           1|           2|
    |xor_ln94_6_fu_1846_p2      |       xor|   0|  0|    2|           1|           2|
    |xor_ln94_7_fu_1874_p2      |       xor|   0|  0|    2|           1|           2|
    |xor_ln94_8_fu_2772_p2      |       xor|   0|  0|    2|           1|           2|
    |xor_ln94_9_fu_2846_p2      |       xor|   0|  0|    2|           1|           2|
    |xor_ln94_fu_1678_p2        |       xor|   0|  0|    2|           1|           2|
    |xor_ln97_10_fu_3489_p2     |       xor|   0|  0|    2|           1|           2|
    |xor_ln97_11_fu_3545_p2     |       xor|   0|  0|    2|           1|           2|
    |xor_ln97_12_fu_3601_p2     |       xor|   0|  0|    2|           1|           2|
    |xor_ln97_13_fu_3657_p2     |       xor|   0|  0|    2|           1|           2|
    |xor_ln97_14_fu_3713_p2     |       xor|   0|  0|    2|           1|           2|
    |xor_ln97_15_fu_3769_p2     |       xor|   0|  0|    2|           1|           2|
    |xor_ln97_1_fu_1980_p2      |       xor|   0|  0|    2|           1|           2|
    |xor_ln97_2_fu_2015_p2      |       xor|   0|  0|    2|           1|           2|
    |xor_ln97_3_fu_2050_p2      |       xor|   0|  0|    2|           1|           2|
    |xor_ln97_4_fu_2085_p2      |       xor|   0|  0|    2|           1|           2|
    |xor_ln97_5_fu_2120_p2      |       xor|   0|  0|    2|           1|           2|
    |xor_ln97_6_fu_2155_p2      |       xor|   0|  0|    2|           1|           2|
    |xor_ln97_7_fu_2190_p2      |       xor|   0|  0|    2|           1|           2|
    |xor_ln97_8_fu_3377_p2      |       xor|   0|  0|    2|           1|           2|
    |xor_ln97_9_fu_3433_p2      |       xor|   0|  0|    2|           1|           2|
    |xor_ln97_fu_1945_p2        |       xor|   0|  0|    2|           1|           2|
    +---------------------------+----------+----+---+-----+------------+------------+
    |Total                      |          |   0|  0|32807|       16071|       22166|
    +---------------------------+----------+----+---+-----+------------+------------+

    * Multiplexer: 
    +--------------------------+----+-----------+-----+-----------+
    |           Name           | LUT| Input Size| Bits| Total Bits|
    +--------------------------+----+-----------+-----+-----------+
    |ap_done_int               |   9|          2|    1|          2|
    |ap_enable_reg_pp0_iter1   |   9|          2|    1|          2|
    |ap_sig_allocacmp_l        |   9|          2|    6|         12|
    |global_pair_index_fu_116  |   9|          2|    6|         12|
    +--------------------------+----+-----------+-----+-----------+
    |Total                     |  36|          8|   14|         28|
    +--------------------------+----+-----------+-----+-----------+

    * Register: 
    +----------------------------------------+-----+----+-----+-----------+
    |                  Name                  |  FF | LUT| Bits| Const Bits|
    +----------------------------------------+-----+----+-----+-----------+
    |TwiddleFactor_1_load_cast_reg_4292      |   64|   0|  128|         64|
    |TwiddleFactor_2_load_cast_reg_4315      |   64|   0|  128|         64|
    |TwiddleFactor_3_load_cast_reg_4338      |   64|   0|  128|         64|
    |TwiddleFactor_4_load_cast_reg_4361      |   64|   0|  128|         64|
    |TwiddleFactor_5_load_cast_reg_4384      |   64|   0|  128|         64|
    |TwiddleFactor_6_load_cast_reg_4407      |   64|   0|  128|         64|
    |TwiddleFactor_load_cast_reg_4269        |   64|   0|  128|         64|
    |add_ln22_1_reg_4481                     |   64|   0|   64|          0|
    |add_ln22_2_reg_4486                     |   64|   0|   64|          0|
    |add_ln22_3_reg_4491                     |   64|   0|   64|          0|
    |add_ln22_4_reg_4496                     |   64|   0|   64|          0|
    |add_ln22_5_reg_4501                     |   64|   0|   64|          0|
    |add_ln22_6_reg_4506                     |   64|   0|   64|          0|
    |add_ln22_7_reg_4511                     |   64|   0|   64|          0|
    |add_ln22_reg_4476                       |   64|   0|   64|          0|
    |add_ln239_1_reg_5569                    |   64|   0|   64|          0|
    |add_ln239_2_reg_5574                    |   64|   0|   64|          0|
    |add_ln239_3_reg_5579                    |   64|   0|   64|          0|
    |add_ln239_4_reg_5584                    |   64|   0|   64|          0|
    |add_ln239_5_reg_5589                    |   64|   0|   64|          0|
    |add_ln239_6_reg_5594                    |   64|   0|   64|          0|
    |add_ln239_7_reg_5599                    |   64|   0|   64|          0|
    |add_ln239_reg_5564                      |   64|   0|   64|          0|
    |ap_CS_fsm                               |    1|   0|    1|          0|
    |ap_done_reg                             |    1|   0|    1|          0|
    |ap_enable_reg_pp0_iter1                 |    1|   0|    1|          0|
    |ap_enable_reg_pp0_iter10                |    1|   0|    1|          0|
    |ap_enable_reg_pp0_iter11                |    1|   0|    1|          0|
    |ap_enable_reg_pp0_iter12                |    1|   0|    1|          0|
    |ap_enable_reg_pp0_iter13                |    1|   0|    1|          0|
    |ap_enable_reg_pp0_iter14                |    1|   0|    1|          0|
    |ap_enable_reg_pp0_iter15                |    1|   0|    1|          0|
    |ap_enable_reg_pp0_iter16                |    1|   0|    1|          0|
    |ap_enable_reg_pp0_iter17                |    1|   0|    1|          0|
    |ap_enable_reg_pp0_iter18                |    1|   0|    1|          0|
    |ap_enable_reg_pp0_iter19                |    1|   0|    1|          0|
    |ap_enable_reg_pp0_iter2                 |    1|   0|    1|          0|
    |ap_enable_reg_pp0_iter20                |    1|   0|    1|          0|
    |ap_enable_reg_pp0_iter21                |    1|   0|    1|          0|
    |ap_enable_reg_pp0_iter22                |    1|   0|    1|          0|
    |ap_enable_reg_pp0_iter3                 |    1|   0|    1|          0|
    |ap_enable_reg_pp0_iter4                 |    1|   0|    1|          0|
    |ap_enable_reg_pp0_iter5                 |    1|   0|    1|          0|
    |ap_enable_reg_pp0_iter6                 |    1|   0|    1|          0|
    |ap_enable_reg_pp0_iter7                 |    1|   0|    1|          0|
    |ap_enable_reg_pp0_iter8                 |    1|   0|    1|          0|
    |ap_enable_reg_pp0_iter9                 |    1|   0|    1|          0|
    |ap_loop_exit_ready_pp0_iter10_reg       |    1|   0|    1|          0|
    |ap_loop_exit_ready_pp0_iter11_reg       |    1|   0|    1|          0|
    |ap_loop_exit_ready_pp0_iter12_reg       |    1|   0|    1|          0|
    |ap_loop_exit_ready_pp0_iter13_reg       |    1|   0|    1|          0|
    |ap_loop_exit_ready_pp0_iter14_reg       |    1|   0|    1|          0|
    |ap_loop_exit_ready_pp0_iter15_reg       |    1|   0|    1|          0|
    |ap_loop_exit_ready_pp0_iter16_reg       |    1|   0|    1|          0|
    |ap_loop_exit_ready_pp0_iter17_reg       |    1|   0|    1|          0|
    |ap_loop_exit_ready_pp0_iter18_reg       |    1|   0|    1|          0|
    |ap_loop_exit_ready_pp0_iter19_reg       |    1|   0|    1|          0|
    |ap_loop_exit_ready_pp0_iter1_reg        |    1|   0|    1|          0|
    |ap_loop_exit_ready_pp0_iter20_reg       |    1|   0|    1|          0|
    |ap_loop_exit_ready_pp0_iter21_reg       |    1|   0|    1|          0|
    |ap_loop_exit_ready_pp0_iter2_reg        |    1|   0|    1|          0|
    |ap_loop_exit_ready_pp0_iter3_reg        |    1|   0|    1|          0|
    |ap_loop_exit_ready_pp0_iter4_reg        |    1|   0|    1|          0|
    |ap_loop_exit_ready_pp0_iter5_reg        |    1|   0|    1|          0|
    |ap_loop_exit_ready_pp0_iter6_reg        |    1|   0|    1|          0|
    |ap_loop_exit_ready_pp0_iter7_reg        |    1|   0|    1|          0|
    |ap_loop_exit_ready_pp0_iter8_reg        |    1|   0|    1|          0|
    |ap_loop_exit_ready_pp0_iter9_reg        |    1|   0|    1|          0|
    |conv3_i12_i_i_i_i_i_cast_reg_4064       |   64|   0|  128|         64|
    |global_pair_index_fu_116                |    6|   0|    6|          0|
    |icmp_ln13_10_reg_5348                   |    1|   0|    1|          0|
    |icmp_ln13_11_reg_5368                   |    1|   0|    1|          0|
    |icmp_ln13_12_reg_5388                   |    1|   0|    1|          0|
    |icmp_ln13_13_reg_5408                   |    1|   0|    1|          0|
    |icmp_ln13_14_reg_5428                   |    1|   0|    1|          0|
    |icmp_ln13_15_reg_5448                   |    1|   0|    1|          0|
    |icmp_ln13_8_reg_5308                    |    1|   0|    1|          0|
    |icmp_ln13_9_reg_5328                    |    1|   0|    1|          0|
    |input1_temp_12_reg_4344                 |   64|   0|   64|          0|
    |input1_temp_15_reg_4367                 |   64|   0|   64|          0|
    |input1_temp_18_reg_4390                 |   64|   0|   64|          0|
    |input1_temp_21_reg_4413                 |   64|   0|   64|          0|
    |input1_temp_3_reg_4275                  |   64|   0|   64|          0|
    |input1_temp_41_reg_5468                 |   64|   0|   64|          0|
    |input1_temp_41_reg_5468_pp0_iter21_reg  |   64|   0|   64|          0|
    |input1_temp_43_reg_5473                 |   64|   0|   64|          0|
    |input1_temp_43_reg_5473_pp0_iter21_reg  |   64|   0|   64|          0|
    |input1_temp_45_reg_5478                 |   64|   0|   64|          0|
    |input1_temp_45_reg_5478_pp0_iter21_reg  |   64|   0|   64|          0|
    |input1_temp_47_reg_5483                 |   64|   0|   64|          0|
    |input1_temp_47_reg_5483_pp0_iter21_reg  |   64|   0|   64|          0|
    |input1_temp_49_reg_5488                 |   64|   0|   64|          0|
    |input1_temp_49_reg_5488_pp0_iter21_reg  |   64|   0|   64|          0|
    |input1_temp_51_reg_5493                 |   64|   0|   64|          0|
    |input1_temp_51_reg_5493_pp0_iter21_reg  |   64|   0|   64|          0|
    |input1_temp_53_reg_5498                 |   64|   0|   64|          0|
    |input1_temp_53_reg_5498_pp0_iter21_reg  |   64|   0|   64|          0|
    |input1_temp_55_reg_5503                 |   64|   0|   64|          0|
    |input1_temp_55_reg_5503_pp0_iter21_reg  |   64|   0|   64|          0|
    |input1_temp_57_reg_4516                 |   64|   0|   64|          0|
    |input1_temp_59_reg_4521                 |   64|   0|   64|          0|
    |input1_temp_61_reg_4526                 |   64|   0|   64|          0|
    |input1_temp_63_reg_4531                 |   64|   0|   64|          0|
    |input1_temp_65_reg_4536                 |   64|   0|   64|          0|
    |input1_temp_67_reg_4541                 |   64|   0|   64|          0|
    |input1_temp_69_reg_4546                 |   64|   0|   64|          0|
    |input1_temp_6_reg_4298                  |   64|   0|   64|          0|
    |input1_temp_71_reg_4551                 |   64|   0|   64|          0|
    |input1_temp_9_reg_4321                  |   64|   0|   64|          0|
    |input1_temp_reg_4252                    |   64|   0|   64|          0|
    |input2_temp_1_reg_4285                  |   64|   0|   64|          0|
    |input2_temp_2_reg_4308                  |   64|   0|   64|          0|
    |input2_temp_3_reg_4331                  |   64|   0|   64|          0|
    |input2_temp_4_reg_4354                  |   64|   0|   64|          0|
    |input2_temp_5_reg_4377                  |   64|   0|   64|          0|
    |input2_temp_6_reg_4400                  |   64|   0|   64|          0|
    |input2_temp_7_reg_4423                  |   64|   0|   64|          0|
    |input2_temp_reg_4262                    |   64|   0|   64|          0|
    |modulus_cast_cast_reg_4024              |   64|   0|   65|          1|
    |q_10_reg_5046                           |   64|   0|   64|          0|
    |q_11_reg_5051                           |   64|   0|   64|          0|
    |q_12_reg_5056                           |   64|   0|   64|          0|
    |q_13_reg_5061                           |   64|   0|   64|          0|
    |q_14_reg_5066                           |   64|   0|   64|          0|
    |q_15_reg_5071                           |   64|   0|   64|          0|
    |q_1_reg_4961                            |   64|   0|   64|          0|
    |q_2_reg_4966                            |   64|   0|   64|          0|
    |q_3_reg_4971                            |   64|   0|   64|          0|
    |q_4_reg_4976                            |   64|   0|   64|          0|
    |q_5_reg_4981                            |   64|   0|   64|          0|
    |q_6_reg_4986                            |   64|   0|   64|          0|
    |q_7_reg_4991                            |   64|   0|   64|          0|
    |q_8_reg_5036                            |   64|   0|   64|          0|
    |q_9_reg_5041                            |   64|   0|   64|          0|
    |q_reg_4956                              |   64|   0|   64|          0|
    |q_times_mod_10_reg_5363                 |   64|   0|   64|          0|
    |q_times_mod_11_reg_5383                 |   64|   0|   64|          0|
    |q_times_mod_12_reg_5403                 |   64|   0|   64|          0|
    |q_times_mod_13_reg_5423                 |   64|   0|   64|          0|
    |q_times_mod_14_reg_5443                 |   64|   0|   64|          0|
    |q_times_mod_15_reg_5463                 |   64|   0|   64|          0|
    |q_times_mod_1_reg_5081                  |   64|   0|   64|          0|
    |q_times_mod_2_reg_5086                  |   64|   0|   64|          0|
    |q_times_mod_3_reg_5091                  |   64|   0|   64|          0|
    |q_times_mod_4_reg_5096                  |   64|   0|   64|          0|
    |q_times_mod_5_reg_5101                  |   64|   0|   64|          0|
    |q_times_mod_6_reg_5106                  |   64|   0|   64|          0|
    |q_times_mod_7_reg_5111                  |   64|   0|   64|          0|
    |q_times_mod_8_reg_5323                  |   64|   0|   64|          0|
    |q_times_mod_9_reg_5343                  |   64|   0|   64|          0|
    |q_times_mod_reg_5076                    |   64|   0|   64|          0|
    |r_13_reg_5137                           |   64|   0|   64|          0|
    |r_17_reg_5144                           |   64|   0|   64|          0|
    |r_1_reg_5116                            |   64|   0|   64|          0|
    |r_21_reg_5151                           |   64|   0|   64|          0|
    |r_25_reg_5158                           |   64|   0|   64|          0|
    |r_29_reg_5165                           |   64|   0|   64|          0|
    |r_33_reg_5508                           |   64|   0|   64|          0|
    |r_37_reg_5515                           |   64|   0|   64|          0|
    |r_41_reg_5522                           |   64|   0|   64|          0|
    |r_45_reg_5529                           |   64|   0|   64|          0|
    |r_49_reg_5536                           |   64|   0|   64|          0|
    |r_53_reg_5543                           |   64|   0|   64|          0|
    |r_57_reg_5550                           |   64|   0|   64|          0|
    |r_5_reg_5123                            |   64|   0|   64|          0|
    |r_61_reg_5557                           |   64|   0|   64|          0|
    |r_64_reg_5172                           |   64|   0|   64|          0|
    |r_65_reg_5189                           |   64|   0|   64|          0|
    |r_66_reg_5206                           |   64|   0|   64|          0|
    |r_67_reg_5223                           |   64|   0|   64|          0|
    |r_68_reg_5240                           |   64|   0|   64|          0|
    |r_69_reg_5257                           |   64|   0|   64|          0|
    |r_70_reg_5274                           |   64|   0|   64|          0|
    |r_71_reg_5291                           |   64|   0|   64|          0|
    |r_9_reg_5130                            |   64|   0|   64|          0|
    |res_mult_10_reg_4776                    |  128|   0|  128|          0|
    |res_mult_11_reg_4786                    |  128|   0|  128|          0|
    |res_mult_12_reg_4796                    |  128|   0|  128|          0|
    |res_mult_13_reg_4806                    |  128|   0|  128|          0|
    |res_mult_14_reg_4816                    |  128|   0|  128|          0|
    |res_mult_15_reg_4826                    |  128|   0|  128|          0|
    |res_mult_1_reg_4606                     |  128|   0|  128|          0|
    |res_mult_2_reg_4616                     |  128|   0|  128|          0|
    |res_mult_3_reg_4626                     |  128|   0|  128|          0|
    |res_mult_4_reg_4636                     |  128|   0|  128|          0|
    |res_mult_5_reg_4646                     |  128|   0|  128|          0|
    |res_mult_6_reg_4656                     |  128|   0|  128|          0|
    |res_mult_7_reg_4666                     |  128|   0|  128|          0|
    |res_mult_8_reg_4756                     |  128|   0|  128|          0|
    |res_mult_9_reg_4766                     |  128|   0|  128|          0|
    |res_mult_high_10_reg_4846               |   64|   0|   64|          0|
    |res_mult_high_11_reg_4851               |   64|   0|   64|          0|
    |res_mult_high_12_reg_4856               |   64|   0|   64|          0|
    |res_mult_high_13_reg_4861               |   64|   0|   64|          0|
    |res_mult_high_14_reg_4866               |   64|   0|   64|          0|
    |res_mult_high_15_reg_4871               |   64|   0|   64|          0|
    |res_mult_high_1_reg_4681                |   64|   0|   64|          0|
    |res_mult_high_2_reg_4686                |   64|   0|   64|          0|
    |res_mult_high_3_reg_4691                |   64|   0|   64|          0|
    |res_mult_high_4_reg_4696                |   64|   0|   64|          0|
    |res_mult_high_5_reg_4701                |   64|   0|   64|          0|
    |res_mult_high_6_reg_4706                |   64|   0|   64|          0|
    |res_mult_high_7_reg_4711                |   64|   0|   64|          0|
    |res_mult_high_8_reg_4836                |   64|   0|   64|          0|
    |res_mult_high_9_reg_4841                |   64|   0|   64|          0|
    |res_mult_high_reg_4676                  |   64|   0|   64|          0|
    |res_mult_reg_4596                       |  128|   0|  128|          0|
    |res_mult_shift_10_reg_5006              |  128|   0|  128|          0|
    |res_mult_shift_11_reg_5011              |  128|   0|  128|          0|
    |res_mult_shift_12_reg_5016              |  128|   0|  128|          0|
    |res_mult_shift_13_reg_5021              |  128|   0|  128|          0|
    |res_mult_shift_14_reg_5026              |  128|   0|  128|          0|
    |res_mult_shift_15_reg_5031              |  128|   0|  128|          0|
    |res_mult_shift_1_reg_4921               |  128|   0|  128|          0|
    |res_mult_shift_2_reg_4926               |  128|   0|  128|          0|
    |res_mult_shift_3_reg_4931               |  128|   0|  128|          0|
    |res_mult_shift_4_reg_4936               |  128|   0|  128|          0|
    |res_mult_shift_5_reg_4941               |  128|   0|  128|          0|
    |res_mult_shift_6_reg_4946               |  128|   0|  128|          0|
    |res_mult_shift_7_reg_4951               |  128|   0|  128|          0|
    |res_mult_shift_8_reg_4996               |  128|   0|  128|          0|
    |res_mult_shift_9_reg_5001               |  128|   0|  128|          0|
    |res_mult_shift_reg_4916                 |  128|   0|  128|          0|
    |sh_prom_i21_i_i_i_cast_reg_4084         |   64|   0|  128|         64|
    |sh_prom_i_i_i_i_cast_reg_4044           |   64|   0|  128|         64|
    |sub_ln13_10_reg_5358                    |   64|   0|   64|          0|
    |sub_ln13_11_reg_5378                    |   64|   0|   64|          0|
    |sub_ln13_12_reg_5398                    |   64|   0|   64|          0|
    |sub_ln13_13_reg_5418                    |   64|   0|   64|          0|
    |sub_ln13_14_reg_5438                    |   64|   0|   64|          0|
    |sub_ln13_15_reg_5458                    |   64|   0|   64|          0|
    |sub_ln13_8_reg_5318                     |   64|   0|   64|          0|
    |sub_ln13_9_reg_5338                     |   64|   0|   64|          0|
    |temp_res_1_reg_5195                     |   65|   0|   65|          0|
    |temp_res_2_reg_5212                     |   65|   0|   65|          0|
    |temp_res_3_reg_5229                     |   65|   0|   65|          0|
    |temp_res_4_reg_5246                     |   65|   0|   65|          0|
    |temp_res_5_reg_5263                     |   65|   0|   65|          0|
    |temp_res_6_reg_5280                     |   65|   0|   65|          0|
    |temp_res_7_reg_5297                     |   65|   0|   65|          0|
    |temp_res_reg_5178                       |   65|   0|   65|          0|
    |trunc_ln14_10_reg_5353                  |   64|   0|   64|          0|
    |trunc_ln14_11_reg_5373                  |   64|   0|   64|          0|
    |trunc_ln14_12_reg_5393                  |   64|   0|   64|          0|
    |trunc_ln14_13_reg_5413                  |   64|   0|   64|          0|
    |trunc_ln14_14_reg_5433                  |   64|   0|   64|          0|
    |trunc_ln14_15_reg_5453                  |   64|   0|   64|          0|
    |trunc_ln14_1_reg_5200                   |   64|   0|   64|          0|
    |trunc_ln14_2_reg_5217                   |   64|   0|   64|          0|
    |trunc_ln14_3_reg_5234                   |   64|   0|   64|          0|
    |trunc_ln14_4_reg_5251                   |   64|   0|   64|          0|
    |trunc_ln14_5_reg_5268                   |   64|   0|   64|          0|
    |trunc_ln14_6_reg_5285                   |   64|   0|   64|          0|
    |trunc_ln14_7_reg_5302                   |   64|   0|   64|          0|
    |trunc_ln14_8_reg_5313                   |   64|   0|   64|          0|
    |trunc_ln14_9_reg_5333                   |   64|   0|   64|          0|
    |trunc_ln14_reg_5183                     |   64|   0|   64|          0|
    |trunc_ln90_10_reg_4631                  |   64|   0|   64|          0|
    |trunc_ln90_11_reg_4641                  |   64|   0|   64|          0|
    |trunc_ln90_12_reg_4651                  |   64|   0|   64|          0|
    |trunc_ln90_13_reg_4661                  |   64|   0|   64|          0|
    |trunc_ln90_14_reg_4671                  |   64|   0|   64|          0|
    |trunc_ln90_15_reg_4761                  |   64|   0|   64|          0|
    |trunc_ln90_17_reg_4771                  |   64|   0|   64|          0|
    |trunc_ln90_19_reg_4781                  |   64|   0|   64|          0|
    |trunc_ln90_21_reg_4791                  |   64|   0|   64|          0|
    |trunc_ln90_23_reg_4801                  |   64|   0|   64|          0|
    |trunc_ln90_25_reg_4811                  |   64|   0|   64|          0|
    |trunc_ln90_27_reg_4821                  |   64|   0|   64|          0|
    |trunc_ln90_29_reg_4831                  |   64|   0|   64|          0|
    |trunc_ln90_8_reg_4611                   |   64|   0|   64|          0|
    |trunc_ln90_9_reg_4621                   |   64|   0|   64|          0|
    |trunc_ln90_reg_4601                     |   64|   0|   64|          0|
    |zext_ln142_1_reg_4185                   |    2|   0|   64|         62|
    |zext_ln142_reg_4113                     |    3|   0|   64|         61|
    |zext_ln71_reg_4430                      |   64|   0|  128|         64|
    |TwiddleFactor_1_load_cast_reg_4292      |   64|  32|  128|         64|
    |TwiddleFactor_2_load_cast_reg_4315      |   64|  32|  128|         64|
    |TwiddleFactor_3_load_cast_reg_4338      |   64|  32|  128|         64|
    |TwiddleFactor_4_load_cast_reg_4361      |   64|  32|  128|         64|
    |TwiddleFactor_5_load_cast_reg_4384      |   64|  32|  128|         64|
    |TwiddleFactor_6_load_cast_reg_4407      |   64|  32|  128|         64|
    |TwiddleFactor_load_cast_reg_4269        |   64|  32|  128|         64|
    |add_ln22_1_reg_4481                     |   64|  32|   64|          0|
    |add_ln22_2_reg_4486                     |   64|  32|   64|          0|
    |add_ln22_3_reg_4491                     |   64|  32|   64|          0|
    |add_ln22_4_reg_4496                     |   64|  32|   64|          0|
    |add_ln22_5_reg_4501                     |   64|  32|   64|          0|
    |add_ln22_6_reg_4506                     |   64|  32|   64|          0|
    |add_ln22_7_reg_4511                     |   64|  32|   64|          0|
    |add_ln22_reg_4476                       |   64|  32|   64|          0|
    |input1_temp_12_reg_4344                 |   64|  32|   64|          0|
    |input1_temp_15_reg_4367                 |   64|  32|   64|          0|
    |input1_temp_18_reg_4390                 |   64|  32|   64|          0|
    |input1_temp_21_reg_4413                 |   64|  32|   64|          0|
    |input1_temp_3_reg_4275                  |   64|  32|   64|          0|
    |input1_temp_6_reg_4298                  |   64|  32|   64|          0|
    |input1_temp_9_reg_4321                  |   64|  32|   64|          0|
    |input1_temp_reg_4252                    |   64|  32|   64|          0|
    |input2_temp_1_reg_4285                  |   64|  32|   64|          0|
    |input2_temp_2_reg_4308                  |   64|  32|   64|          0|
    |input2_temp_3_reg_4331                  |   64|  32|   64|          0|
    |input2_temp_4_reg_4354                  |   64|  32|   64|          0|
    |input2_temp_5_reg_4377                  |   64|  32|   64|          0|
    |input2_temp_6_reg_4400                  |   64|  32|   64|          0|
    |input2_temp_7_reg_4423                  |   64|  32|   64|          0|
    |input2_temp_reg_4262                    |   64|  32|   64|          0|
    |trunc_ln90_10_reg_4631                  |   64|  32|   64|          0|
    |trunc_ln90_11_reg_4641                  |   64|  32|   64|          0|
    |trunc_ln90_12_reg_4651                  |   64|  32|   64|          0|
    |trunc_ln90_13_reg_4661                  |   64|  32|   64|          0|
    |trunc_ln90_14_reg_4671                  |   64|  32|   64|          0|
    |trunc_ln90_15_reg_4761                  |   64|  32|   64|          0|
    |trunc_ln90_17_reg_4771                  |   64|  32|   64|          0|
    |trunc_ln90_19_reg_4781                  |   64|  32|   64|          0|
    |trunc_ln90_21_reg_4791                  |   64|  32|   64|          0|
    |trunc_ln90_23_reg_4801                  |   64|  32|   64|          0|
    |trunc_ln90_25_reg_4811                  |   64|  32|   64|          0|
    |trunc_ln90_27_reg_4821                  |   64|  32|   64|          0|
    |trunc_ln90_29_reg_4831                  |   64|  32|   64|          0|
    |trunc_ln90_8_reg_4611                   |   64|  32|   64|          0|
    |trunc_ln90_9_reg_4621                   |   64|  32|   64|          0|
    |trunc_ln90_reg_4601                     |   64|  32|   64|          0|
    |zext_ln142_1_reg_4185                   |   64|  32|   64|         62|
    |zext_ln142_reg_4113                     |   64|  32|   64|         61|
    |zext_ln71_reg_4430                      |   64|  32|  128|         64|
    +----------------------------------------+-----+----+-----+-----------+
    |Total                                   |19400|1600|20740|       1463|
    +----------------------------------------+-----+----+-----+-----------+



================================================================
== Interface
================================================================
* Summary: 
+--------------------------+-----+-----+------------+--------------------------------------+--------------+
|         RTL Ports        | Dir | Bits|  Protocol  |             Source Object            |    C Type    |
+--------------------------+-----+-----+------------+--------------------------------------+--------------+
|ap_clk                    |   in|    1|  ap_ctrl_hs|  NTT_Kernel_Pipeline_VITIS_LOOP_134_1|  return value|
|ap_rst                    |   in|    1|  ap_ctrl_hs|  NTT_Kernel_Pipeline_VITIS_LOOP_134_1|  return value|
|ap_start                  |   in|    1|  ap_ctrl_hs|  NTT_Kernel_Pipeline_VITIS_LOOP_134_1|  return value|
|ap_done                   |  out|    1|  ap_ctrl_hs|  NTT_Kernel_Pipeline_VITIS_LOOP_134_1|  return value|
|ap_idle                   |  out|    1|  ap_ctrl_hs|  NTT_Kernel_Pipeline_VITIS_LOOP_134_1|  return value|
|ap_ready                  |  out|    1|  ap_ctrl_hs|  NTT_Kernel_Pipeline_VITIS_LOOP_134_1|  return value|
|NTTData_7_address0        |  out|    3|   ap_memory|                             NTTData_7|         array|
|NTTData_7_ce0             |  out|    1|   ap_memory|                             NTTData_7|         array|
|NTTData_7_we0             |  out|    1|   ap_memory|                             NTTData_7|         array|
|NTTData_7_d0              |  out|   64|   ap_memory|                             NTTData_7|         array|
|NTTData_7_address1        |  out|    3|   ap_memory|                             NTTData_7|         array|
|NTTData_7_ce1             |  out|    1|   ap_memory|                             NTTData_7|         array|
|NTTData_7_we1             |  out|    1|   ap_memory|                             NTTData_7|         array|
|NTTData_7_d1              |  out|   64|   ap_memory|                             NTTData_7|         array|
|NTTData_6_address0        |  out|    3|   ap_memory|                             NTTData_6|         array|
|NTTData_6_ce0             |  out|    1|   ap_memory|                             NTTData_6|         array|
|NTTData_6_we0             |  out|    1|   ap_memory|                             NTTData_6|         array|
|NTTData_6_d0              |  out|   64|   ap_memory|                             NTTData_6|         array|
|NTTData_6_address1        |  out|    3|   ap_memory|                             NTTData_6|         array|
|NTTData_6_ce1             |  out|    1|   ap_memory|                             NTTData_6|         array|
|NTTData_6_we1             |  out|    1|   ap_memory|                             NTTData_6|         array|
|NTTData_6_d1              |  out|   64|   ap_memory|                             NTTData_6|         array|
|NTTData_5_address0        |  out|    3|   ap_memory|                             NTTData_5|         array|
|NTTData_5_ce0             |  out|    1|   ap_memory|                             NTTData_5|         array|
|NTTData_5_we0             |  out|    1|   ap_memory|                             NTTData_5|         array|
|NTTData_5_d0              |  out|   64|   ap_memory|                             NTTData_5|         array|
|NTTData_5_address1        |  out|    3|   ap_memory|                             NTTData_5|         array|
|NTTData_5_ce1             |  out|    1|   ap_memory|                             NTTData_5|         array|
|NTTData_5_we1             |  out|    1|   ap_memory|                             NTTData_5|         array|
|NTTData_5_d1              |  out|   64|   ap_memory|                             NTTData_5|         array|
|NTTData_4_address0        |  out|    3|   ap_memory|                             NTTData_4|         array|
|NTTData_4_ce0             |  out|    1|   ap_memory|                             NTTData_4|         array|
|NTTData_4_we0             |  out|    1|   ap_memory|                             NTTData_4|         array|
|NTTData_4_d0              |  out|   64|   ap_memory|                             NTTData_4|         array|
|NTTData_4_address1        |  out|    3|   ap_memory|                             NTTData_4|         array|
|NTTData_4_ce1             |  out|    1|   ap_memory|                             NTTData_4|         array|
|NTTData_4_we1             |  out|    1|   ap_memory|                             NTTData_4|         array|
|NTTData_4_d1              |  out|   64|   ap_memory|                             NTTData_4|         array|
|NTTData_3_address0        |  out|    3|   ap_memory|                             NTTData_3|         array|
|NTTData_3_ce0             |  out|    1|   ap_memory|                             NTTData_3|         array|
|NTTData_3_we0             |  out|    1|   ap_memory|                             NTTData_3|         array|
|NTTData_3_d0              |  out|   64|   ap_memory|                             NTTData_3|         array|
|NTTData_3_address1        |  out|    3|   ap_memory|                             NTTData_3|         array|
|NTTData_3_ce1             |  out|    1|   ap_memory|                             NTTData_3|         array|
|NTTData_3_we1             |  out|    1|   ap_memory|                             NTTData_3|         array|
|NTTData_3_d1              |  out|   64|   ap_memory|                             NTTData_3|         array|
|NTTData_2_address0        |  out|    3|   ap_memory|                             NTTData_2|         array|
|NTTData_2_ce0             |  out|    1|   ap_memory|                             NTTData_2|         array|
|NTTData_2_we0             |  out|    1|   ap_memory|                             NTTData_2|         array|
|NTTData_2_d0              |  out|   64|   ap_memory|                             NTTData_2|         array|
|NTTData_2_address1        |  out|    3|   ap_memory|                             NTTData_2|         array|
|NTTData_2_ce1             |  out|    1|   ap_memory|                             NTTData_2|         array|
|NTTData_2_we1             |  out|    1|   ap_memory|                             NTTData_2|         array|
|NTTData_2_d1              |  out|   64|   ap_memory|                             NTTData_2|         array|
|NTTData_1_address0        |  out|    3|   ap_memory|                             NTTData_1|         array|
|NTTData_1_ce0             |  out|    1|   ap_memory|                             NTTData_1|         array|
|NTTData_1_we0             |  out|    1|   ap_memory|                             NTTData_1|         array|
|NTTData_1_d0              |  out|   64|   ap_memory|                             NTTData_1|         array|
|NTTData_1_address1        |  out|    3|   ap_memory|                             NTTData_1|         array|
|NTTData_1_ce1             |  out|    1|   ap_memory|                             NTTData_1|         array|
|NTTData_1_we1             |  out|    1|   ap_memory|                             NTTData_1|         array|
|NTTData_1_d1              |  out|   64|   ap_memory|                             NTTData_1|         array|
|NTTData_address0          |  out|    3|   ap_memory|                               NTTData|         array|
|NTTData_ce0               |  out|    1|   ap_memory|                               NTTData|         array|
|NTTData_we0               |  out|    1|   ap_memory|                               NTTData|         array|
|NTTData_d0                |  out|   64|   ap_memory|                               NTTData|         array|
|NTTData_address1          |  out|    3|   ap_memory|                               NTTData|         array|
|NTTData_ce1               |  out|    1|   ap_memory|                               NTTData|         array|
|NTTData_we1               |  out|    1|   ap_memory|                               NTTData|         array|
|NTTData_d1                |  out|   64|   ap_memory|                               NTTData|         array|
|TwiddleFactor_address0    |  out|    2|   ap_memory|                         TwiddleFactor|         array|
|TwiddleFactor_ce0         |  out|    1|   ap_memory|                         TwiddleFactor|         array|
|TwiddleFactor_q0          |   in|   64|   ap_memory|                         TwiddleFactor|         array|
|PermuteData_address0      |  out|    3|   ap_memory|                           PermuteData|         array|
|PermuteData_ce0           |  out|    1|   ap_memory|                           PermuteData|         array|
|PermuteData_q0            |   in|   64|   ap_memory|                           PermuteData|         array|
|PermuteData_address1      |  out|    3|   ap_memory|                           PermuteData|         array|
|PermuteData_ce1           |  out|    1|   ap_memory|                           PermuteData|         array|
|PermuteData_q1            |   in|   64|   ap_memory|                           PermuteData|         array|
|PermuteData_1_address0    |  out|    3|   ap_memory|                         PermuteData_1|         array|
|PermuteData_1_ce0         |  out|    1|   ap_memory|                         PermuteData_1|         array|
|PermuteData_1_q0          |   in|   64|   ap_memory|                         PermuteData_1|         array|
|PermuteData_1_address1    |  out|    3|   ap_memory|                         PermuteData_1|         array|
|PermuteData_1_ce1         |  out|    1|   ap_memory|                         PermuteData_1|         array|
|PermuteData_1_q1          |   in|   64|   ap_memory|                         PermuteData_1|         array|
|modulus                   |   in|   64|     ap_none|                               modulus|        scalar|
|TwiddleFactor_1_address0  |  out|    2|   ap_memory|                       TwiddleFactor_1|         array|
|TwiddleFactor_1_ce0       |  out|    1|   ap_memory|                       TwiddleFactor_1|         array|
|TwiddleFactor_1_q0        |   in|   64|   ap_memory|                       TwiddleFactor_1|         array|
|PermuteData_2_address0    |  out|    3|   ap_memory|                         PermuteData_2|         array|
|PermuteData_2_ce0         |  out|    1|   ap_memory|                         PermuteData_2|         array|
|PermuteData_2_q0          |   in|   64|   ap_memory|                         PermuteData_2|         array|
|PermuteData_2_address1    |  out|    3|   ap_memory|                         PermuteData_2|         array|
|PermuteData_2_ce1         |  out|    1|   ap_memory|                         PermuteData_2|         array|
|PermuteData_2_q1          |   in|   64|   ap_memory|                         PermuteData_2|         array|
|PermuteData_3_address0    |  out|    3|   ap_memory|                         PermuteData_3|         array|
|PermuteData_3_ce0         |  out|    1|   ap_memory|                         PermuteData_3|         array|
|PermuteData_3_q0          |   in|   64|   ap_memory|                         PermuteData_3|         array|
|PermuteData_3_address1    |  out|    3|   ap_memory|                         PermuteData_3|         array|
|PermuteData_3_ce1         |  out|    1|   ap_memory|                         PermuteData_3|         array|
|PermuteData_3_q1          |   in|   64|   ap_memory|                         PermuteData_3|         array|
|TwiddleFactor_2_address0  |  out|    2|   ap_memory|                       TwiddleFactor_2|         array|
|TwiddleFactor_2_ce0       |  out|    1|   ap_memory|                       TwiddleFactor_2|         array|
|TwiddleFactor_2_q0        |   in|   64|   ap_memory|                       TwiddleFactor_2|         array|
|PermuteData_4_address0    |  out|    3|   ap_memory|                         PermuteData_4|         array|
|PermuteData_4_ce0         |  out|    1|   ap_memory|                         PermuteData_4|         array|
|PermuteData_4_q0          |   in|   64|   ap_memory|                         PermuteData_4|         array|
|PermuteData_4_address1    |  out|    3|   ap_memory|                         PermuteData_4|         array|
|PermuteData_4_ce1         |  out|    1|   ap_memory|                         PermuteData_4|         array|
|PermuteData_4_q1          |   in|   64|   ap_memory|                         PermuteData_4|         array|
|PermuteData_5_address0    |  out|    3|   ap_memory|                         PermuteData_5|         array|
|PermuteData_5_ce0         |  out|    1|   ap_memory|                         PermuteData_5|         array|
|PermuteData_5_q0          |   in|   64|   ap_memory|                         PermuteData_5|         array|
|PermuteData_5_address1    |  out|    3|   ap_memory|                         PermuteData_5|         array|
|PermuteData_5_ce1         |  out|    1|   ap_memory|                         PermuteData_5|         array|
|PermuteData_5_q1          |   in|   64|   ap_memory|                         PermuteData_5|         array|
|TwiddleFactor_3_address0  |  out|    2|   ap_memory|                       TwiddleFactor_3|         array|
|TwiddleFactor_3_ce0       |  out|    1|   ap_memory|                       TwiddleFactor_3|         array|
|TwiddleFactor_3_q0        |   in|   64|   ap_memory|                       TwiddleFactor_3|         array|
|PermuteData_6_address0    |  out|    3|   ap_memory|                         PermuteData_6|         array|
|PermuteData_6_ce0         |  out|    1|   ap_memory|                         PermuteData_6|         array|
|PermuteData_6_q0          |   in|   64|   ap_memory|                         PermuteData_6|         array|
|PermuteData_6_address1    |  out|    3|   ap_memory|                         PermuteData_6|         array|
|PermuteData_6_ce1         |  out|    1|   ap_memory|                         PermuteData_6|         array|
|PermuteData_6_q1          |   in|   64|   ap_memory|                         PermuteData_6|         array|
|PermuteData_7_address0    |  out|    3|   ap_memory|                         PermuteData_7|         array|
|PermuteData_7_ce0         |  out|    1|   ap_memory|                         PermuteData_7|         array|
|PermuteData_7_q0          |   in|   64|   ap_memory|                         PermuteData_7|         array|
|PermuteData_7_address1    |  out|    3|   ap_memory|                         PermuteData_7|         array|
|PermuteData_7_ce1         |  out|    1|   ap_memory|                         PermuteData_7|         array|
|PermuteData_7_q1          |   in|   64|   ap_memory|                         PermuteData_7|         array|
|TwiddleFactor_4_address0  |  out|    2|   ap_memory|                       TwiddleFactor_4|         array|
|TwiddleFactor_4_ce0       |  out|    1|   ap_memory|                       TwiddleFactor_4|         array|
|TwiddleFactor_4_q0        |   in|   64|   ap_memory|                       TwiddleFactor_4|         array|
|TwiddleFactor_5_address0  |  out|    2|   ap_memory|                       TwiddleFactor_5|         array|
|TwiddleFactor_5_ce0       |  out|    1|   ap_memory|                       TwiddleFactor_5|         array|
|TwiddleFactor_5_q0        |   in|   64|   ap_memory|                       TwiddleFactor_5|         array|
|TwiddleFactor_6_address0  |  out|    2|   ap_memory|                       TwiddleFactor_6|         array|
|TwiddleFactor_6_ce0       |  out|    1|   ap_memory|                       TwiddleFactor_6|         array|
|TwiddleFactor_6_q0        |   in|   64|   ap_memory|                       TwiddleFactor_6|         array|
|TwiddleFactor_7_address0  |  out|    2|   ap_memory|                       TwiddleFactor_7|         array|
|TwiddleFactor_7_ce0       |  out|    1|   ap_memory|                       TwiddleFactor_7|         array|
|TwiddleFactor_7_q0        |   in|   64|   ap_memory|                       TwiddleFactor_7|         array|
|sh_prom_i21_i_i_i         |   in|   64|     ap_none|                     sh_prom_i21_i_i_i|        scalar|
|conv3_i12_i_i_i_i_i       |   in|   64|     ap_none|                   conv3_i12_i_i_i_i_i|        scalar|
|sh_prom_i_i_i_i           |   in|   64|     ap_none|                       sh_prom_i_i_i_i|        scalar|
|modulus_cast              |   in|   64|     ap_none|                          modulus_cast|        scalar|
|trunc_ln                  |   in|   63|     ap_none|                              trunc_ln|        scalar|
|is_ntt_offset             |   in|    1|     ap_none|                         is_ntt_offset|        scalar|
+--------------------------+-----+-----+------------+--------------------------------------+--------------+

