

================================================================
== Vitis HLS Report for 'NTT_Kernel_Pipeline_VITIS_LOOP_96_1'
================================================================
* Date:           Mon Apr 13 22:58:20 2026

* Version:        2024.1 (Build 5069499 on May 21 2024)
* Project:        Solution
* Solution:       solution1 (Vivado IP Flow Target)
* Product family: virtexuplusHBM
* Target device:  xcu55c-fsvh2892-2L-e


================================================================
== Performance Estimates
================================================================
+ Timing: 
    * Summary: 
    +--------+---------+----------+------------+
    |  Clock |  Target | Estimated| Uncertainty|
    +--------+---------+----------+------------+
    |ap_clk  |  4.00 ns|  2.469 ns|     1.08 ns|
    +--------+---------+----------+------------+

+ Latency: 
    * Summary: 
    +---------+---------+-----------+-----------+-----+-----+-----------------------------------------------+
    |  Latency (cycles) |   Latency (absolute)  |  Interval |                    Pipeline                   |
    |   min   |   max   |    min    |    max    | min | max |                      Type                     |
    +---------+---------+-----------+-----------+-----+-----+-----------------------------------------------+
    |        6|        6|  24.000 ns|  24.000 ns|    5|    5|  loop auto-rewind stp(delay=0 clock cycles(s))|
    +---------+---------+-----------+-----------+-----+-----+-----------------------------------------------+

    + Detail: 
        * Instance: 
        N/A

        * Loop: 
        +-------------------+---------+---------+----------+-----------+-----------+------+----------+
        |                   |  Latency (cycles) | Iteration|  Initiation Interval  | Trip |          |
        |     Loop Name     |   min   |   max   |  Latency |  achieved |   target  | Count| Pipelined|
        +-------------------+---------+---------+----------+-----------+-----------+------+----------+
        |- VITIS_LOOP_96_1  |        4|        4|         1|          1|          1|     4|       yes|
        +-------------------+---------+---------+----------+-----------+-----------+------+----------+



================================================================
== Utilization Estimates
================================================================
* Summary: 
+---------------------+---------+------+---------+---------+-----+
|         Name        | BRAM_18K|  DSP |    FF   |   LUT   | URAM|
+---------------------+---------+------+---------+---------+-----+
|DSP                  |        -|     -|        -|        -|    -|
|Expression           |        -|     -|        0|      456|    -|
|FIFO                 |        -|     -|        -|        -|    -|
|Instance             |        -|     -|        -|        -|    -|
|Memory               |        -|     -|        -|        -|    -|
|Multiplexer          |        -|     -|        0|       27|    -|
|Register             |        -|     -|        8|        -|    -|
+---------------------+---------+------+---------+---------+-----+
|Total                |        0|     0|        8|      483|    0|
+---------------------+---------+------+---------+---------+-----+
|Available SLR        |     1344|  3008|   869120|   434560|  320|
+---------------------+---------+------+---------+---------+-----+
|Utilization SLR (%)  |        0|     0|       ~0|       ~0|    0|
+---------------------+---------+------+---------+---------+-----+
|Available            |     4032|  9024|  2607360|  1303680|  960|
+---------------------+---------+------+---------+---------+-----+
|Utilization (%)      |        0|     0|       ~0|       ~0|    0|
+---------------------+---------+------+---------+---------+-----+

+ Detail: 
    * Instance: 
    N/A

    * DSP: 
    N/A

    * Memory: 
    N/A

    * FIFO: 
    N/A

    * Expression: 
    +------------------------+----------+----+---+----+------------+------------+
    |      Variable Name     | Operation| DSP| FF| LUT| Bitwidth P0| Bitwidth P1|
    +------------------------+----------+----+---+----+------------+------------+
    |add_ln101_1_fu_524_p2   |         +|   0|  0|  24|          17|          17|
    |add_ln101_2_fu_538_p2   |         +|   0|  0|  24|          17|          17|
    |add_ln101_3_fu_552_p2   |         +|   0|  0|  24|          17|          17|
    |add_ln101_fu_510_p2     |         +|   0|  0|  24|          17|          17|
    |add_ln96_fu_566_p2      |         +|   0|  0|  13|           6|           4|
    |add_ln98_1_fu_498_p2    |         +|   0|  0|  17|          17|           2|
    |add_ln98_fu_504_p2      |         +|   0|  0|  17|          17|          17|
    |add_ln99_1_fu_531_p2    |         +|   0|  0|  24|          17|          17|
    |add_ln99_2_fu_545_p2    |         +|   0|  0|  24|          17|          17|
    |add_ln99_3_fu_559_p2    |         +|   0|  0|  24|          17|          17|
    |add_ln99_fu_517_p2      |         +|   0|  0|  24|          17|          17|
    |lshr_ln101_1_fu_358_p2  |      lshr|   0|  0|  25|          12|          12|
    |lshr_ln101_2_fu_380_p2  |      lshr|   0|  0|  25|          12|          12|
    |lshr_ln101_3_fu_402_p2  |      lshr|   0|  0|  25|          12|          12|
    |lshr_ln101_4_fu_436_p2  |      lshr|   0|  0|  25|          12|          12|
    |lshr_ln101_5_fu_458_p2  |      lshr|   0|  0|  25|          12|          12|
    |lshr_ln101_6_fu_480_p2  |      lshr|   0|  0|  25|          12|          12|
    |lshr_ln101_fu_326_p2    |      lshr|   0|  0|  25|          12|          12|
    |lshr_ln99_fu_294_p2     |      lshr|   0|  0|  25|          12|          12|
    |select_ln98_fu_490_p3   |    select|   0|  0|  17|           1|          17|
    +------------------------+----------+----+---+----+------------+------------+
    |Total                   |          |   0|  0| 456|         273|         272|
    +------------------------+----------+----+---+----+------------+------------+

    * Multiplexer: 
    +--------------------+----+-----------+-----+-----------+
    |        Name        | LUT| Input Size| Bits| Total Bits|
    +--------------------+----+-----------+-----+-----------+
    |ap_done_int         |   9|          2|    1|          2|
    |ap_sig_allocacmp_l  |   9|          2|    6|         12|
    |l_7_fu_98           |   9|          2|    6|         12|
    +--------------------+----+-----------+-----+-----------+
    |Total               |  27|          6|   13|         26|
    +--------------------+----+-----------+-----+-----------+

    * Register: 
    +-------------+---+----+-----+-----------+
    |     Name    | FF| LUT| Bits| Const Bits|
    +-------------+---+----+-----+-----------+
    |ap_CS_fsm    |  1|   0|    1|          0|
    |ap_done_reg  |  1|   0|    1|          0|
    |l_7_fu_98    |  6|   0|    6|          0|
    +-------------+---+----+-----+-----------+
    |Total        |  8|   0|    8|          0|
    +-------------+---+----+-----+-----------+



================================================================
== Interface
================================================================
* Summary: 
+-------------------------+-----+-----+------------+-------------------------------------+--------------+
|        RTL Ports        | Dir | Bits|  Protocol  |            Source Object            |    C Type    |
+-------------------------+-----+-----+------------+-------------------------------------+--------------+
|ap_clk                   |   in|    1|  ap_ctrl_hs|  NTT_Kernel_Pipeline_VITIS_LOOP_96_1|  return value|
|ap_rst                   |   in|    1|  ap_ctrl_hs|  NTT_Kernel_Pipeline_VITIS_LOOP_96_1|  return value|
|ap_start                 |   in|    1|  ap_ctrl_hs|  NTT_Kernel_Pipeline_VITIS_LOOP_96_1|  return value|
|ap_done                  |  out|    1|  ap_ctrl_hs|  NTT_Kernel_Pipeline_VITIS_LOOP_96_1|  return value|
|ap_idle                  |  out|    1|  ap_ctrl_hs|  NTT_Kernel_Pipeline_VITIS_LOOP_96_1|  return value|
|ap_ready                 |  out|    1|  ap_ctrl_hs|  NTT_Kernel_Pipeline_VITIS_LOOP_96_1|  return value|
|TwiddleIndex_7_address0  |  out|    2|   ap_memory|                       TwiddleIndex_7|         array|
|TwiddleIndex_7_ce0       |  out|    1|   ap_memory|                       TwiddleIndex_7|         array|
|TwiddleIndex_7_we0       |  out|    1|   ap_memory|                       TwiddleIndex_7|         array|
|TwiddleIndex_7_d0        |  out|   17|   ap_memory|                       TwiddleIndex_7|         array|
|TwiddleIndex_6_address0  |  out|    2|   ap_memory|                       TwiddleIndex_6|         array|
|TwiddleIndex_6_ce0       |  out|    1|   ap_memory|                       TwiddleIndex_6|         array|
|TwiddleIndex_6_we0       |  out|    1|   ap_memory|                       TwiddleIndex_6|         array|
|TwiddleIndex_6_d0        |  out|   17|   ap_memory|                       TwiddleIndex_6|         array|
|TwiddleIndex_5_address0  |  out|    2|   ap_memory|                       TwiddleIndex_5|         array|
|TwiddleIndex_5_ce0       |  out|    1|   ap_memory|                       TwiddleIndex_5|         array|
|TwiddleIndex_5_we0       |  out|    1|   ap_memory|                       TwiddleIndex_5|         array|
|TwiddleIndex_5_d0        |  out|   17|   ap_memory|                       TwiddleIndex_5|         array|
|TwiddleIndex_4_address0  |  out|    2|   ap_memory|                       TwiddleIndex_4|         array|
|TwiddleIndex_4_ce0       |  out|    1|   ap_memory|                       TwiddleIndex_4|         array|
|TwiddleIndex_4_we0       |  out|    1|   ap_memory|                       TwiddleIndex_4|         array|
|TwiddleIndex_4_d0        |  out|   17|   ap_memory|                       TwiddleIndex_4|         array|
|TwiddleIndex_3_address0  |  out|    2|   ap_memory|                       TwiddleIndex_3|         array|
|TwiddleIndex_3_ce0       |  out|    1|   ap_memory|                       TwiddleIndex_3|         array|
|TwiddleIndex_3_we0       |  out|    1|   ap_memory|                       TwiddleIndex_3|         array|
|TwiddleIndex_3_d0        |  out|   17|   ap_memory|                       TwiddleIndex_3|         array|
|TwiddleIndex_2_address0  |  out|    2|   ap_memory|                       TwiddleIndex_2|         array|
|TwiddleIndex_2_ce0       |  out|    1|   ap_memory|                       TwiddleIndex_2|         array|
|TwiddleIndex_2_we0       |  out|    1|   ap_memory|                       TwiddleIndex_2|         array|
|TwiddleIndex_2_d0        |  out|   17|   ap_memory|                       TwiddleIndex_2|         array|
|TwiddleIndex_1_address0  |  out|    2|   ap_memory|                       TwiddleIndex_1|         array|
|TwiddleIndex_1_ce0       |  out|    1|   ap_memory|                       TwiddleIndex_1|         array|
|TwiddleIndex_1_we0       |  out|    1|   ap_memory|                       TwiddleIndex_1|         array|
|TwiddleIndex_1_d0        |  out|   17|   ap_memory|                       TwiddleIndex_1|         array|
|TwiddleIndex_address0    |  out|    2|   ap_memory|                         TwiddleIndex|         array|
|TwiddleIndex_ce0         |  out|    1|   ap_memory|                         TwiddleIndex|         array|
|TwiddleIndex_we0         |  out|    1|   ap_memory|                         TwiddleIndex|         array|
|TwiddleIndex_d0          |  out|   17|   ap_memory|                         TwiddleIndex|         array|
|zext_ln278               |   in|    4|     ap_none|                           zext_ln278|        scalar|
|cmp_i_i                  |   in|    1|     ap_none|                              cmp_i_i|        scalar|
|shr_i                    |   in|    6|     ap_none|                                shr_i|        scalar|
|shl10_i                  |   in|   17|     ap_none|                              shl10_i|        scalar|
|shl_i_cast               |   in|   12|     ap_none|                           shl_i_cast|        scalar|
+-------------------------+-----+-----+------------+-------------------------------------+--------------+

