

================================================================
== Vitis HLS Report for 'Top_Pipeline_init_P_Loop'
================================================================
* Date:           Mon Apr 13 22:59:06 2026

* Version:        2024.1 (Build 5069499 on May 21 2024)
* Project:        Solution
* Solution:       solution1 (Vivado IP Flow Target)
* Product family: virtexuplusHBM
* Target device:  xcu55c-fsvh2892-2L-e


================================================================
== Performance Estimates
================================================================
+ Timing: 
    * Summary: 
    +--------+---------+----------+------------+
    |  Clock |  Target | Estimated| Uncertainty|
    +--------+---------+----------+------------+
    |ap_clk  |  4.00 ns|  2.920 ns|     1.08 ns|
    +--------+---------+----------+------------+

+ Latency: 
    * Summary: 
    +---------+---------+-----------+-----------+-----+-----+-----------------------------------------------+
    |  Latency (cycles) |   Latency (absolute)  |  Interval |                    Pipeline                   |
    |   min   |   max   |    min    |    max    | min | max |                      Type                     |
    +---------+---------+-----------+-----------+-----+-----+-----------------------------------------------+
    |       17|       17|  68.000 ns|  68.000 ns|    9|    9|  loop auto-rewind stp(delay=0 clock cycles(s))|
    +---------+---------+-----------+-----------+-----+-----+-----------------------------------------------+

    + Detail: 
        * Instance: 
        N/A

        * Loop: 
        +---------------+---------+---------+----------+-----------+-----------+------+----------+
        |               |  Latency (cycles) | Iteration|  Initiation Interval  | Trip |          |
        |   Loop Name   |   min   |   max   |  Latency |  achieved |   target  | Count| Pipelined|
        +---------------+---------+---------+----------+-----------+-----------+------+----------+
        |- init_P_Loop  |       15|       15|        13|          3|          1|     2|       yes|
        +---------------+---------+---------+----------+-----------+-----------+------+----------+



================================================================
== Utilization Estimates
================================================================
* Summary: 
+---------------------+---------+------+---------+---------+-----+
|         Name        | BRAM_18K|  DSP |    FF   |   LUT   | URAM|
+---------------------+---------+------+---------+---------+-----+
|DSP                  |        -|     -|        -|        -|    -|
|Expression           |        -|     -|        0|      255|    -|
|FIFO                 |        -|     -|        -|        -|    -|
|Instance             |        -|     -|        -|        -|    -|
|Memory               |        -|     -|        -|        -|    -|
|Multiplexer          |        -|     -|        0|      139|    -|
|Register             |        -|     -|      653|       96|    -|
+---------------------+---------+------+---------+---------+-----+
|Total                |        0|     0|      653|      490|    0|
+---------------------+---------+------+---------+---------+-----+
|Available SLR        |     1344|  3008|   869120|   434560|  320|
+---------------------+---------+------+---------+---------+-----+
|Utilization SLR (%)  |        0|     0|       ~0|       ~0|    0|
+---------------------+---------+------+---------+---------+-----+
|Available            |     4032|  9024|  2607360|  1303680|  960|
+---------------------+---------+------+---------+---------+-----+
|Utilization (%)      |        0|     0|       ~0|       ~0|    0|
+---------------------+---------+------+---------+---------+-----+

+ Detail: 
    * Instance: 
    N/A

    * DSP: 
    N/A

    * Memory: 
    N/A

    * FIFO: 
    N/A

    * Expression: 
    +---------------------------+----------+----+---+----+------------+------------+
    |       Variable Name       | Operation| DSP| FF| LUT| Bitwidth P0| Bitwidth P1|
    +---------------------------+----------+----+---+----+------------+------------+
    |add_ln84_fu_174_p2         |         +|   0|  0|   9|           2|           1|
    |add_ln86_fu_254_p2         |         +|   0|  0|  10|           3|           2|
    |add_ln87_fu_184_p2         |         +|   0|  0|  69|          62|          62|
    |add_ln88_fu_211_p2         |         +|   0|  0|  69|          62|          62|
    |add_ln89_fu_215_p2         |         +|   0|  0|  69|          62|          62|
    |ap_block_state2_io         |       and|   0|  0|   2|           1|           1|
    |icmp_ln84_fu_168_p2        |      icmp|   0|  0|  10|           2|           3|
    |icmp_ln87_fu_190_p2        |      icmp|   0|  0|   9|           2|           1|
    |ap_block_pp0_stage0_11001  |        or|   0|  0|   2|           1|           1|
    |ap_block_pp0_stage1_11001  |        or|   0|  0|   2|           1|           1|
    |ap_block_pp0_stage2_11001  |        or|   0|  0|   2|           1|           1|
    |ap_enable_pp0              |       xor|   0|  0|   2|           1|           2|
    +---------------------------+----------+----+---+----+------------+------------+
    |Total                      |          |   0|  0| 255|         200|         199|
    +---------------------------+----------+----+---+----+------------+------------+

    * Multiplexer: 
    +----------------------------------+----+-----------+-----+-----------+
    |               Name               | LUT| Input Size| Bits| Total Bits|
    +----------------------------------+----+-----------+-----+-----------+
    |ap_NS_fsm                         |  20|          4|    1|          4|
    |ap_done_int                       |   9|          2|    1|          2|
    |ap_enable_reg_pp0_iter0           |   9|          2|    1|          2|
    |ap_enable_reg_pp0_iter1           |   9|          2|    1|          2|
    |ap_enable_reg_pp0_iter4           |   9|          2|    1|          2|
    |ap_loop_exit_ready_pp0_iter1_reg  |   9|          2|    1|          2|
    |ap_loop_exit_ready_pp0_iter2_reg  |   9|          2|    1|          2|
    |ap_loop_exit_ready_pp0_iter3_reg  |   9|          2|    1|          2|
    |ap_sig_allocacmp_j_1              |   9|          2|    2|          4|
    |gmem1_blk_n_AR                    |   9|          2|    1|          2|
    |gmem1_blk_n_R                     |   9|          2|    1|          2|
    |j_fu_64                           |   9|          2|    2|          4|
    |m_axi_gmem1_ARADDR                |  20|          4|   64|        256|
    +----------------------------------+----+-----------+-----+-----------+
    |Total                             | 139|         30|   78|        286|
    +----------------------------------+----+-----------+-----+-----------+

    * Register: 
    +----------------------------------+----+----+-----+-----------+
    |               Name               | FF | LUT| Bits| Const Bits|
    +----------------------------------+----+----+-----+-----------+
    |add_ln87_reg_297                  |  62|   0|   62|          0|
    |add_ln88_reg_312                  |  62|   0|   62|          0|
    |add_ln89_reg_317                  |  62|   0|   62|          0|
    |ap_CS_fsm                         |   3|   0|    3|          0|
    |ap_done_reg                       |   1|   0|    1|          0|
    |ap_enable_reg_pp0_iter0_reg       |   1|   0|    1|          0|
    |ap_enable_reg_pp0_iter1           |   1|   0|    1|          0|
    |ap_enable_reg_pp0_iter2           |   1|   0|    1|          0|
    |ap_enable_reg_pp0_iter3           |   1|   0|    1|          0|
    |ap_enable_reg_pp0_iter4           |   1|   0|    1|          0|
    |ap_loop_exit_ready_pp0_iter1_reg  |   1|   0|    1|          0|
    |ap_loop_exit_ready_pp0_iter2_reg  |   1|   0|    1|          0|
    |ap_loop_exit_ready_pp0_iter3_reg  |   1|   0|    1|          0|
    |gmem1_addr_1_read_reg_334         |  64|   0|   64|          0|
    |gmem1_addr_2_read_reg_344         |  64|   0|   64|          0|
    |icmp_ln84_reg_287                 |   1|   0|    1|          0|
    |icmp_ln87_reg_302                 |   1|   0|    1|          0|
    |j_1_reg_282                       |   2|   0|    2|          0|
    |j_fu_64                           |   2|   0|    2|          0|
    |sext_ln84_1_cast_reg_277          |  62|   0|   62|          0|
    |sext_ln84_2_cast_reg_272          |  62|   0|   62|          0|
    |zext_ln84_reg_291                 |   2|   0|   62|         60|
    |zext_ln87_reg_339                 |   3|   0|   64|         61|
    |icmp_ln84_reg_287                 |  64|  32|    1|          0|
    |icmp_ln87_reg_302                 |  64|  32|    1|          0|
    |j_1_reg_282                       |  64|  32|    2|          0|
    +----------------------------------+----+----+-----+-----------+
    |Total                             | 653|  96|  586|        121|
    +----------------------------------+----+----+-----+-----------+



================================================================
== Interface
================================================================
* Summary: 
+-----------------------+-----+-----+------------+--------------------------+--------------+
|       RTL Ports       | Dir | Bits|  Protocol  |       Source Object      |    C Type    |
+-----------------------+-----+-----+------------+--------------------------+--------------+
|ap_clk                 |   in|    1|  ap_ctrl_hs|  Top_Pipeline_init_P_Loop|  return value|
|ap_rst                 |   in|    1|  ap_ctrl_hs|  Top_Pipeline_init_P_Loop|  return value|
|ap_start               |   in|    1|  ap_ctrl_hs|  Top_Pipeline_init_P_Loop|  return value|
|ap_done                |  out|    1|  ap_ctrl_hs|  Top_Pipeline_init_P_Loop|  return value|
|ap_idle                |  out|    1|  ap_ctrl_hs|  Top_Pipeline_init_P_Loop|  return value|
|ap_ready               |  out|    1|  ap_ctrl_hs|  Top_Pipeline_init_P_Loop|  return value|
|m_axi_gmem1_AWVALID    |  out|    1|       m_axi|                     gmem1|       pointer|
|m_axi_gmem1_AWREADY    |   in|    1|       m_axi|                     gmem1|       pointer|
|m_axi_gmem1_AWADDR     |  out|   64|       m_axi|                     gmem1|       pointer|
|m_axi_gmem1_AWID       |  out|    1|       m_axi|                     gmem1|       pointer|
|m_axi_gmem1_AWLEN      |  out|   32|       m_axi|                     gmem1|       pointer|
|m_axi_gmem1_AWSIZE     |  out|    3|       m_axi|                     gmem1|       pointer|
|m_axi_gmem1_AWBURST    |  out|    2|       m_axi|                     gmem1|       pointer|
|m_axi_gmem1_AWLOCK     |  out|    2|       m_axi|                     gmem1|       pointer|
|m_axi_gmem1_AWCACHE    |  out|    4|       m_axi|                     gmem1|       pointer|
|m_axi_gmem1_AWPROT     |  out|    3|       m_axi|                     gmem1|       pointer|
|m_axi_gmem1_AWQOS      |  out|    4|       m_axi|                     gmem1|       pointer|
|m_axi_gmem1_AWREGION   |  out|    4|       m_axi|                     gmem1|       pointer|
|m_axi_gmem1_AWUSER     |  out|    1|       m_axi|                     gmem1|       pointer|
|m_axi_gmem1_WVALID     |  out|    1|       m_axi|                     gmem1|       pointer|
|m_axi_gmem1_WREADY     |   in|    1|       m_axi|                     gmem1|       pointer|
|m_axi_gmem1_WDATA      |  out|   64|       m_axi|                     gmem1|       pointer|
|m_axi_gmem1_WSTRB      |  out|    8|       m_axi|                     gmem1|       pointer|
|m_axi_gmem1_WLAST      |  out|    1|       m_axi|                     gmem1|       pointer|
|m_axi_gmem1_WID        |  out|    1|       m_axi|                     gmem1|       pointer|
|m_axi_gmem1_WUSER      |  out|    1|       m_axi|                     gmem1|       pointer|
|m_axi_gmem1_ARVALID    |  out|    1|       m_axi|                     gmem1|       pointer|
|m_axi_gmem1_ARREADY    |   in|    1|       m_axi|                     gmem1|       pointer|
|m_axi_gmem1_ARADDR     |  out|   64|       m_axi|                     gmem1|       pointer|
|m_axi_gmem1_ARID       |  out|    1|       m_axi|                     gmem1|       pointer|
|m_axi_gmem1_ARLEN      |  out|   32|       m_axi|                     gmem1|       pointer|
|m_axi_gmem1_ARSIZE     |  out|    3|       m_axi|                     gmem1|       pointer|
|m_axi_gmem1_ARBURST    |  out|    2|       m_axi|                     gmem1|       pointer|
|m_axi_gmem1_ARLOCK     |  out|    2|       m_axi|                     gmem1|       pointer|
|m_axi_gmem1_ARCACHE    |  out|    4|       m_axi|                     gmem1|       pointer|
|m_axi_gmem1_ARPROT     |  out|    3|       m_axi|                     gmem1|       pointer|
|m_axi_gmem1_ARQOS      |  out|    4|       m_axi|                     gmem1|       pointer|
|m_axi_gmem1_ARREGION   |  out|    4|       m_axi|                     gmem1|       pointer|
|m_axi_gmem1_ARUSER     |  out|    1|       m_axi|                     gmem1|       pointer|
|m_axi_gmem1_RVALID     |   in|    1|       m_axi|                     gmem1|       pointer|
|m_axi_gmem1_RREADY     |  out|    1|       m_axi|                     gmem1|       pointer|
|m_axi_gmem1_RDATA      |   in|   64|       m_axi|                     gmem1|       pointer|
|m_axi_gmem1_RLAST      |   in|    1|       m_axi|                     gmem1|       pointer|
|m_axi_gmem1_RID        |   in|    1|       m_axi|                     gmem1|       pointer|
|m_axi_gmem1_RFIFONUM   |   in|    9|       m_axi|                     gmem1|       pointer|
|m_axi_gmem1_RUSER      |   in|    1|       m_axi|                     gmem1|       pointer|
|m_axi_gmem1_RRESP      |   in|    2|       m_axi|                     gmem1|       pointer|
|m_axi_gmem1_BVALID     |   in|    1|       m_axi|                     gmem1|       pointer|
|m_axi_gmem1_BREADY     |  out|    1|       m_axi|                     gmem1|       pointer|
|m_axi_gmem1_BRESP      |   in|    2|       m_axi|                     gmem1|       pointer|
|m_axi_gmem1_BID        |   in|    1|       m_axi|                     gmem1|       pointer|
|m_axi_gmem1_BUSER      |   in|    1|       m_axi|                     gmem1|       pointer|
|sext_ln84_1            |   in|   61|     ap_none|               sext_ln84_1|        scalar|
|sext_ln84_2            |   in|   61|     ap_none|               sext_ln84_2|        scalar|
|sext_ln84              |   in|   61|     ap_none|                 sext_ln84|        scalar|
|K_HALF_address0        |  out|    3|   ap_memory|                    K_HALF|         array|
|K_HALF_ce0             |  out|    1|   ap_memory|                    K_HALF|         array|
|K_HALF_we0             |  out|    1|   ap_memory|                    K_HALF|         array|
|K_HALF_d0              |  out|   64|   ap_memory|                    K_HALF|         array|
|M_address0             |  out|    3|   ap_memory|                         M|         array|
|M_ce0                  |  out|    1|   ap_memory|                         M|         array|
|M_we0                  |  out|    1|   ap_memory|                         M|         array|
|M_d0                   |  out|   64|   ap_memory|                         M|         array|
|p_ZL7MODULUS_3         |  out|   64|      ap_vld|            p_ZL7MODULUS_3|       pointer|
|p_ZL7MODULUS_3_ap_vld  |  out|    1|      ap_vld|            p_ZL7MODULUS_3|       pointer|
|p_ZL7MODULUS_4         |  out|   64|      ap_vld|            p_ZL7MODULUS_4|       pointer|
|p_ZL7MODULUS_4_ap_vld  |  out|    1|      ap_vld|            p_ZL7MODULUS_4|       pointer|
+-----------------------+-----+-----+------------+--------------------------+--------------+

