

================================================================
== Vitis HLS Report for 'Top_Pipeline_init_INTTTwiddle_Loop_VITIS_LOOP_108_3_VITIS_LOOP_109_4'
================================================================
* Date:           Mon Apr 13 22:59:07 2026

* Version:        2024.1 (Build 5069499 on May 21 2024)
* Project:        Solution
* Solution:       solution1 (Vivado IP Flow Target)
* Product family: virtexuplusHBM
* Target device:  xcu55c-fsvh2892-2L-e


================================================================
== Performance Estimates
================================================================
+ Timing: 
    * Summary: 
    +--------+---------+----------+------------+
    |  Clock |  Target | Estimated| Uncertainty|
    +--------+---------+----------+------------+
    |ap_clk  |  4.00 ns|  2.920 ns|     1.08 ns|
    +--------+---------+----------+------------+

+ Latency: 
    * Summary: 
    +---------+---------+----------+----------+--------+--------+-----------------------------------------------+
    |  Latency (cycles) |  Latency (absolute) |     Interval    |                    Pipeline                   |
    |   min   |   max   |    min   |    max   |   min  |   max  |                      Type                     |
    +---------+---------+----------+----------+--------+--------+-----------------------------------------------+
    |   655371|   655371|  2.621 ms|  2.621 ms|  655361|  655361|  loop auto-rewind stp(delay=0 clock cycles(s))|
    +---------+---------+----------+----------+--------+--------+-----------------------------------------------+

    + Detail: 
        * Instance: 
        N/A

        * Loop: 
        +-----------------------------------------------------------+---------+---------+----------+-----------+-----------+--------+----------+
        |                                                           |  Latency (cycles) | Iteration|  Initiation Interval  |  Trip  |          |
        |                         Loop Name                         |   min   |   max   |  Latency |  achieved |   target  |  Count | Pipelined|
        +-----------------------------------------------------------+---------+---------+----------+-----------+-----------+--------+----------+
        |- init_INTTTwiddle_Loop_VITIS_LOOP_108_3_VITIS_LOOP_109_4  |   655369|   655369|        11|          1|          1|  655360|       yes|
        +-----------------------------------------------------------+---------+---------+----------+-----------+-----------+--------+----------+



================================================================
== Utilization Estimates
================================================================
* Summary: 
+---------------------+---------+------+---------+---------+-----+
|         Name        | BRAM_18K|  DSP |    FF   |   LUT   | URAM|
+---------------------+---------+------+---------+---------+-----+
|DSP                  |        -|     -|        -|        -|    -|
|Expression           |        -|     -|        0|      344|    -|
|FIFO                 |        -|     -|        -|        -|    -|
|Instance             |        -|     -|        -|        -|    -|
|Memory               |        -|     -|        -|        -|    -|
|Multiplexer          |        -|     -|        0|       90|    -|
|Register             |        -|     -|      375|       64|    -|
+---------------------+---------+------+---------+---------+-----+
|Total                |        0|     0|      375|      498|    0|
+---------------------+---------+------+---------+---------+-----+
|Available SLR        |     1344|  3008|   869120|   434560|  320|
+---------------------+---------+------+---------+---------+-----+
|Utilization SLR (%)  |        0|     0|       ~0|       ~0|    0|
+---------------------+---------+------+---------+---------+-----+
|Available            |     4032|  9024|  2607360|  1303680|  960|
+---------------------+---------+------+---------+---------+-----+
|Utilization (%)      |        0|     0|       ~0|       ~0|    0|
+---------------------+---------+------+---------+---------+-----+

+ Detail: 
    * Instance: 
    N/A

    * DSP: 
    N/A

    * Memory: 
    N/A

    * FIFO: 
    N/A

    * Expression: 
    +---------------------------+----------+----+---+----+------------+------------+
    |       Variable Name       | Operation| DSP| FF| LUT| Bitwidth P0| Bitwidth P1|
    +---------------------------+----------+----+---+----+------------+------------+
    |add_ln106_1_fu_307_p2      |         +|   0|  0|  10|           3|           1|
    |add_ln106_2_fu_295_p2      |         +|   0|  0|  27|          20|           1|
    |add_ln106_fu_377_p2        |         +|   0|  0|  71|          64|          64|
    |add_ln108_1_fu_398_p2      |         +|   0|  0|  26|          19|           1|
    |add_ln108_fu_442_p2        |         +|   0|  0|  13|           6|           1|
    |add_ln109_fu_392_p2        |         +|   0|  0|  20|          13|           1|
    |add_ln110_fu_491_p2        |         +|   0|  0|  24|          17|          17|
    |and_ln106_fu_331_p2        |       and|   0|  0|   2|           1|           1|
    |ap_block_state3_io         |       and|   0|  0|   2|           1|           1|
    |first_iter_2_fu_359_p2     |      icmp|   0|  0|  20|          13|           1|
    |icmp_ln106_fu_289_p2       |      icmp|   0|  0|  27|          20|          20|
    |icmp_ln108_fu_313_p2       |      icmp|   0|  0|  26|          19|          18|
    |icmp_ln109_fu_325_p2       |      icmp|   0|  0|  21|          13|          14|
    |ap_block_pp0_stage0_11001  |        or|   0|  0|   2|           1|           1|
    |empty_2312_fu_345_p2       |        or|   0|  0|   2|           1|           1|
    |select_ln106_1_fu_337_p3   |    select|   0|  0|   3|           1|           3|
    |select_ln106_fu_435_p3     |    select|   0|  0|   6|           1|           1|
    |select_ln108_1_fu_404_p3   |    select|   0|  0|  19|           1|           1|
    |select_ln108_fu_448_p3     |    select|   0|  0|   6|           1|           6|
    |t_1_mid2_fu_351_p3         |    select|   0|  0|  13|           1|           1|
    |ap_enable_pp0              |       xor|   0|  0|   2|           1|           2|
    |xor_ln106_fu_319_p2        |       xor|   0|  0|   2|           1|           2|
    +---------------------------+----------+----+---+----+------------+------------+
    |Total                      |          |   0|  0| 344|         218|         159|
    +---------------------------+----------+----+---+----+------------+------------+

    * Multiplexer: 
    +-------------------------+----+-----------+-----+-----------+
    |           Name          | LUT| Input Size| Bits| Total Bits|
    +-------------------------+----+-----------+-----+-----------+
    |ap_done_int              |   9|          2|    1|          2|
    |ap_enable_reg_pp0_iter1  |   9|          2|    1|          2|
    |ap_enable_reg_pp0_iter2  |   9|          2|    1|          2|
    |b_fu_120                 |   9|          2|    6|         12|
    |gmem1_blk_n_AR           |   9|          2|    1|          2|
    |gmem1_blk_n_R            |   9|          2|    1|          2|
    |indvar_flatten19_fu_124  |   9|          2|   19|         38|
    |indvar_flatten32_fu_132  |   9|          2|   20|         40|
    |l_fu_128                 |   9|          2|    3|          6|
    |t_fu_116                 |   9|          2|   13|         26|
    +-------------------------+----+-----------+-----+-----------+
    |Total                    |  90|         20|   66|        132|
    +-------------------------+----+-----------+-----+-----------+

    * Register: 
    +-----------------------------------+----+----+-----+-----------+
    |                Name               | FF | LUT| Bits| Const Bits|
    +-----------------------------------+----+----+-----+-----------+
    |add_ln110_reg_596                  |  17|   0|   17|          0|
    |and_ln106_reg_562                  |   1|   0|    1|          0|
    |ap_CS_fsm                          |   1|   0|    1|          0|
    |ap_done_reg                        |   1|   0|    1|          0|
    |ap_enable_reg_pp0_iter1            |   1|   0|    1|          0|
    |ap_enable_reg_pp0_iter10           |   1|   0|    1|          0|
    |ap_enable_reg_pp0_iter11           |   1|   0|    1|          0|
    |ap_enable_reg_pp0_iter2            |   1|   0|    1|          0|
    |ap_enable_reg_pp0_iter3            |   1|   0|    1|          0|
    |ap_enable_reg_pp0_iter4            |   1|   0|    1|          0|
    |ap_enable_reg_pp0_iter5            |   1|   0|    1|          0|
    |ap_enable_reg_pp0_iter6            |   1|   0|    1|          0|
    |ap_enable_reg_pp0_iter7            |   1|   0|    1|          0|
    |ap_enable_reg_pp0_iter8            |   1|   0|    1|          0|
    |ap_enable_reg_pp0_iter9            |   1|   0|    1|          0|
    |ap_loop_exit_ready_pp0_iter10_reg  |   1|   0|    1|          0|
    |ap_loop_exit_ready_pp0_iter2_reg   |   1|   0|    1|          0|
    |ap_loop_exit_ready_pp0_iter3_reg   |   1|   0|    1|          0|
    |ap_loop_exit_ready_pp0_iter4_reg   |   1|   0|    1|          0|
    |ap_loop_exit_ready_pp0_iter5_reg   |   1|   0|    1|          0|
    |ap_loop_exit_ready_pp0_iter6_reg   |   1|   0|    1|          0|
    |ap_loop_exit_ready_pp0_iter7_reg   |   1|   0|    1|          0|
    |ap_loop_exit_ready_pp0_iter8_reg   |   1|   0|    1|          0|
    |ap_loop_exit_ready_pp0_iter9_reg   |   1|   0|    1|          0|
    |b_fu_120                           |   6|   0|    6|          0|
    |first_iter_2_reg_577               |   1|   0|    1|          0|
    |gmem1_addr_read_reg_601            |  64|   0|   64|          0|
    |icmp_ln108_reg_557                 |   1|   0|    1|          0|
    |indvar_flatten19_fu_124            |  19|   0|   19|          0|
    |indvar_flatten32_fu_132            |  20|   0|   20|          0|
    |l_fu_128                           |   3|   0|    3|          0|
    |p_cast2_reg_581                    |  61|   0|   61|          0|
    |select_ln106_1_reg_567             |   3|   0|    3|          0|
    |t_1_mid2_reg_572                   |  13|   0|   13|          0|
    |t_fu_116                           |  13|   0|   13|          0|
    |trunc_ln108_reg_592                |   3|   0|    3|          0|
    |add_ln110_reg_596                  |  64|  32|   17|          0|
    |trunc_ln108_reg_592                |  64|  32|    3|          0|
    +-----------------------------------+----+----+-----+-----------+
    |Total                              | 375|  64|  267|          0|
    +-----------------------------------+----+----+-----+-----------+



================================================================
== Interface
================================================================
* Summary: 
+------------------------------------+-----+-----+------------+----------------------------------------------------------------------+--------------+
|              RTL Ports             | Dir | Bits|  Protocol  |                             Source Object                            |    C Type    |
+------------------------------------+-----+-----+------------+----------------------------------------------------------------------+--------------+
|ap_clk                              |   in|    1|  ap_ctrl_hs|  Top_Pipeline_init_INTTTwiddle_Loop_VITIS_LOOP_108_3_VITIS_LOOP_109_4|  return value|
|ap_rst                              |   in|    1|  ap_ctrl_hs|  Top_Pipeline_init_INTTTwiddle_Loop_VITIS_LOOP_108_3_VITIS_LOOP_109_4|  return value|
|ap_start                            |   in|    1|  ap_ctrl_hs|  Top_Pipeline_init_INTTTwiddle_Loop_VITIS_LOOP_108_3_VITIS_LOOP_109_4|  return value|
|ap_done                             |  out|    1|  ap_ctrl_hs|  Top_Pipeline_init_INTTTwiddle_Loop_VITIS_LOOP_108_3_VITIS_LOOP_109_4|  return value|
|ap_idle                             |  out|    1|  ap_ctrl_hs|  Top_Pipeline_init_INTTTwiddle_Loop_VITIS_LOOP_108_3_VITIS_LOOP_109_4|  return value|
|ap_ready                            |  out|    1|  ap_ctrl_hs|  Top_Pipeline_init_INTTTwiddle_Loop_VITIS_LOOP_108_3_VITIS_LOOP_109_4|  return value|
|m_axi_gmem1_AWVALID                 |  out|    1|       m_axi|                                                                 gmem1|       pointer|
|m_axi_gmem1_AWREADY                 |   in|    1|       m_axi|                                                                 gmem1|       pointer|
|m_axi_gmem1_AWADDR                  |  out|   64|       m_axi|                                                                 gmem1|       pointer|
|m_axi_gmem1_AWID                    |  out|    1|       m_axi|                                                                 gmem1|       pointer|
|m_axi_gmem1_AWLEN                   |  out|   32|       m_axi|                                                                 gmem1|       pointer|
|m_axi_gmem1_AWSIZE                  |  out|    3|       m_axi|                                                                 gmem1|       pointer|
|m_axi_gmem1_AWBURST                 |  out|    2|       m_axi|                                                                 gmem1|       pointer|
|m_axi_gmem1_AWLOCK                  |  out|    2|       m_axi|                                                                 gmem1|       pointer|
|m_axi_gmem1_AWCACHE                 |  out|    4|       m_axi|                                                                 gmem1|       pointer|
|m_axi_gmem1_AWPROT                  |  out|    3|       m_axi|                                                                 gmem1|       pointer|
|m_axi_gmem1_AWQOS                   |  out|    4|       m_axi|                                                                 gmem1|       pointer|
|m_axi_gmem1_AWREGION                |  out|    4|       m_axi|                                                                 gmem1|       pointer|
|m_axi_gmem1_AWUSER                  |  out|    1|       m_axi|                                                                 gmem1|       pointer|
|m_axi_gmem1_WVALID                  |  out|    1|       m_axi|                                                                 gmem1|       pointer|
|m_axi_gmem1_WREADY                  |   in|    1|       m_axi|                                                                 gmem1|       pointer|
|m_axi_gmem1_WDATA                   |  out|   64|       m_axi|                                                                 gmem1|       pointer|
|m_axi_gmem1_WSTRB                   |  out|    8|       m_axi|                                                                 gmem1|       pointer|
|m_axi_gmem1_WLAST                   |  out|    1|       m_axi|                                                                 gmem1|       pointer|
|m_axi_gmem1_WID                     |  out|    1|       m_axi|                                                                 gmem1|       pointer|
|m_axi_gmem1_WUSER                   |  out|    1|       m_axi|                                                                 gmem1|       pointer|
|m_axi_gmem1_ARVALID                 |  out|    1|       m_axi|                                                                 gmem1|       pointer|
|m_axi_gmem1_ARREADY                 |   in|    1|       m_axi|                                                                 gmem1|       pointer|
|m_axi_gmem1_ARADDR                  |  out|   64|       m_axi|                                                                 gmem1|       pointer|
|m_axi_gmem1_ARID                    |  out|    1|       m_axi|                                                                 gmem1|       pointer|
|m_axi_gmem1_ARLEN                   |  out|   32|       m_axi|                                                                 gmem1|       pointer|
|m_axi_gmem1_ARSIZE                  |  out|    3|       m_axi|                                                                 gmem1|       pointer|
|m_axi_gmem1_ARBURST                 |  out|    2|       m_axi|                                                                 gmem1|       pointer|
|m_axi_gmem1_ARLOCK                  |  out|    2|       m_axi|                                                                 gmem1|       pointer|
|m_axi_gmem1_ARCACHE                 |  out|    4|       m_axi|                                                                 gmem1|       pointer|
|m_axi_gmem1_ARPROT                  |  out|    3|       m_axi|                                                                 gmem1|       pointer|
|m_axi_gmem1_ARQOS                   |  out|    4|       m_axi|                                                                 gmem1|       pointer|
|m_axi_gmem1_ARREGION                |  out|    4|       m_axi|                                                                 gmem1|       pointer|
|m_axi_gmem1_ARUSER                  |  out|    1|       m_axi|                                                                 gmem1|       pointer|
|m_axi_gmem1_RVALID                  |   in|    1|       m_axi|                                                                 gmem1|       pointer|
|m_axi_gmem1_RREADY                  |  out|    1|       m_axi|                                                                 gmem1|       pointer|
|m_axi_gmem1_RDATA                   |   in|   64|       m_axi|                                                                 gmem1|       pointer|
|m_axi_gmem1_RLAST                   |   in|    1|       m_axi|                                                                 gmem1|       pointer|
|m_axi_gmem1_RID                     |   in|    1|       m_axi|                                                                 gmem1|       pointer|
|m_axi_gmem1_RFIFONUM                |   in|    9|       m_axi|                                                                 gmem1|       pointer|
|m_axi_gmem1_RUSER                   |   in|    1|       m_axi|                                                                 gmem1|       pointer|
|m_axi_gmem1_RRESP                   |   in|    2|       m_axi|                                                                 gmem1|       pointer|
|m_axi_gmem1_BVALID                  |   in|    1|       m_axi|                                                                 gmem1|       pointer|
|m_axi_gmem1_BREADY                  |  out|    1|       m_axi|                                                                 gmem1|       pointer|
|m_axi_gmem1_BRESP                   |   in|    2|       m_axi|                                                                 gmem1|       pointer|
|m_axi_gmem1_BID                     |   in|    1|       m_axi|                                                                 gmem1|       pointer|
|m_axi_gmem1_BUSER                   |   in|    1|       m_axi|                                                                 gmem1|       pointer|
|mem_in2                             |   in|   64|     ap_none|                                                               mem_in2|        scalar|
|p_ZL17INTTTwiddleFactor_0_address0  |  out|   17|   ap_memory|                                             p_ZL17INTTTwiddleFactor_0|         array|
|p_ZL17INTTTwiddleFactor_0_ce0       |  out|    1|   ap_memory|                                             p_ZL17INTTTwiddleFactor_0|         array|
|p_ZL17INTTTwiddleFactor_0_we0       |  out|    1|   ap_memory|                                             p_ZL17INTTTwiddleFactor_0|         array|
|p_ZL17INTTTwiddleFactor_0_d0        |  out|   64|   ap_memory|                                             p_ZL17INTTTwiddleFactor_0|         array|
|p_ZL17INTTTwiddleFactor_1_address0  |  out|   17|   ap_memory|                                             p_ZL17INTTTwiddleFactor_1|         array|
|p_ZL17INTTTwiddleFactor_1_ce0       |  out|    1|   ap_memory|                                             p_ZL17INTTTwiddleFactor_1|         array|
|p_ZL17INTTTwiddleFactor_1_we0       |  out|    1|   ap_memory|                                             p_ZL17INTTTwiddleFactor_1|         array|
|p_ZL17INTTTwiddleFactor_1_d0        |  out|   64|   ap_memory|                                             p_ZL17INTTTwiddleFactor_1|         array|
|p_ZL17INTTTwiddleFactor_2_address0  |  out|   17|   ap_memory|                                             p_ZL17INTTTwiddleFactor_2|         array|
|p_ZL17INTTTwiddleFactor_2_ce0       |  out|    1|   ap_memory|                                             p_ZL17INTTTwiddleFactor_2|         array|
|p_ZL17INTTTwiddleFactor_2_we0       |  out|    1|   ap_memory|                                             p_ZL17INTTTwiddleFactor_2|         array|
|p_ZL17INTTTwiddleFactor_2_d0        |  out|   64|   ap_memory|                                             p_ZL17INTTTwiddleFactor_2|         array|
|p_ZL17INTTTwiddleFactor_3_address0  |  out|   17|   ap_memory|                                             p_ZL17INTTTwiddleFactor_3|         array|
|p_ZL17INTTTwiddleFactor_3_ce0       |  out|    1|   ap_memory|                                             p_ZL17INTTTwiddleFactor_3|         array|
|p_ZL17INTTTwiddleFactor_3_we0       |  out|    1|   ap_memory|                                             p_ZL17INTTTwiddleFactor_3|         array|
|p_ZL17INTTTwiddleFactor_3_d0        |  out|   64|   ap_memory|                                             p_ZL17INTTTwiddleFactor_3|         array|
|p_ZL17INTTTwiddleFactor_4_address0  |  out|   17|   ap_memory|                                             p_ZL17INTTTwiddleFactor_4|         array|
|p_ZL17INTTTwiddleFactor_4_ce0       |  out|    1|   ap_memory|                                             p_ZL17INTTTwiddleFactor_4|         array|
|p_ZL17INTTTwiddleFactor_4_we0       |  out|    1|   ap_memory|                                             p_ZL17INTTTwiddleFactor_4|         array|
|p_ZL17INTTTwiddleFactor_4_d0        |  out|   64|   ap_memory|                                             p_ZL17INTTTwiddleFactor_4|         array|
|p_ZL17INTTTwiddleFactor_5_address0  |  out|   17|   ap_memory|                                             p_ZL17INTTTwiddleFactor_5|         array|
|p_ZL17INTTTwiddleFactor_5_ce0       |  out|    1|   ap_memory|                                             p_ZL17INTTTwiddleFactor_5|         array|
|p_ZL17INTTTwiddleFactor_5_we0       |  out|    1|   ap_memory|                                             p_ZL17INTTTwiddleFactor_5|         array|
|p_ZL17INTTTwiddleFactor_5_d0        |  out|   64|   ap_memory|                                             p_ZL17INTTTwiddleFactor_5|         array|
|p_ZL17INTTTwiddleFactor_6_address0  |  out|   17|   ap_memory|                                             p_ZL17INTTTwiddleFactor_6|         array|
|p_ZL17INTTTwiddleFactor_6_ce0       |  out|    1|   ap_memory|                                             p_ZL17INTTTwiddleFactor_6|         array|
|p_ZL17INTTTwiddleFactor_6_we0       |  out|    1|   ap_memory|                                             p_ZL17INTTTwiddleFactor_6|         array|
|p_ZL17INTTTwiddleFactor_6_d0        |  out|   64|   ap_memory|                                             p_ZL17INTTTwiddleFactor_6|         array|
|p_ZL17INTTTwiddleFactor_7_address0  |  out|   17|   ap_memory|                                             p_ZL17INTTTwiddleFactor_7|         array|
|p_ZL17INTTTwiddleFactor_7_ce0       |  out|    1|   ap_memory|                                             p_ZL17INTTTwiddleFactor_7|         array|
|p_ZL17INTTTwiddleFactor_7_we0       |  out|    1|   ap_memory|                                             p_ZL17INTTTwiddleFactor_7|         array|
|p_ZL17INTTTwiddleFactor_7_d0        |  out|   64|   ap_memory|                                             p_ZL17INTTTwiddleFactor_7|         array|
+------------------------------------+-----+-----+------------+----------------------------------------------------------------------+--------------+

