

================================================================
== Vitis HLS Report for 'Top_Pipeline_init_Q_Loop'
================================================================
* Date:           Mon Apr 13 22:59:06 2026

* Version:        2024.1 (Build 5069499 on May 21 2024)
* Project:        Solution
* Solution:       solution1 (Vivado IP Flow Target)
* Product family: virtexuplusHBM
* Target device:  xcu55c-fsvh2892-2L-e


================================================================
== Performance Estimates
================================================================
+ Timing: 
    * Summary: 
    +--------+---------+----------+------------+
    |  Clock |  Target | Estimated| Uncertainty|
    +--------+---------+----------+------------+
    |ap_clk  |  4.00 ns|  2.920 ns|     1.08 ns|
    +--------+---------+----------+------------+

+ Latency: 
    * Summary: 
    +---------+---------+-----------+-----------+-----+-----+-----------------------------------------------+
    |  Latency (cycles) |   Latency (absolute)  |  Interval |                    Pipeline                   |
    |   min   |   max   |    min    |    max    | min | max |                      Type                     |
    +---------+---------+-----------+-----------+-----+-----+-----------------------------------------------+
    |       20|       20|  80.000 ns|  80.000 ns|   12|   12|  loop auto-rewind stp(delay=0 clock cycles(s))|
    +---------+---------+-----------+-----------+-----+-----+-----------------------------------------------+

    + Detail: 
        * Instance: 
        N/A

        * Loop: 
        +---------------+---------+---------+----------+-----------+-----------+------+----------+
        |               |  Latency (cycles) | Iteration|  Initiation Interval  | Trip |          |
        |   Loop Name   |   min   |   max   |  Latency |  achieved |   target  | Count| Pipelined|
        +---------------+---------+---------+----------+-----------+-----------+------+----------+
        |- init_Q_Loop  |       18|       18|        13|          3|          1|     3|       yes|
        +---------------+---------+---------+----------+-----------+-----------+------+----------+



================================================================
== Utilization Estimates
================================================================
* Summary: 
+---------------------+---------+------+---------+---------+-----+
|         Name        | BRAM_18K|  DSP |    FF   |   LUT   | URAM|
+---------------------+---------+------+---------+---------+-----+
|DSP                  |        -|     -|        -|        -|    -|
|Expression           |        -|     -|        0|      235|    -|
|FIFO                 |        -|     -|        -|        -|    -|
|Instance             |        -|     -|        -|        -|    -|
|Memory               |        -|     -|        -|        -|    -|
|Multiplexer          |        -|     -|        0|      139|    -|
|Register             |        -|     -|      587|       64|    -|
+---------------------+---------+------+---------+---------+-----+
|Total                |        0|     0|      587|      438|    0|
+---------------------+---------+------+---------+---------+-----+
|Available SLR        |     1344|  3008|   869120|   434560|  320|
+---------------------+---------+------+---------+---------+-----+
|Utilization SLR (%)  |        0|     0|       ~0|       ~0|    0|
+---------------------+---------+------+---------+---------+-----+
|Available            |     4032|  9024|  2607360|  1303680|  960|
+---------------------+---------+------+---------+---------+-----+
|Utilization (%)      |        0|     0|       ~0|       ~0|    0|
+---------------------+---------+------+---------+---------+-----+

+ Detail: 
    * Instance: 
    N/A

    * DSP: 
    N/A

    * Memory: 
    N/A

    * FIFO: 
    N/A

    * Expression: 
    +---------------------------+----------+----+---+----+------------+------------+
    |       Variable Name       | Operation| DSP| FF| LUT| Bitwidth P0| Bitwidth P1|
    +---------------------------+----------+----+---+----+------------+------------+
    |add_ln73_fu_174_p2         |         +|   0|  0|   9|           2|           1|
    |add_ln74_fu_184_p2         |         +|   0|  0|  69|          62|          62|
    |add_ln75_fu_205_p2         |         +|   0|  0|  69|          62|          62|
    |add_ln76_fu_209_p2         |         +|   0|  0|  69|          62|          62|
    |ap_block_state2_io         |       and|   0|  0|   2|           1|           1|
    |icmp_ln73_fu_168_p2        |      icmp|   0|  0|   9|           2|           2|
    |ap_block_pp0_stage0_11001  |        or|   0|  0|   2|           1|           1|
    |ap_block_pp0_stage1_11001  |        or|   0|  0|   2|           1|           1|
    |ap_block_pp0_stage2_11001  |        or|   0|  0|   2|           1|           1|
    |ap_enable_pp0              |       xor|   0|  0|   2|           1|           2|
    +---------------------------+----------+----+---+----+------------+------------+
    |Total                      |          |   0|  0| 235|         195|         195|
    +---------------------------+----------+----+---+----+------------+------------+

    * Multiplexer: 
    +----------------------------------+----+-----------+-----+-----------+
    |               Name               | LUT| Input Size| Bits| Total Bits|
    +----------------------------------+----+-----------+-----+-----------+
    |ap_NS_fsm                         |  20|          4|    1|          4|
    |ap_done_int                       |   9|          2|    1|          2|
    |ap_enable_reg_pp0_iter0           |   9|          2|    1|          2|
    |ap_enable_reg_pp0_iter1           |   9|          2|    1|          2|
    |ap_enable_reg_pp0_iter4           |   9|          2|    1|          2|
    |ap_loop_exit_ready_pp0_iter1_reg  |   9|          2|    1|          2|
    |ap_loop_exit_ready_pp0_iter2_reg  |   9|          2|    1|          2|
    |ap_loop_exit_ready_pp0_iter3_reg  |   9|          2|    1|          2|
    |ap_sig_allocacmp_i_1              |   9|          2|    2|          4|
    |gmem0_blk_n_AR                    |   9|          2|    1|          2|
    |gmem0_blk_n_R                     |   9|          2|    1|          2|
    |i_fu_64                           |   9|          2|    2|          4|
    |m_axi_gmem0_ARADDR                |  20|          4|   64|        256|
    +----------------------------------+----+-----------+-----+-----------+
    |Total                             | 139|         30|   78|        286|
    +----------------------------------+----+-----------+-----+-----------+

    * Register: 
    +----------------------------------+----+----+-----+-----------+
    |               Name               | FF | LUT| Bits| Const Bits|
    +----------------------------------+----+----+-----+-----------+
    |add_ln74_reg_287                  |  62|   0|   62|          0|
    |add_ln75_reg_298                  |  62|   0|   62|          0|
    |add_ln76_reg_303                  |  62|   0|   62|          0|
    |ap_CS_fsm                         |   3|   0|    3|          0|
    |ap_done_reg                       |   1|   0|    1|          0|
    |ap_enable_reg_pp0_iter0_reg       |   1|   0|    1|          0|
    |ap_enable_reg_pp0_iter1           |   1|   0|    1|          0|
    |ap_enable_reg_pp0_iter2           |   1|   0|    1|          0|
    |ap_enable_reg_pp0_iter3           |   1|   0|    1|          0|
    |ap_enable_reg_pp0_iter4           |   1|   0|    1|          0|
    |ap_loop_exit_ready_pp0_iter1_reg  |   1|   0|    1|          0|
    |ap_loop_exit_ready_pp0_iter2_reg  |   1|   0|    1|          0|
    |ap_loop_exit_ready_pp0_iter3_reg  |   1|   0|    1|          0|
    |gmem0_addr_1_read_reg_320         |  64|   0|   64|          0|
    |gmem0_addr_2_read_reg_330         |  64|   0|   64|          0|
    |i_1_reg_272                       |   2|   0|    2|          0|
    |i_fu_64                           |   2|   0|    2|          0|
    |icmp_ln73_reg_277                 |   1|   0|    1|          0|
    |sext_ln73_1_cast_reg_267          |  62|   0|   62|          0|
    |sext_ln73_2_cast_reg_262          |  62|   0|   62|          0|
    |zext_ln73_1_reg_281               |   2|   0|   62|         60|
    |zext_ln73_reg_325                 |   2|   0|   64|         62|
    |i_1_reg_272                       |  64|  32|    2|          0|
    |icmp_ln73_reg_277                 |  64|  32|    1|          0|
    +----------------------------------+----+----+-----+-----------+
    |Total                             | 587|  64|  584|        122|
    +----------------------------------+----+----+-----+-----------+



================================================================
== Interface
================================================================
* Summary: 
+-----------------------+-----+-----+------------+--------------------------+--------------+
|       RTL Ports       | Dir | Bits|  Protocol  |       Source Object      |    C Type    |
+-----------------------+-----+-----+------------+--------------------------+--------------+
|ap_clk                 |   in|    1|  ap_ctrl_hs|  Top_Pipeline_init_Q_Loop|  return value|
|ap_rst                 |   in|    1|  ap_ctrl_hs|  Top_Pipeline_init_Q_Loop|  return value|
|ap_start               |   in|    1|  ap_ctrl_hs|  Top_Pipeline_init_Q_Loop|  return value|
|ap_done                |  out|    1|  ap_ctrl_hs|  Top_Pipeline_init_Q_Loop|  return value|
|ap_idle                |  out|    1|  ap_ctrl_hs|  Top_Pipeline_init_Q_Loop|  return value|
|ap_ready               |  out|    1|  ap_ctrl_hs|  Top_Pipeline_init_Q_Loop|  return value|
|m_axi_gmem0_AWVALID    |  out|    1|       m_axi|                     gmem0|       pointer|
|m_axi_gmem0_AWREADY    |   in|    1|       m_axi|                     gmem0|       pointer|
|m_axi_gmem0_AWADDR     |  out|   64|       m_axi|                     gmem0|       pointer|
|m_axi_gmem0_AWID       |  out|    1|       m_axi|                     gmem0|       pointer|
|m_axi_gmem0_AWLEN      |  out|   32|       m_axi|                     gmem0|       pointer|
|m_axi_gmem0_AWSIZE     |  out|    3|       m_axi|                     gmem0|       pointer|
|m_axi_gmem0_AWBURST    |  out|    2|       m_axi|                     gmem0|       pointer|
|m_axi_gmem0_AWLOCK     |  out|    2|       m_axi|                     gmem0|       pointer|
|m_axi_gmem0_AWCACHE    |  out|    4|       m_axi|                     gmem0|       pointer|
|m_axi_gmem0_AWPROT     |  out|    3|       m_axi|                     gmem0|       pointer|
|m_axi_gmem0_AWQOS      |  out|    4|       m_axi|                     gmem0|       pointer|
|m_axi_gmem0_AWREGION   |  out|    4|       m_axi|                     gmem0|       pointer|
|m_axi_gmem0_AWUSER     |  out|    1|       m_axi|                     gmem0|       pointer|
|m_axi_gmem0_WVALID     |  out|    1|       m_axi|                     gmem0|       pointer|
|m_axi_gmem0_WREADY     |   in|    1|       m_axi|                     gmem0|       pointer|
|m_axi_gmem0_WDATA      |  out|   64|       m_axi|                     gmem0|       pointer|
|m_axi_gmem0_WSTRB      |  out|    8|       m_axi|                     gmem0|       pointer|
|m_axi_gmem0_WLAST      |  out|    1|       m_axi|                     gmem0|       pointer|
|m_axi_gmem0_WID        |  out|    1|       m_axi|                     gmem0|       pointer|
|m_axi_gmem0_WUSER      |  out|    1|       m_axi|                     gmem0|       pointer|
|m_axi_gmem0_ARVALID    |  out|    1|       m_axi|                     gmem0|       pointer|
|m_axi_gmem0_ARREADY    |   in|    1|       m_axi|                     gmem0|       pointer|
|m_axi_gmem0_ARADDR     |  out|   64|       m_axi|                     gmem0|       pointer|
|m_axi_gmem0_ARID       |  out|    1|       m_axi|                     gmem0|       pointer|
|m_axi_gmem0_ARLEN      |  out|   32|       m_axi|                     gmem0|       pointer|
|m_axi_gmem0_ARSIZE     |  out|    3|       m_axi|                     gmem0|       pointer|
|m_axi_gmem0_ARBURST    |  out|    2|       m_axi|                     gmem0|       pointer|
|m_axi_gmem0_ARLOCK     |  out|    2|       m_axi|                     gmem0|       pointer|
|m_axi_gmem0_ARCACHE    |  out|    4|       m_axi|                     gmem0|       pointer|
|m_axi_gmem0_ARPROT     |  out|    3|       m_axi|                     gmem0|       pointer|
|m_axi_gmem0_ARQOS      |  out|    4|       m_axi|                     gmem0|       pointer|
|m_axi_gmem0_ARREGION   |  out|    4|       m_axi|                     gmem0|       pointer|
|m_axi_gmem0_ARUSER     |  out|    1|       m_axi|                     gmem0|       pointer|
|m_axi_gmem0_RVALID     |   in|    1|       m_axi|                     gmem0|       pointer|
|m_axi_gmem0_RREADY     |  out|    1|       m_axi|                     gmem0|       pointer|
|m_axi_gmem0_RDATA      |   in|   64|       m_axi|                     gmem0|       pointer|
|m_axi_gmem0_RLAST      |   in|    1|       m_axi|                     gmem0|       pointer|
|m_axi_gmem0_RID        |   in|    1|       m_axi|                     gmem0|       pointer|
|m_axi_gmem0_RFIFONUM   |   in|    9|       m_axi|                     gmem0|       pointer|
|m_axi_gmem0_RUSER      |   in|    1|       m_axi|                     gmem0|       pointer|
|m_axi_gmem0_RRESP      |   in|    2|       m_axi|                     gmem0|       pointer|
|m_axi_gmem0_BVALID     |   in|    1|       m_axi|                     gmem0|       pointer|
|m_axi_gmem0_BREADY     |  out|    1|       m_axi|                     gmem0|       pointer|
|m_axi_gmem0_BRESP      |   in|    2|       m_axi|                     gmem0|       pointer|
|m_axi_gmem0_BID        |   in|    1|       m_axi|                     gmem0|       pointer|
|m_axi_gmem0_BUSER      |   in|    1|       m_axi|                     gmem0|       pointer|
|sext_ln73_1            |   in|   61|     ap_none|               sext_ln73_1|        scalar|
|sext_ln73_2            |   in|   61|     ap_none|               sext_ln73_2|        scalar|
|sext_ln73              |   in|   61|     ap_none|                 sext_ln73|        scalar|
|K_HALF_address0        |  out|    3|   ap_memory|                    K_HALF|         array|
|K_HALF_ce0             |  out|    1|   ap_memory|                    K_HALF|         array|
|K_HALF_we0             |  out|    1|   ap_memory|                    K_HALF|         array|
|K_HALF_d0              |  out|   64|   ap_memory|                    K_HALF|         array|
|M_address0             |  out|    3|   ap_memory|                         M|         array|
|M_ce0                  |  out|    1|   ap_memory|                         M|         array|
|M_we0                  |  out|    1|   ap_memory|                         M|         array|
|M_d0                   |  out|   64|   ap_memory|                         M|         array|
|p_ZL7MODULUS_0         |  out|   64|      ap_vld|            p_ZL7MODULUS_0|       pointer|
|p_ZL7MODULUS_0_ap_vld  |  out|    1|      ap_vld|            p_ZL7MODULUS_0|       pointer|
|p_ZL7MODULUS_1         |  out|   64|      ap_vld|            p_ZL7MODULUS_1|       pointer|
|p_ZL7MODULUS_1_ap_vld  |  out|    1|      ap_vld|            p_ZL7MODULUS_1|       pointer|
|p_ZL7MODULUS_2         |  out|   64|      ap_vld|            p_ZL7MODULUS_2|       pointer|
|p_ZL7MODULUS_2_ap_vld  |  out|    1|      ap_vld|            p_ZL7MODULUS_2|       pointer|
+-----------------------+-----+-----+------------+--------------------------+--------------+

