

================================================================
== Vitis HLS Report for 'Top_Pipeline_VITIS_LOOP_170_7_VITIS_LOOP_171_8'
================================================================
* Date:           Mon Apr 13 22:58:11 2026

* Version:        2024.1 (Build 5069499 on May 21 2024)
* Project:        Solution
* Solution:       solution1 (Vivado IP Flow Target)
* Product family: virtexuplusHBM
* Target device:  xcu55c-fsvh2892-2L-e


================================================================
== Performance Estimates
================================================================
+ Timing: 
    * Summary: 
    +--------+---------+----------+------------+
    |  Clock |  Target | Estimated| Uncertainty|
    +--------+---------+----------+------------+
    |ap_clk  |  4.00 ns|  2.920 ns|     1.08 ns|
    +--------+---------+----------+------------+

+ Latency: 
    * Summary: 
    +---------+---------+-----------+-----------+-----+-----+-----------------------------------------------+
    |  Latency (cycles) |   Latency (absolute)  |  Interval |                    Pipeline                   |
    |   min   |   max   |    min    |    max    | min | max |                      Type                     |
    +---------+---------+-----------+-----------+-----+-----+-----------------------------------------------+
    |       18|       18|  72.000 ns|  72.000 ns|   16|   16|  loop auto-rewind stp(delay=0 clock cycles(s))|
    +---------+---------+-----------+-----------+-----+-----+-----------------------------------------------+

    + Detail: 
        * Instance: 
        N/A

        * Loop: 
        +-------------------------------------+---------+---------+----------+-----------+-----------+------+----------+
        |                                     |  Latency (cycles) | Iteration|  Initiation Interval  | Trip |          |
        |              Loop Name              |   min   |   max   |  Latency |  achieved |   target  | Count| Pipelined|
        +-------------------------------------+---------+---------+----------+-----------+-----------+------+----------+
        |- VITIS_LOOP_170_7_VITIS_LOOP_171_8  |       16|       16|         3|          1|          1|    15|       yes|
        +-------------------------------------+---------+---------+----------+-----------+-----------+------+----------+



================================================================
== Utilization Estimates
================================================================
* Summary: 
+---------------------+---------+------+---------+---------+-----+
|         Name        | BRAM_18K|  DSP |    FF   |   LUT   | URAM|
+---------------------+---------+------+---------+---------+-----+
|DSP                  |        -|     -|        -|        -|    -|
|Expression           |        -|     -|        0|       74|    -|
|FIFO                 |        -|     -|        -|        -|    -|
|Instance             |        -|     -|        -|        -|    -|
|Memory               |        -|     -|        -|        -|    -|
|Multiplexer          |        -|     -|        0|       63|    -|
|Register             |        -|     -|       78|        -|    -|
+---------------------+---------+------+---------+---------+-----+
|Total                |        0|     0|       78|      137|    0|
+---------------------+---------+------+---------+---------+-----+
|Available SLR        |     1344|  3008|   869120|   434560|  320|
+---------------------+---------+------+---------+---------+-----+
|Utilization SLR (%)  |        0|     0|       ~0|       ~0|    0|
+---------------------+---------+------+---------+---------+-----+
|Available            |     4032|  9024|  2607360|  1303680|  960|
+---------------------+---------+------+---------+---------+-----+
|Utilization (%)      |        0|     0|       ~0|       ~0|    0|
+---------------------+---------+------+---------+---------+-----+

+ Detail: 
    * Instance: 
    N/A

    * DSP: 
    N/A

    * Memory: 
    N/A

    * FIFO: 
    N/A

    * Expression: 
    +---------------------------+----------+----+---+----+------------+------------+
    |       Variable Name       | Operation| DSP| FF| LUT| Bitwidth P0| Bitwidth P1|
    +---------------------------+----------+----+---+----+------------+------------+
    |add_ln170_1_fu_124_p2      |         +|   0|  0|  12|           4|           1|
    |add_ln170_fu_147_p2        |         +|   0|  0|   9|           2|           1|
    |add_ln171_fu_198_p2        |         +|   0|  0|  10|           3|           1|
    |add_ln172_fu_187_p2        |         +|   0|  0|  12|           4|           4|
    |ap_block_pp0_stage0_11001  |       and|   0|  0|   2|           1|           1|
    |icmp_ln170_fu_118_p2       |      icmp|   0|  0|  12|           4|           2|
    |icmp_ln171_fu_153_p2       |      icmp|   0|  0|  10|           3|           3|
    |select_ln170_1_fu_167_p3   |    select|   0|  0|   2|           1|           2|
    |select_ln170_fu_159_p3     |    select|   0|  0|   3|           1|           1|
    |ap_enable_pp0              |       xor|   0|  0|   2|           1|           2|
    +---------------------------+----------+----+---+----+------------+------------+
    |Total                      |          |   0|  0|  74|          24|          18|
    +---------------------------+----------+----+---+----+------------+------------+

    * Multiplexer: 
    +----------------------------------------+----+-----------+-----+-----------+
    |                  Name                  | LUT| Input Size| Bits| Total Bits|
    +----------------------------------------+----+-----------+-----+-----------+
    |ap_done_int                             |   9|          2|    1|          2|
    |ap_enable_reg_pp0_iter1                 |   9|          2|    1|          2|
    |ap_sig_allocacmp_indvar_flatten39_load  |   9|          2|    4|          8|
    |gmem1_blk_n_R                           |   9|          2|    1|          2|
    |indvar_flatten39_fu_68                  |   9|          2|    4|          8|
    |p_1_fu_60                               |   9|          2|    3|          6|
    |q_fu_64                                 |   9|          2|    2|          4|
    +----------------------------------------+----+-----------+-----+-----------+
    |Total                                   |  63|         14|   16|         32|
    +----------------------------------------+----+-----------+-----+-----------+

    * Register: 
    +----------------------------------+----+----+-----+-----------+
    |               Name               | FF | LUT| Bits| Const Bits|
    +----------------------------------+----+----+-----+-----------+
    |ap_CS_fsm                         |   1|   0|    1|          0|
    |ap_done_reg                       |   1|   0|    1|          0|
    |ap_enable_reg_pp0_iter1           |   1|   0|    1|          0|
    |ap_enable_reg_pp0_iter2           |   1|   0|    1|          0|
    |ap_loop_exit_ready_pp0_iter1_reg  |   1|   0|    1|          0|
    |gmem1_addr_read_reg_244           |  64|   0|   64|          0|
    |indvar_flatten39_fu_68            |   4|   0|    4|          0|
    |p_1_fu_60                         |   3|   0|    3|          0|
    |q_fu_64                           |   2|   0|    2|          0|
    +----------------------------------+----+----+-----+-----------+
    |Total                             |  78|   0|   78|          0|
    +----------------------------------+----+----+-----+-----------+



================================================================
== Interface
================================================================
* Summary: 
+----------------------+-----+-----+------------+------------------------------------------------+--------------+
|       RTL Ports      | Dir | Bits|  Protocol  |                  Source Object                 |    C Type    |
+----------------------+-----+-----+------------+------------------------------------------------+--------------+
|ap_clk                |   in|    1|  ap_ctrl_hs|  Top_Pipeline_VITIS_LOOP_170_7_VITIS_LOOP_171_8|  return value|
|ap_rst                |   in|    1|  ap_ctrl_hs|  Top_Pipeline_VITIS_LOOP_170_7_VITIS_LOOP_171_8|  return value|
|ap_start              |   in|    1|  ap_ctrl_hs|  Top_Pipeline_VITIS_LOOP_170_7_VITIS_LOOP_171_8|  return value|
|ap_done               |  out|    1|  ap_ctrl_hs|  Top_Pipeline_VITIS_LOOP_170_7_VITIS_LOOP_171_8|  return value|
|ap_idle               |  out|    1|  ap_ctrl_hs|  Top_Pipeline_VITIS_LOOP_170_7_VITIS_LOOP_171_8|  return value|
|ap_ready              |  out|    1|  ap_ctrl_hs|  Top_Pipeline_VITIS_LOOP_170_7_VITIS_LOOP_171_8|  return value|
|m_axi_gmem1_AWVALID   |  out|    1|       m_axi|                                           gmem1|       pointer|
|m_axi_gmem1_AWREADY   |   in|    1|       m_axi|                                           gmem1|       pointer|
|m_axi_gmem1_AWADDR    |  out|   64|       m_axi|                                           gmem1|       pointer|
|m_axi_gmem1_AWID      |  out|    1|       m_axi|                                           gmem1|       pointer|
|m_axi_gmem1_AWLEN     |  out|   32|       m_axi|                                           gmem1|       pointer|
|m_axi_gmem1_AWSIZE    |  out|    3|       m_axi|                                           gmem1|       pointer|
|m_axi_gmem1_AWBURST   |  out|    2|       m_axi|                                           gmem1|       pointer|
|m_axi_gmem1_AWLOCK    |  out|    2|       m_axi|                                           gmem1|       pointer|
|m_axi_gmem1_AWCACHE   |  out|    4|       m_axi|                                           gmem1|       pointer|
|m_axi_gmem1_AWPROT    |  out|    3|       m_axi|                                           gmem1|       pointer|
|m_axi_gmem1_AWQOS     |  out|    4|       m_axi|                                           gmem1|       pointer|
|m_axi_gmem1_AWREGION  |  out|    4|       m_axi|                                           gmem1|       pointer|
|m_axi_gmem1_AWUSER    |  out|    1|       m_axi|                                           gmem1|       pointer|
|m_axi_gmem1_WVALID    |  out|    1|       m_axi|                                           gmem1|       pointer|
|m_axi_gmem1_WREADY    |   in|    1|       m_axi|                                           gmem1|       pointer|
|m_axi_gmem1_WDATA     |  out|   64|       m_axi|                                           gmem1|       pointer|
|m_axi_gmem1_WSTRB     |  out|    8|       m_axi|                                           gmem1|       pointer|
|m_axi_gmem1_WLAST     |  out|    1|       m_axi|                                           gmem1|       pointer|
|m_axi_gmem1_WID       |  out|    1|       m_axi|                                           gmem1|       pointer|
|m_axi_gmem1_WUSER     |  out|    1|       m_axi|                                           gmem1|       pointer|
|m_axi_gmem1_ARVALID   |  out|    1|       m_axi|                                           gmem1|       pointer|
|m_axi_gmem1_ARREADY   |   in|    1|       m_axi|                                           gmem1|       pointer|
|m_axi_gmem1_ARADDR    |  out|   64|       m_axi|                                           gmem1|       pointer|
|m_axi_gmem1_ARID      |  out|    1|       m_axi|                                           gmem1|       pointer|
|m_axi_gmem1_ARLEN     |  out|   32|       m_axi|                                           gmem1|       pointer|
|m_axi_gmem1_ARSIZE    |  out|    3|       m_axi|                                           gmem1|       pointer|
|m_axi_gmem1_ARBURST   |  out|    2|       m_axi|                                           gmem1|       pointer|
|m_axi_gmem1_ARLOCK    |  out|    2|       m_axi|                                           gmem1|       pointer|
|m_axi_gmem1_ARCACHE   |  out|    4|       m_axi|                                           gmem1|       pointer|
|m_axi_gmem1_ARPROT    |  out|    3|       m_axi|                                           gmem1|       pointer|
|m_axi_gmem1_ARQOS     |  out|    4|       m_axi|                                           gmem1|       pointer|
|m_axi_gmem1_ARREGION  |  out|    4|       m_axi|                                           gmem1|       pointer|
|m_axi_gmem1_ARUSER    |  out|    1|       m_axi|                                           gmem1|       pointer|
|m_axi_gmem1_RVALID    |   in|    1|       m_axi|                                           gmem1|       pointer|
|m_axi_gmem1_RREADY    |  out|    1|       m_axi|                                           gmem1|       pointer|
|m_axi_gmem1_RDATA     |   in|   64|       m_axi|                                           gmem1|       pointer|
|m_axi_gmem1_RLAST     |   in|    1|       m_axi|                                           gmem1|       pointer|
|m_axi_gmem1_RID       |   in|    1|       m_axi|                                           gmem1|       pointer|
|m_axi_gmem1_RFIFONUM  |   in|    9|       m_axi|                                           gmem1|       pointer|
|m_axi_gmem1_RUSER     |   in|    1|       m_axi|                                           gmem1|       pointer|
|m_axi_gmem1_RRESP     |   in|    2|       m_axi|                                           gmem1|       pointer|
|m_axi_gmem1_BVALID    |   in|    1|       m_axi|                                           gmem1|       pointer|
|m_axi_gmem1_BREADY    |  out|    1|       m_axi|                                           gmem1|       pointer|
|m_axi_gmem1_BRESP     |   in|    2|       m_axi|                                           gmem1|       pointer|
|m_axi_gmem1_BID       |   in|    1|       m_axi|                                           gmem1|       pointer|
|m_axi_gmem1_BUSER     |   in|    1|       m_axi|                                           gmem1|       pointer|
|sext_ln170            |   in|   61|     ap_none|                                      sext_ln170|        scalar|
|in_w_address0         |  out|    4|   ap_memory|                                            in_w|         array|
|in_w_ce0              |  out|    1|   ap_memory|                                            in_w|         array|
|in_w_we0              |  out|    1|   ap_memory|                                            in_w|         array|
|in_w_d0               |  out|   64|   ap_memory|                                            in_w|         array|
+----------------------+-----+-----+------------+------------------------------------------------+--------------+

