

================================================================
== Vitis HLS Report for 'Top_Pipeline_init_NTTTwiddle_Loop_VITIS_LOOP_99_1_VITIS_LOOP_100_2'
================================================================
* Date:           Mon Apr 13 22:59:07 2026

* Version:        2024.1 (Build 5069499 on May 21 2024)
* Project:        Solution
* Solution:       solution1 (Vivado IP Flow Target)
* Product family: virtexuplusHBM
* Target device:  xcu55c-fsvh2892-2L-e


================================================================
== Performance Estimates
================================================================
+ Timing: 
    * Summary: 
    +--------+---------+----------+------------+
    |  Clock |  Target | Estimated| Uncertainty|
    +--------+---------+----------+------------+
    |ap_clk  |  4.00 ns|  2.920 ns|     1.08 ns|
    +--------+---------+----------+------------+

+ Latency: 
    * Summary: 
    +---------+---------+----------+----------+--------+--------+-----------------------------------------------+
    |  Latency (cycles) |  Latency (absolute) |     Interval    |                    Pipeline                   |
    |   min   |   max   |    min   |    max   |   min  |   max  |                      Type                     |
    +---------+---------+----------+----------+--------+--------+-----------------------------------------------+
    |   655371|   655371|  2.621 ms|  2.621 ms|  655361|  655361|  loop auto-rewind stp(delay=0 clock cycles(s))|
    +---------+---------+----------+----------+--------+--------+-----------------------------------------------+

    + Detail: 
        * Instance: 
        N/A

        * Loop: 
        +---------------------------------------------------------+---------+---------+----------+-----------+-----------+--------+----------+
        |                                                         |  Latency (cycles) | Iteration|  Initiation Interval  |  Trip  |          |
        |                        Loop Name                        |   min   |   max   |  Latency |  achieved |   target  |  Count | Pipelined|
        +---------------------------------------------------------+---------+---------+----------+-----------+-----------+--------+----------+
        |- init_NTTTwiddle_Loop_VITIS_LOOP_99_1_VITIS_LOOP_100_2  |   655369|   655369|        11|          1|          1|  655360|       yes|
        +---------------------------------------------------------+---------+---------+----------+-----------+-----------+--------+----------+



================================================================
== Utilization Estimates
================================================================
* Summary: 
+---------------------+---------+------+---------+---------+-----+
|         Name        | BRAM_18K|  DSP |    FF   |   LUT   | URAM|
+---------------------+---------+------+---------+---------+-----+
|DSP                  |        -|     -|        -|        -|    -|
|Expression           |        -|     -|        0|      344|    -|
|FIFO                 |        -|     -|        -|        -|    -|
|Instance             |        -|     -|        -|        -|    -|
|Memory               |        -|     -|        -|        -|    -|
|Multiplexer          |        -|     -|        0|       90|    -|
|Register             |        -|     -|      375|       64|    -|
+---------------------+---------+------+---------+---------+-----+
|Total                |        0|     0|      375|      498|    0|
+---------------------+---------+------+---------+---------+-----+
|Available SLR        |     1344|  3008|   869120|   434560|  320|
+---------------------+---------+------+---------+---------+-----+
|Utilization SLR (%)  |        0|     0|       ~0|       ~0|    0|
+---------------------+---------+------+---------+---------+-----+
|Available            |     4032|  9024|  2607360|  1303680|  960|
+---------------------+---------+------+---------+---------+-----+
|Utilization (%)      |        0|     0|       ~0|       ~0|    0|
+---------------------+---------+------+---------+---------+-----+

+ Detail: 
    * Instance: 
    N/A

    * DSP: 
    N/A

    * Memory: 
    N/A

    * FIFO: 
    N/A

    * Expression: 
    +---------------------------+----------+----+---+----+------------+------------+
    |       Variable Name       | Operation| DSP| FF| LUT| Bitwidth P0| Bitwidth P1|
    +---------------------------+----------+----+---+----+------------+------------+
    |add_ln100_fu_392_p2        |         +|   0|  0|  20|          13|           1|
    |add_ln101_fu_491_p2        |         +|   0|  0|  24|          17|          17|
    |add_ln97_1_fu_307_p2       |         +|   0|  0|  10|           3|           1|
    |add_ln97_2_fu_295_p2       |         +|   0|  0|  27|          20|           1|
    |add_ln97_fu_377_p2         |         +|   0|  0|  71|          64|          64|
    |add_ln99_1_fu_398_p2       |         +|   0|  0|  26|          19|           1|
    |add_ln99_fu_442_p2         |         +|   0|  0|  13|           6|           1|
    |and_ln97_fu_331_p2         |       and|   0|  0|   2|           1|           1|
    |ap_block_state3_io         |       and|   0|  0|   2|           1|           1|
    |first_iter_0_fu_359_p2     |      icmp|   0|  0|  20|          13|           1|
    |icmp_ln100_fu_325_p2       |      icmp|   0|  0|  21|          13|          14|
    |icmp_ln97_fu_289_p2        |      icmp|   0|  0|  27|          20|          20|
    |icmp_ln99_fu_313_p2        |      icmp|   0|  0|  26|          19|          18|
    |ap_block_pp0_stage0_11001  |        or|   0|  0|   2|           1|           1|
    |empty_2310_fu_345_p2       |        or|   0|  0|   2|           1|           1|
    |select_ln97_1_fu_337_p3    |    select|   0|  0|   3|           1|           3|
    |select_ln97_fu_435_p3      |    select|   0|  0|   6|           1|           1|
    |select_ln99_1_fu_404_p3    |    select|   0|  0|  19|           1|           1|
    |select_ln99_fu_448_p3      |    select|   0|  0|   6|           1|           6|
    |t_mid2_fu_351_p3           |    select|   0|  0|  13|           1|           1|
    |ap_enable_pp0              |       xor|   0|  0|   2|           1|           2|
    |xor_ln97_fu_319_p2         |       xor|   0|  0|   2|           1|           2|
    +---------------------------+----------+----+---+----+------------+------------+
    |Total                      |          |   0|  0| 344|         218|         159|
    +---------------------------+----------+----+---+----+------------+------------+

    * Multiplexer: 
    +-------------------------+----+-----------+-----+-----------+
    |           Name          | LUT| Input Size| Bits| Total Bits|
    +-------------------------+----+-----------+-----+-----------+
    |ap_done_int              |   9|          2|    1|          2|
    |ap_enable_reg_pp0_iter1  |   9|          2|    1|          2|
    |ap_enable_reg_pp0_iter2  |   9|          2|    1|          2|
    |b_fu_120                 |   9|          2|    6|         12|
    |gmem0_blk_n_AR           |   9|          2|    1|          2|
    |gmem0_blk_n_R            |   9|          2|    1|          2|
    |indvar_flatten12_fu_132  |   9|          2|   20|         40|
    |indvar_flatten_fu_124    |   9|          2|   19|         38|
    |l_fu_128                 |   9|          2|    3|          6|
    |t_fu_116                 |   9|          2|   13|         26|
    +-------------------------+----+-----------+-----+-----------+
    |Total                    |  90|         20|   66|        132|
    +-------------------------+----+-----------+-----+-----------+

    * Register: 
    +-----------------------------------+----+----+-----+-----------+
    |                Name               | FF | LUT| Bits| Const Bits|
    +-----------------------------------+----+----+-----+-----------+
    |add_ln101_reg_596                  |  17|   0|   17|          0|
    |and_ln97_reg_562                   |   1|   0|    1|          0|
    |ap_CS_fsm                          |   1|   0|    1|          0|
    |ap_done_reg                        |   1|   0|    1|          0|
    |ap_enable_reg_pp0_iter1            |   1|   0|    1|          0|
    |ap_enable_reg_pp0_iter10           |   1|   0|    1|          0|
    |ap_enable_reg_pp0_iter11           |   1|   0|    1|          0|
    |ap_enable_reg_pp0_iter2            |   1|   0|    1|          0|
    |ap_enable_reg_pp0_iter3            |   1|   0|    1|          0|
    |ap_enable_reg_pp0_iter4            |   1|   0|    1|          0|
    |ap_enable_reg_pp0_iter5            |   1|   0|    1|          0|
    |ap_enable_reg_pp0_iter6            |   1|   0|    1|          0|
    |ap_enable_reg_pp0_iter7            |   1|   0|    1|          0|
    |ap_enable_reg_pp0_iter8            |   1|   0|    1|          0|
    |ap_enable_reg_pp0_iter9            |   1|   0|    1|          0|
    |ap_loop_exit_ready_pp0_iter10_reg  |   1|   0|    1|          0|
    |ap_loop_exit_ready_pp0_iter2_reg   |   1|   0|    1|          0|
    |ap_loop_exit_ready_pp0_iter3_reg   |   1|   0|    1|          0|
    |ap_loop_exit_ready_pp0_iter4_reg   |   1|   0|    1|          0|
    |ap_loop_exit_ready_pp0_iter5_reg   |   1|   0|    1|          0|
    |ap_loop_exit_ready_pp0_iter6_reg   |   1|   0|    1|          0|
    |ap_loop_exit_ready_pp0_iter7_reg   |   1|   0|    1|          0|
    |ap_loop_exit_ready_pp0_iter8_reg   |   1|   0|    1|          0|
    |ap_loop_exit_ready_pp0_iter9_reg   |   1|   0|    1|          0|
    |b_fu_120                           |   6|   0|    6|          0|
    |first_iter_0_reg_577               |   1|   0|    1|          0|
    |gmem0_addr_read_reg_601            |  64|   0|   64|          0|
    |icmp_ln99_reg_557                  |   1|   0|    1|          0|
    |indvar_flatten12_fu_132            |  20|   0|   20|          0|
    |indvar_flatten_fu_124              |  19|   0|   19|          0|
    |l_fu_128                           |   3|   0|    3|          0|
    |p_cast_reg_581                     |  61|   0|   61|          0|
    |select_ln97_1_reg_567              |   3|   0|    3|          0|
    |t_fu_116                           |  13|   0|   13|          0|
    |t_mid2_reg_572                     |  13|   0|   13|          0|
    |trunc_ln99_reg_592                 |   3|   0|    3|          0|
    |add_ln101_reg_596                  |  64|  32|   17|          0|
    |trunc_ln99_reg_592                 |  64|  32|    3|          0|
    +-----------------------------------+----+----+-----+-----------+
    |Total                              | 375|  64|  267|          0|
    +-----------------------------------+----+----+-----+-----------+



================================================================
== Interface
================================================================
* Summary: 
+-----------------------------------+-----+-----+------------+--------------------------------------------------------------------+--------------+
|             RTL Ports             | Dir | Bits|  Protocol  |                            Source Object                           |    C Type    |
+-----------------------------------+-----+-----+------------+--------------------------------------------------------------------+--------------+
|ap_clk                             |   in|    1|  ap_ctrl_hs|  Top_Pipeline_init_NTTTwiddle_Loop_VITIS_LOOP_99_1_VITIS_LOOP_100_2|  return value|
|ap_rst                             |   in|    1|  ap_ctrl_hs|  Top_Pipeline_init_NTTTwiddle_Loop_VITIS_LOOP_99_1_VITIS_LOOP_100_2|  return value|
|ap_start                           |   in|    1|  ap_ctrl_hs|  Top_Pipeline_init_NTTTwiddle_Loop_VITIS_LOOP_99_1_VITIS_LOOP_100_2|  return value|
|ap_done                            |  out|    1|  ap_ctrl_hs|  Top_Pipeline_init_NTTTwiddle_Loop_VITIS_LOOP_99_1_VITIS_LOOP_100_2|  return value|
|ap_idle                            |  out|    1|  ap_ctrl_hs|  Top_Pipeline_init_NTTTwiddle_Loop_VITIS_LOOP_99_1_VITIS_LOOP_100_2|  return value|
|ap_ready                           |  out|    1|  ap_ctrl_hs|  Top_Pipeline_init_NTTTwiddle_Loop_VITIS_LOOP_99_1_VITIS_LOOP_100_2|  return value|
|m_axi_gmem0_AWVALID                |  out|    1|       m_axi|                                                               gmem0|       pointer|
|m_axi_gmem0_AWREADY                |   in|    1|       m_axi|                                                               gmem0|       pointer|
|m_axi_gmem0_AWADDR                 |  out|   64|       m_axi|                                                               gmem0|       pointer|
|m_axi_gmem0_AWID                   |  out|    1|       m_axi|                                                               gmem0|       pointer|
|m_axi_gmem0_AWLEN                  |  out|   32|       m_axi|                                                               gmem0|       pointer|
|m_axi_gmem0_AWSIZE                 |  out|    3|       m_axi|                                                               gmem0|       pointer|
|m_axi_gmem0_AWBURST                |  out|    2|       m_axi|                                                               gmem0|       pointer|
|m_axi_gmem0_AWLOCK                 |  out|    2|       m_axi|                                                               gmem0|       pointer|
|m_axi_gmem0_AWCACHE                |  out|    4|       m_axi|                                                               gmem0|       pointer|
|m_axi_gmem0_AWPROT                 |  out|    3|       m_axi|                                                               gmem0|       pointer|
|m_axi_gmem0_AWQOS                  |  out|    4|       m_axi|                                                               gmem0|       pointer|
|m_axi_gmem0_AWREGION               |  out|    4|       m_axi|                                                               gmem0|       pointer|
|m_axi_gmem0_AWUSER                 |  out|    1|       m_axi|                                                               gmem0|       pointer|
|m_axi_gmem0_WVALID                 |  out|    1|       m_axi|                                                               gmem0|       pointer|
|m_axi_gmem0_WREADY                 |   in|    1|       m_axi|                                                               gmem0|       pointer|
|m_axi_gmem0_WDATA                  |  out|   64|       m_axi|                                                               gmem0|       pointer|
|m_axi_gmem0_WSTRB                  |  out|    8|       m_axi|                                                               gmem0|       pointer|
|m_axi_gmem0_WLAST                  |  out|    1|       m_axi|                                                               gmem0|       pointer|
|m_axi_gmem0_WID                    |  out|    1|       m_axi|                                                               gmem0|       pointer|
|m_axi_gmem0_WUSER                  |  out|    1|       m_axi|                                                               gmem0|       pointer|
|m_axi_gmem0_ARVALID                |  out|    1|       m_axi|                                                               gmem0|       pointer|
|m_axi_gmem0_ARREADY                |   in|    1|       m_axi|                                                               gmem0|       pointer|
|m_axi_gmem0_ARADDR                 |  out|   64|       m_axi|                                                               gmem0|       pointer|
|m_axi_gmem0_ARID                   |  out|    1|       m_axi|                                                               gmem0|       pointer|
|m_axi_gmem0_ARLEN                  |  out|   32|       m_axi|                                                               gmem0|       pointer|
|m_axi_gmem0_ARSIZE                 |  out|    3|       m_axi|                                                               gmem0|       pointer|
|m_axi_gmem0_ARBURST                |  out|    2|       m_axi|                                                               gmem0|       pointer|
|m_axi_gmem0_ARLOCK                 |  out|    2|       m_axi|                                                               gmem0|       pointer|
|m_axi_gmem0_ARCACHE                |  out|    4|       m_axi|                                                               gmem0|       pointer|
|m_axi_gmem0_ARPROT                 |  out|    3|       m_axi|                                                               gmem0|       pointer|
|m_axi_gmem0_ARQOS                  |  out|    4|       m_axi|                                                               gmem0|       pointer|
|m_axi_gmem0_ARREGION               |  out|    4|       m_axi|                                                               gmem0|       pointer|
|m_axi_gmem0_ARUSER                 |  out|    1|       m_axi|                                                               gmem0|       pointer|
|m_axi_gmem0_RVALID                 |   in|    1|       m_axi|                                                               gmem0|       pointer|
|m_axi_gmem0_RREADY                 |  out|    1|       m_axi|                                                               gmem0|       pointer|
|m_axi_gmem0_RDATA                  |   in|   64|       m_axi|                                                               gmem0|       pointer|
|m_axi_gmem0_RLAST                  |   in|    1|       m_axi|                                                               gmem0|       pointer|
|m_axi_gmem0_RID                    |   in|    1|       m_axi|                                                               gmem0|       pointer|
|m_axi_gmem0_RFIFONUM               |   in|    9|       m_axi|                                                               gmem0|       pointer|
|m_axi_gmem0_RUSER                  |   in|    1|       m_axi|                                                               gmem0|       pointer|
|m_axi_gmem0_RRESP                  |   in|    2|       m_axi|                                                               gmem0|       pointer|
|m_axi_gmem0_BVALID                 |   in|    1|       m_axi|                                                               gmem0|       pointer|
|m_axi_gmem0_BREADY                 |  out|    1|       m_axi|                                                               gmem0|       pointer|
|m_axi_gmem0_BRESP                  |   in|    2|       m_axi|                                                               gmem0|       pointer|
|m_axi_gmem0_BID                    |   in|    1|       m_axi|                                                               gmem0|       pointer|
|m_axi_gmem0_BUSER                  |   in|    1|       m_axi|                                                               gmem0|       pointer|
|mem_in1                            |   in|   64|     ap_none|                                                             mem_in1|        scalar|
|p_ZL16NTTTwiddleFactor_0_address0  |  out|   17|   ap_memory|                                            p_ZL16NTTTwiddleFactor_0|         array|
|p_ZL16NTTTwiddleFactor_0_ce0       |  out|    1|   ap_memory|                                            p_ZL16NTTTwiddleFactor_0|         array|
|p_ZL16NTTTwiddleFactor_0_we0       |  out|    1|   ap_memory|                                            p_ZL16NTTTwiddleFactor_0|         array|
|p_ZL16NTTTwiddleFactor_0_d0        |  out|   64|   ap_memory|                                            p_ZL16NTTTwiddleFactor_0|         array|
|p_ZL16NTTTwiddleFactor_1_address0  |  out|   17|   ap_memory|                                            p_ZL16NTTTwiddleFactor_1|         array|
|p_ZL16NTTTwiddleFactor_1_ce0       |  out|    1|   ap_memory|                                            p_ZL16NTTTwiddleFactor_1|         array|
|p_ZL16NTTTwiddleFactor_1_we0       |  out|    1|   ap_memory|                                            p_ZL16NTTTwiddleFactor_1|         array|
|p_ZL16NTTTwiddleFactor_1_d0        |  out|   64|   ap_memory|                                            p_ZL16NTTTwiddleFactor_1|         array|
|p_ZL16NTTTwiddleFactor_2_address0  |  out|   17|   ap_memory|                                            p_ZL16NTTTwiddleFactor_2|         array|
|p_ZL16NTTTwiddleFactor_2_ce0       |  out|    1|   ap_memory|                                            p_ZL16NTTTwiddleFactor_2|         array|
|p_ZL16NTTTwiddleFactor_2_we0       |  out|    1|   ap_memory|                                            p_ZL16NTTTwiddleFactor_2|         array|
|p_ZL16NTTTwiddleFactor_2_d0        |  out|   64|   ap_memory|                                            p_ZL16NTTTwiddleFactor_2|         array|
|p_ZL16NTTTwiddleFactor_3_address0  |  out|   17|   ap_memory|                                            p_ZL16NTTTwiddleFactor_3|         array|
|p_ZL16NTTTwiddleFactor_3_ce0       |  out|    1|   ap_memory|                                            p_ZL16NTTTwiddleFactor_3|         array|
|p_ZL16NTTTwiddleFactor_3_we0       |  out|    1|   ap_memory|                                            p_ZL16NTTTwiddleFactor_3|         array|
|p_ZL16NTTTwiddleFactor_3_d0        |  out|   64|   ap_memory|                                            p_ZL16NTTTwiddleFactor_3|         array|
|p_ZL16NTTTwiddleFactor_4_address0  |  out|   17|   ap_memory|                                            p_ZL16NTTTwiddleFactor_4|         array|
|p_ZL16NTTTwiddleFactor_4_ce0       |  out|    1|   ap_memory|                                            p_ZL16NTTTwiddleFactor_4|         array|
|p_ZL16NTTTwiddleFactor_4_we0       |  out|    1|   ap_memory|                                            p_ZL16NTTTwiddleFactor_4|         array|
|p_ZL16NTTTwiddleFactor_4_d0        |  out|   64|   ap_memory|                                            p_ZL16NTTTwiddleFactor_4|         array|
|p_ZL16NTTTwiddleFactor_5_address0  |  out|   17|   ap_memory|                                            p_ZL16NTTTwiddleFactor_5|         array|
|p_ZL16NTTTwiddleFactor_5_ce0       |  out|    1|   ap_memory|                                            p_ZL16NTTTwiddleFactor_5|         array|
|p_ZL16NTTTwiddleFactor_5_we0       |  out|    1|   ap_memory|                                            p_ZL16NTTTwiddleFactor_5|         array|
|p_ZL16NTTTwiddleFactor_5_d0        |  out|   64|   ap_memory|                                            p_ZL16NTTTwiddleFactor_5|         array|
|p_ZL16NTTTwiddleFactor_6_address0  |  out|   17|   ap_memory|                                            p_ZL16NTTTwiddleFactor_6|         array|
|p_ZL16NTTTwiddleFactor_6_ce0       |  out|    1|   ap_memory|                                            p_ZL16NTTTwiddleFactor_6|         array|
|p_ZL16NTTTwiddleFactor_6_we0       |  out|    1|   ap_memory|                                            p_ZL16NTTTwiddleFactor_6|         array|
|p_ZL16NTTTwiddleFactor_6_d0        |  out|   64|   ap_memory|                                            p_ZL16NTTTwiddleFactor_6|         array|
|p_ZL16NTTTwiddleFactor_7_address0  |  out|   17|   ap_memory|                                            p_ZL16NTTTwiddleFactor_7|         array|
|p_ZL16NTTTwiddleFactor_7_ce0       |  out|    1|   ap_memory|                                            p_ZL16NTTTwiddleFactor_7|         array|
|p_ZL16NTTTwiddleFactor_7_we0       |  out|    1|   ap_memory|                                            p_ZL16NTTTwiddleFactor_7|         array|
|p_ZL16NTTTwiddleFactor_7_d0        |  out|   64|   ap_memory|                                            p_ZL16NTTTwiddleFactor_7|         array|
+-----------------------------------+-----+-----+------------+--------------------------------------------------------------------+--------------+

